[0.101s] DEBUG:colcon:Command line arguments: ['/usr/bin/colcon', 'build', '--packages-select', 'orion']
[0.101s] DEBUG:colcon:Parsed command line arguments: Namespace(log_base=None, log_level=None, verb_name='build', build_base='build', install_base='install', merge_install=False, symlink_install=False, test_result_base=None, continue_on_error=False, executor='parallel', parallel_workers=8, event_handlers=None, ignore_user_meta=False, metas=['./colcon.meta'], base_paths=['.'], packages_ignore=None, packages_ignore_regex=None, paths=None, packages_up_to=None, packages_up_to_regex=None, packages_above=None, packages_above_and_dependencies=None, packages_above_depth=None, packages_select_by_dep=None, packages_skip_by_dep=None, packages_skip_up_to=None, packages_select_build_failed=False, packages_skip_build_finished=False, packages_select_test_failures=False, packages_skip_test_passed=False, packages_select=['orion'], packages_skip=None, packages_select_regex=None, packages_skip_regex=None, packages_start=None, packages_end=None, allow_overriding=[], cmake_args=None, cmake_target=None, cmake_target_skip_unavailable=False, cmake_clean_cache=False, cmake_clean_first=False, cmake_force_configure=False, ament_cmake_args=None, catkin_cmake_args=None, catkin_skip_building_tests=False, mixin_files=None, mixin=None, verb_parser=<colcon_mixin.mixin.mixin_argument.MixinArgumentDecorator object at 0x7a5a66e5aa10>, verb_extension=<colcon_core.verb.build.BuildVerb object at 0x7a5a66f73940>, main=<bound method BuildVerb.main of <colcon_core.verb.build.BuildVerb object at 0x7a5a66f73940>>, mixin_verb=('build',))
[0.227s] Level 1:colcon.colcon_core.package_discovery:discover_packages(colcon_meta) check parameters
[0.227s] Level 1:colcon.colcon_core.package_discovery:discover_packages(recursive) check parameters
[0.227s] Level 1:colcon.colcon_core.package_discovery:discover_packages(ignore) check parameters
[0.227s] Level 1:colcon.colcon_core.package_discovery:discover_packages(path) check parameters
[0.227s] Level 1:colcon.colcon_core.package_discovery:discover_packages(colcon_meta) discover
[0.227s] Level 1:colcon.colcon_core.package_discovery:discover_packages(recursive) discover
[0.227s] INFO:colcon.colcon_core.package_discovery:Crawling recursively for packages in '/home/huzy/My_OrionManipulator'
[0.227s] Level 1:colcon.colcon_core.package_identification:_identify(.) by extensions ['ignore', 'ignore_ament_install']
[0.227s] Level 1:colcon.colcon_core.package_identification:_identify(.) by extension 'ignore'
[0.227s] Level 1:colcon.colcon_core.package_identification:_identify(.) by extension 'ignore_ament_install'
[0.227s] Level 1:colcon.colcon_core.package_identification:_identify(.) by extensions ['colcon_pkg']
[0.227s] Level 1:colcon.colcon_core.package_identification:_identify(.) by extension 'colcon_pkg'
[0.227s] Level 1:colcon.colcon_core.package_identification:_identify(.) by extensions ['colcon_meta']
[0.227s] Level 1:colcon.colcon_core.package_identification:_identify(.) by extension 'colcon_meta'
[0.228s] Level 1:colcon.colcon_core.package_identification:_identify(.) by extensions ['ros']
[0.228s] Level 1:colcon.colcon_core.package_identification:_identify(.) by extension 'ros'
[0.247s] DEBUG:colcon.colcon_core.package_identification:Package '.' with type 'ros.ament_cmake' and name 'orion'
[0.247s] Level 1:colcon.colcon_core.package_discovery:discover_packages(recursive) using defaults
[0.247s] Level 1:colcon.colcon_core.package_discovery:discover_packages(ignore) discover
[0.247s] Level 1:colcon.colcon_core.package_discovery:discover_packages(ignore) using defaults
[0.247s] Level 1:colcon.colcon_core.package_discovery:discover_packages(path) discover
[0.247s] Level 1:colcon.colcon_core.package_discovery:discover_packages(path) using defaults
[0.260s] Level 1:colcon.colcon_core.package_discovery:discover_packages(prefix_path) check parameters
[0.260s] Level 1:colcon.colcon_core.package_discovery:discover_packages(prefix_path) discover
[0.262s] DEBUG:colcon.colcon_installed_package_information.package_discovery:Found 428 installed packages in /opt/ros/humble
[0.265s] Level 1:colcon.colcon_core.package_discovery:discover_packages(prefix_path) using defaults
[0.297s] Level 5:colcon.colcon_core.verb:set package 'orion' build argument 'cmake_args' from command line to 'None'
[0.298s] Level 5:colcon.colcon_core.verb:set package 'orion' build argument 'cmake_target' from command line to 'None'
[0.298s] Level 5:colcon.colcon_core.verb:set package 'orion' build argument 'cmake_target_skip_unavailable' from command line to 'False'
[0.298s] Level 5:colcon.colcon_core.verb:set package 'orion' build argument 'cmake_clean_cache' from command line to 'False'
[0.298s] Level 5:colcon.colcon_core.verb:set package 'orion' build argument 'cmake_clean_first' from command line to 'False'
[0.298s] Level 5:colcon.colcon_core.verb:set package 'orion' build argument 'cmake_force_configure' from command line to 'False'
[0.298s] Level 5:colcon.colcon_core.verb:set package 'orion' build argument 'ament_cmake_args' from command line to 'None'
[0.298s] Level 5:colcon.colcon_core.verb:set package 'orion' build argument 'catkin_cmake_args' from command line to 'None'
[0.298s] Level 5:colcon.colcon_core.verb:set package 'orion' build argument 'catkin_skip_building_tests' from command line to 'False'
[0.298s] DEBUG:colcon.colcon_core.verb:Building package 'orion' with the following arguments: {'ament_cmake_args': None, 'build_base': '/home/huzy/My_OrionManipulator/build/orion', 'catkin_cmake_args': None, 'catkin_skip_building_tests': False, 'cmake_args': None, 'cmake_clean_cache': False, 'cmake_clean_first': False, 'cmake_force_configure': False, 'cmake_target': None, 'cmake_target_skip_unavailable': False, 'install_base': '/home/huzy/My_OrionManipulator/install/orion', 'merge_install': False, 'path': '/home/huzy/My_OrionManipulator', 'symlink_install': False, 'test_result_base': None}
[0.298s] INFO:colcon.colcon_core.executor:Executing jobs using 'parallel' executor
[0.299s] DEBUG:colcon.colcon_parallel_executor.executor.parallel:run_until_complete
[0.299s] INFO:colcon.colcon_ros.task.ament_cmake.build:Building ROS package in '/home/huzy/My_OrionManipulator' with build type 'ament_cmake'
[0.300s] INFO:colcon.colcon_cmake.task.cmake.build:Building CMake package in '/home/huzy/My_OrionManipulator'
[0.301s] INFO:colcon.colcon_core.plugin_system:Skipping extension 'colcon_core.shell.bat': Not used on non-Windows systems
[0.301s] INFO:colcon.colcon_core.shell:Skip shell extension 'powershell' for command environment: Not usable outside of PowerShell
[0.301s] DEBUG:colcon.colcon_core.shell:Skip shell extension 'dsv' for command environment
[0.324s] DEBUG:colcon.colcon_core.event_handler.log_command:Invoking command in '/home/huzy/My_OrionManipulator/build/orion': CMAKE_PREFIX_PATH=/opt/ros/humble /usr/bin/cmake /home/huzy/My_OrionManipulator -DCMAKE_INSTALL_PREFIX=/home/huzy/My_OrionManipulator/install/orion
[1.223s] DEBUG:colcon.colcon_core.event_handler.log_command:Invoked command in '/home/huzy/My_OrionManipulator/build/orion' returned '0': CMAKE_PREFIX_PATH=/opt/ros/humble /usr/bin/cmake /home/huzy/My_OrionManipulator -DCMAKE_INSTALL_PREFIX=/home/huzy/My_OrionManipulator/install/orion
[1.224s] DEBUG:colcon.colcon_core.event_handler.log_command:Invoking command in '/home/huzy/My_OrionManipulator/build/orion': CMAKE_PREFIX_PATH=/opt/ros/humble /usr/bin/cmake --build /home/huzy/My_OrionManipulator/build/orion -- -j8 -l8
[1.422s] DEBUG:colcon.colcon_core.event_handler.log_command:Invoked command in '/home/huzy/My_OrionManipulator/build/orion' returned '0': CMAKE_PREFIX_PATH=/opt/ros/humble /usr/bin/cmake --build /home/huzy/My_OrionManipulator/build/orion -- -j8 -l8
[1.444s] DEBUG:colcon.colcon_core.event_handler.log_command:Invoking command in '/home/huzy/My_OrionManipulator/build/orion': CMAKE_PREFIX_PATH=/opt/ros/humble /usr/bin/cmake --install /home/huzy/My_OrionManipulator/build/orion
[1.464s] Level 1:colcon.colcon_core.environment:create_environment_scripts_only(orion)
[1.464s] DEBUG:colcon.colcon_core.event_handler.log_command:Invoked command in '/home/huzy/My_OrionManipulator/build/orion' returned '0': CMAKE_PREFIX_PATH=/opt/ros/humble /usr/bin/cmake --install /home/huzy/My_OrionManipulator/build/orion
[1.466s] Level 1:colcon.colcon_core.environment:checking '/home/huzy/My_OrionManipulator/install/orion' for CMake module files
[1.466s] Level 1:colcon.colcon_core.environment:checking '/home/huzy/My_OrionManipulator/install/orion' for CMake config files
[1.466s] Level 1:colcon.colcon_core.shell:create_environment_hook('orion', 'cmake_prefix_path')
[1.467s] INFO:colcon.colcon_core.shell:Creating environment hook '/home/huzy/My_OrionManipulator/install/orion/share/orion/hook/cmake_prefix_path.ps1'
[1.467s] INFO:colcon.colcon_core.shell:Creating environment descriptor '/home/huzy/My_OrionManipulator/install/orion/share/orion/hook/cmake_prefix_path.dsv'
[1.468s] INFO:colcon.colcon_core.shell:Creating environment hook '/home/huzy/My_OrionManipulator/install/orion/share/orion/hook/cmake_prefix_path.sh'
[1.469s] Level 1:colcon.colcon_core.environment:checking '/home/huzy/My_OrionManipulator/install/orion/lib'
[1.469s] Level 1:colcon.colcon_core.environment:checking '/home/huzy/My_OrionManipulator/install/orion/bin'
[1.469s] Level 1:colcon.colcon_core.environment:checking '/home/huzy/My_OrionManipulator/install/orion/lib/pkgconfig/orion.pc'
[1.469s] Level 1:colcon.colcon_core.environment:checking '/home/huzy/My_OrionManipulator/install/orion/lib/python3.10/site-packages'
[1.469s] Level 1:colcon.colcon_core.environment:checking '/home/huzy/My_OrionManipulator/install/orion/bin'
[1.470s] INFO:colcon.colcon_core.shell:Creating package script '/home/huzy/My_OrionManipulator/install/orion/share/orion/package.ps1'
[1.471s] INFO:colcon.colcon_core.shell:Creating package descriptor '/home/huzy/My_OrionManipulator/install/orion/share/orion/package.dsv'
[1.471s] INFO:colcon.colcon_core.shell:Creating package script '/home/huzy/My_OrionManipulator/install/orion/share/orion/package.sh'
[1.472s] INFO:colcon.colcon_core.shell:Creating package script '/home/huzy/My_OrionManipulator/install/orion/share/orion/package.bash'
[1.472s] INFO:colcon.colcon_core.shell:Creating package script '/home/huzy/My_OrionManipulator/install/orion/share/orion/package.zsh'
[1.473s] Level 1:colcon.colcon_core.environment:create_file_with_runtime_dependencies(/home/huzy/My_OrionManipulator/install/orion/share/colcon-core/packages/orion)
[1.473s] Level 1:colcon.colcon_core.environment:create_environment_scripts_only(orion)
[1.474s] Level 1:colcon.colcon_core.environment:checking '/home/huzy/My_OrionManipulator/install/orion' for CMake module files
[1.474s] Level 1:colcon.colcon_core.environment:checking '/home/huzy/My_OrionManipulator/install/orion' for CMake config files
[1.474s] Level 1:colcon.colcon_core.shell:create_environment_hook('orion', 'cmake_prefix_path')
[1.474s] INFO:colcon.colcon_core.shell:Creating environment hook '/home/huzy/My_OrionManipulator/install/orion/share/orion/hook/cmake_prefix_path.ps1'
[1.475s] INFO:colcon.colcon_core.shell:Creating environment descriptor '/home/huzy/My_OrionManipulator/install/orion/share/orion/hook/cmake_prefix_path.dsv'
[1.475s] INFO:colcon.colcon_core.shell:Creating environment hook '/home/huzy/My_OrionManipulator/install/orion/share/orion/hook/cmake_prefix_path.sh'
[1.476s] Level 1:colcon.colcon_core.environment:checking '/home/huzy/My_OrionManipulator/install/orion/lib'
[1.476s] Level 1:colcon.colcon_core.environment:checking '/home/huzy/My_OrionManipulator/install/orion/bin'
[1.476s] Level 1:colcon.colcon_core.environment:checking '/home/huzy/My_OrionManipulator/install/orion/lib/pkgconfig/orion.pc'
[1.476s] Level 1:colcon.colcon_core.environment:checking '/home/huzy/My_OrionManipulator/install/orion/lib/python3.10/site-packages'
[1.476s] Level 1:colcon.colcon_core.environment:checking '/home/huzy/My_OrionManipulator/install/orion/bin'
[1.476s] INFO:colcon.colcon_core.shell:Creating package script '/home/huzy/My_OrionManipulator/install/orion/share/orion/package.ps1'
[1.477s] INFO:colcon.colcon_core.shell:Creating package descriptor '/home/huzy/My_OrionManipulator/install/orion/share/orion/package.dsv'
[1.477s] INFO:colcon.colcon_core.shell:Creating package script '/home/huzy/My_OrionManipulator/install/orion/share/orion/package.sh'
[1.478s] INFO:colcon.colcon_core.shell:Creating package script '/home/huzy/My_OrionManipulator/install/orion/share/orion/package.bash'
[1.478s] INFO:colcon.colcon_core.shell:Creating package script '/home/huzy/My_OrionManipulator/install/orion/share/orion/package.zsh'
[1.478s] Level 1:colcon.colcon_core.environment:create_file_with_runtime_dependencies(/home/huzy/My_OrionManipulator/install/orion/share/colcon-core/packages/orion)
[1.479s] DEBUG:colcon.colcon_parallel_executor.executor.parallel:closing loop
[1.479s] DEBUG:colcon.colcon_parallel_executor.executor.parallel:loop closed
[1.479s] DEBUG:colcon.colcon_parallel_executor.executor.parallel:run_until_complete finished with '0'
[1.479s] DEBUG:colcon.colcon_core.event_reactor:joining thread
[1.486s] INFO:colcon.colcon_core.plugin_system:Skipping extension 'colcon_notification.desktop_notification.terminal_notifier': Not used on non-Darwin systems
[1.486s] INFO:colcon.colcon_core.plugin_system:Skipping extension 'colcon_notification.desktop_notification.win32': Not used on non-Windows systems
[1.486s] INFO:colcon.colcon_notification.desktop_notification:Sending desktop notification using 'notify2'
[1.502s] DEBUG:colcon.colcon_core.event_reactor:joined thread
[1.503s] INFO:colcon.colcon_core.shell:Creating prefix script '/home/huzy/My_OrionManipulator/install/local_setup.ps1'
[1.504s] INFO:colcon.colcon_core.shell:Creating prefix util module '/home/huzy/My_OrionManipulator/install/_local_setup_util_ps1.py'
[1.505s] INFO:colcon.colcon_core.shell:Creating prefix chain script '/home/huzy/My_OrionManipulator/install/setup.ps1'
[1.506s] INFO:colcon.colcon_core.shell:Creating prefix script '/home/huzy/My_OrionManipulator/install/local_setup.sh'
[1.507s] INFO:colcon.colcon_core.shell:Creating prefix util module '/home/huzy/My_OrionManipulator/install/_local_setup_util_sh.py'
[1.508s] INFO:colcon.colcon_core.shell:Creating prefix chain script '/home/huzy/My_OrionManipulator/install/setup.sh'
[1.509s] INFO:colcon.colcon_core.shell:Creating prefix script '/home/huzy/My_OrionManipulator/install/local_setup.bash'
[1.509s] INFO:colcon.colcon_core.shell:Creating prefix chain script '/home/huzy/My_OrionManipulator/install/setup.bash'
[1.510s] INFO:colcon.colcon_core.shell:Creating prefix script '/home/huzy/My_OrionManipulator/install/local_setup.zsh'
[1.511s] INFO:colcon.colcon_core.shell:Creating prefix chain script '/home/huzy/My_OrionManipulator/install/setup.zsh'
