[0.012s] Invoking command in '/home/huzy/My_OrionManipulator/build/orion': CMAKE_PREFIX_PATH=${CMAKE_PREFIX_PATH}:/opt/ros/humble /usr/bin/cmake --build /home/huzy/My_OrionManipulator/build/orion -- -j8 -l8
[0.057s] [35m[1mConsolidate compiler generated dependencies of target orion_mtc_node[0m
[0.079s] [ 50%] [32mBuilding CXX object CMakeFiles/orion_mtc_node.dir/src/orion_mtc_node.cpp.o[0m
[8.029s] [100%] [32m[1mLinking CXX executable orion_mtc_node[0m
[8.264s] [100%] Built target orion_mtc_node
[8.275s] Invoked command in '/home/huzy/My_OrionManipulator/build/orion' returned '0': CMAKE_PREFIX_PATH=${CMAKE_PREFIX_PATH}:/opt/ros/humble /usr/bin/cmake --build /home/huzy/My_OrionManipulator/build/orion -- -j8 -l8
[8.284s] Invoking command in '/home/huzy/My_OrionManipulator/build/orion': CMAKE_PREFIX_PATH=${CMAKE_PREFIX_PATH}:/opt/ros/humble /usr/bin/cmake --install /home/huzy/My_OrionManipulator/build/orion
[8.291s] -- Install configuration: "Release"
[8.291s] -- Up-to-date: /home/huzy/My_OrionManipulator/install/orion/share/orion/config
[8.291s] -- Up-to-date: /home/huzy/My_OrionManipulator/install/orion/share/orion/config/ompl_planning.yaml
[8.291s] -- Up-to-date: /home/huzy/My_OrionManipulator/install/orion/share/orion/config/sensors_3d.yaml
[8.291s] -- Up-to-date: /home/huzy/My_OrionManipulator/install/orion/share/orion/config/urdf.rviz
[8.291s] -- Up-to-date: /home/huzy/My_OrionManipulator/install/orion/share/orion/config/joint_limits.yaml
[8.292s] -- Up-to-date: /home/huzy/My_OrionManipulator/install/orion/share/orion/config/joint_names_orion.yaml
[8.292s] -- Up-to-date: /home/huzy/My_OrionManipulator/install/orion/share/orion/config/kinematics.yaml
[8.292s] -- Up-to-date: /home/huzy/My_OrionManipulator/install/orion/share/orion/config/orion.srdf
[8.292s] -- Up-to-date: /home/huzy/My_OrionManipulator/install/orion/share/orion/config/moveit_controllers.yaml
[8.292s] -- Up-to-date: /home/huzy/My_OrionManipulator/install/orion/share/orion/launch
[8.292s] -- Up-to-date: /home/huzy/My_OrionManipulator/install/orion/share/orion/launch/moveit_pybullet.launch.py
[8.292s] -- Up-to-date: /home/huzy/My_OrionManipulator/install/orion/share/orion/launch/mtc_grasp.launch.py
[8.292s] -- Up-to-date: /home/huzy/My_OrionManipulator/install/orion/share/orion/launch/moveit.rviz
[8.292s] -- Up-to-date: /home/huzy/My_OrionManipulator/install/orion/share/orion/meshes
[8.292s] -- Up-to-date: /home/huzy/My_OrionManipulator/install/orion/share/orion/meshes/Link4.STL
[8.292s] -- Up-to-date: /home/huzy/My_OrionManipulator/install/orion/share/orion/meshes/Link6.STL
[8.292s] -- Up-to-date: /home/huzy/My_OrionManipulator/install/orion/share/orion/meshes/Link1.STL
[8.293s] -- Up-to-date: /home/huzy/My_OrionManipulator/install/orion/share/orion/meshes/base_link.STL
[8.293s] -- Up-to-date: /home/huzy/My_OrionManipulator/install/orion/share/orion/meshes/Link3.STL
[8.293s] -- Up-to-date: /home/huzy/My_OrionManipulator/install/orion/share/orion/meshes/Link2.STL
[8.293s] -- Up-to-date: /home/huzy/My_OrionManipulator/install/orion/share/orion/meshes/Link7.STL
[8.293s] -- Up-to-date: /home/huzy/My_OrionManipulator/install/orion/share/orion/meshes/Link5.STL
[8.293s] -- Up-to-date: /home/huzy/My_OrionManipulator/install/orion/share/orion/meshes/Link8.STL
[8.293s] -- Up-to-date: /home/huzy/My_OrionManipulator/install/orion/share/orion/urdf
[8.293s] -- Up-to-date: /home/huzy/My_OrionManipulator/install/orion/share/orion/urdf/orion.csv
[8.293s] -- Up-to-date: /home/huzy/My_OrionManipulator/install/orion/share/orion/urdf/orion.urdf
[8.293s] -- Up-to-date: /home/huzy/My_OrionManipulator/install/orion/share/orion/.setup_assistant
[8.293s] -- Up-to-date: /home/huzy/My_OrionManipulator/install/orion/lib/orion/pybullet_follow_joint_trajectory_server.py
[8.293s] -- Installing: /home/huzy/My_OrionManipulator/install/orion/lib/orion/orion_mtc_node
[8.293s] -- Set runtime path of "/home/huzy/My_OrionManipulator/install/orion/lib/orion/orion_mtc_node" to ""
[8.293s] -- Up-to-date: /home/huzy/My_OrionManipulator/install/orion/share/ament_index/resource_index/package_run_dependencies/orion
[8.293s] -- Up-to-date: /home/huzy/My_OrionManipulator/install/orion/share/ament_index/resource_index/parent_prefix_path/orion
[8.293s] -- Up-to-date: /home/huzy/My_OrionManipulator/install/orion/share/orion/environment/ament_prefix_path.sh
[8.293s] -- Up-to-date: /home/huzy/My_OrionManipulator/install/orion/share/orion/environment/ament_prefix_path.dsv
[8.293s] -- Up-to-date: /home/huzy/My_OrionManipulator/install/orion/share/orion/environment/path.sh
[8.293s] -- Up-to-date: /home/huzy/My_OrionManipulator/install/orion/share/orion/environment/path.dsv
[8.293s] -- Up-to-date: /home/huzy/My_OrionManipulator/install/orion/share/orion/local_setup.bash
[8.293s] -- Up-to-date: /home/huzy/My_OrionManipulator/install/orion/share/orion/local_setup.sh
[8.293s] -- Up-to-date: /home/huzy/My_OrionManipulator/install/orion/share/orion/local_setup.zsh
[8.293s] -- Up-to-date: /home/huzy/My_OrionManipulator/install/orion/share/orion/local_setup.dsv
[8.294s] -- Installing: /home/huzy/My_OrionManipulator/install/orion/share/orion/package.dsv
[8.294s] -- Up-to-date: /home/huzy/My_OrionManipulator/install/orion/share/ament_index/resource_index/packages/orion
[8.294s] -- Up-to-date: /home/huzy/My_OrionManipulator/install/orion/share/orion/cmake/orionConfig.cmake
[8.294s] -- Up-to-date: /home/huzy/My_OrionManipulator/install/orion/share/orion/cmake/orionConfig-version.cmake
[8.294s] -- Up-to-date: /home/huzy/My_OrionManipulator/install/orion/share/orion/package.xml
[8.295s] Invoked command in '/home/huzy/My_OrionManipulator/build/orion' returned '0': CMAKE_PREFIX_PATH=${CMAKE_PREFIX_PATH}:/opt/ros/humble /usr/bin/cmake --install /home/huzy/My_OrionManipulator/build/orion
