[0.000000] (-) TimerEvent: {}
[0.000409] (orion) JobQueued: {'identifier': 'orion', 'dependencies': OrderedDict()}
[0.000458] (orion) JobStarted: {'identifier': 'orion'}
[0.024347] (orion) JobProgress: {'identifier': 'orion', 'progress': 'cmake'}
[0.025174] (orion) JobProgress: {'identifier': 'orion', 'progress': 'build'}
[0.025821] (orion) Command: {'cmd': ['/usr/bin/cmake', '--build', '/home/huzy/My_OrionManipulator/build/orion', '--', '-j8', '-l8'], 'cwd': '/home/huzy/My_OrionManipulator/build/orion', 'env': OrderedDict([('LESSOPEN', '| /usr/bin/lesspipe %s'), ('VSCODE_CWD', '/home/huzy/Downloads'), ('CURSOR_EXTENSION_HOST_ROLE', 'agent-exec'), ('VSCODE_ESM_ENTRYPOINT', 'vs/workbench/api/node/extensionHostProcess'), ('LANGUAGE', 'zh_CN:en_AU:en_US:en'), ('USER', 'huzy'), ('LC_TIME', 'zh_CN.UTF-8'), ('VSCODE_NLS_CONFIG', '{"userLocale":"zh-cn","osLocale":"zh-cn","resolvedLanguage":"zh-cn","defaultMessagesFile":"/tmp/.mount_CursorZMftWu/usr/share/cursor/resources/app/out/nls.messages.json","languagePack":{"translationsConfigFile":"/home/huzy/.config/Cursor/clp/3bfb7f1471a52e527cfc1587dd57c7c1.zh-cn/tcf.json","messagesFile":"/home/huzy/.config/Cursor/clp/3bfb7f1471a52e527cfc1587dd57c7c1.zh-cn/7150844152b426ed50d2b68dd6b33b5c5beb73c0/nls.messages.json","corruptMarkerFile":"/home/huzy/.config/Cursor/clp/3bfb7f1471a52e527cfc1587dd57c7c1.zh-cn/corrupted.info"},"locale":"zh-cn","availableLanguages":{"*":"zh-cn"},"_languagePackId":"3bfb7f1471a52e527cfc1587dd57c7c1.zh-cn","_languagePackSupport":true,"_translationsConfigFile":"/home/huzy/.config/Cursor/clp/3bfb7f1471a52e527cfc1587dd57c7c1.zh-cn/tcf.json","_cacheRoot":"/home/huzy/.config/Cursor/clp/3bfb7f1471a52e527cfc1587dd57c7c1.zh-cn","_resolvedLanguagePackCoreLocation":"/home/huzy/.config/Cursor/clp/3bfb7f1471a52e527cfc1587dd57c7c1.zh-cn/7150844152b426ed50d2b68dd6b33b5c5beb73c0","_corruptedFile":"/home/huzy/.config/Cursor/clp/3bfb7f1471a52e527cfc1587dd57c7c1.zh-cn/corrupted.info"}'), ('CI', '1'), ('VSCODE_HANDLES_UNCAUGHT_ERRORS', 'true'), ('XDG_SESSION_TYPE', 'wayland'), ('SHLVL', '2'), ('LD_LIBRARY_PATH', '/tmp/.mount_CursorZMftWu/usr/lib/:/tmp/.mount_CursorZMftWu/usr/lib32/:/tmp/.mount_CursorZMftWu/usr/lib64/:/tmp/.mount_CursorZMftWu/lib/:/tmp/.mount_CursorZMftWu/lib/i386-linux-gnu/:/tmp/.mount_CursorZMftWu/lib/x86_64-linux-gnu/:/tmp/.mount_CursorZMftWu/lib/aarch64-linux-gnu/:/tmp/.mount_CursorZMftWu/lib32/:/tmp/.mount_CursorZMftWu/lib64/:/usr/lib/x86_64-linux-gnu/gazebo-11/plugins:/opt/ros/humble/opt/rviz_ogre_vendor/lib:/opt/ros/humble/lib/x86_64-linux-gnu:/opt/ros/humble/lib'), ('HOME', '/home/huzy'), ('CHROME_DESKTOP', 'cursor.desktop'), ('APPDIR', '/tmp/.mount_CursorZMftWu'), ('OLDPWD', '/home/huzy/My_OrionManipulator'), ('DESKTOP_SESSION', 'ubuntu'), ('PERLLIB', '/tmp/.mount_CursorZMftWu/usr/share/perl5/:/tmp/.mount_CursorZMftWu/usr/lib/perl5/:'), ('VSCODE_IPC_HOOK', '/run/user/1000/vscode-294d73a8-2.5.-main.sock'), ('ROS_PYTHON_VERSION', '3'), ('GNOME_SHELL_SESSION_MODE', 'ubuntu'), ('GTK_MODULES', 'gail:atk-bridge'), ('LC_MONETARY', 'zh_CN.UTF-8'), ('SYSTEMD_EXEC_PID', '1962'), ('IM_CONFIG_CHECK_ENV', '1'), ('NO_COLOR', '1'), ('DBUS_SESSION_BUS_ADDRESS', 'unix:path=/run/user/1000/bus'), ('COLORTERM', 'truecolor'), ('VSCODE_CRASH_REPORTER_PROCESS_TYPE', 'extensionHost'), ('IM_CONFIG_PHASE', '1'), ('WAYLAND_DISPLAY', 'wayland-0'), ('COLCON_PREFIX_PATH', '/home/huzy/My_OrionManipulator/install'), ('ROS_DISTRO', 'humble'), ('GTK_IM_MODULE', 'fcitx'), ('LOGNAME', 'huzy'), ('FORCE_COLOR', '0'), ('OWD', '/home/huzy/Downloads'), ('_', '/usr/bin/colcon'), ('ROS_VERSION', '2'), ('XDG_SESSION_CLASS', 'user'), ('USERNAME', 'huzy'), ('TERM', 'dumb'), ('GNOME_DESKTOP_SESSION_ID', 'this-is-deprecated'), ('FC_FONTATIONS', '1'), ('ROS_LOCALHOST_ONLY', '0'), ('PATH', '/home/huzy/.local/bin:/home/huzy/.local/bin:/tmp/.mount_CursorZMftWu/usr/bin/:/tmp/.mount_CursorZMftWu/usr/sbin/:/tmp/.mount_CursorZMftWu/usr/games/:/tmp/.mount_CursorZMftWu/bin/:/tmp/.mount_CursorZMftWu/sbin/:/opt/ros/humble/bin:/home/huzy/.local/bin:/usr/local/sbin:/usr/local/bin:/usr/sbin:/usr/bin:/sbin:/bin:/usr/games:/usr/local/games:/snap/bin:/snap/bin'), ('SESSION_MANAGER', 'local/huzy-virtual-machine:@/tmp/.ICE-unix/1772,unix/huzy-virtual-machine:/tmp/.ICE-unix/1772'), ('PAPERSIZE', 'a4'), ('APPIMAGE', '/home/huzy/Downloads/Cursor-1.4.5-x86_64.AppImage'), ('XDG_MENU_PREFIX', 'gnome-'), ('LC_ADDRESS', 'zh_CN.UTF-8'), ('VSCODE_PROCESS_TITLE', 'extension-host (agent-exec) [1-12]'), ('GNOME_TERMINAL_SCREEN', '/org/gnome/Terminal/screen/5867c502_f306_4b97_b7ce_869e3ab86c6d'), ('GNOME_SETUP_DISPLAY', ':1'), ('XDG_RUNTIME_DIR', '/run/user/1000'), ('GDK_BACKEND', 'wayland'), ('CURSOR_AGENT', '1'), ('DISPLAY', ':0'), ('LANG', 'zh_CN.UTF-8'), ('XDG_CURRENT_DESKTOP', 'ubuntu:GNOME'), ('LC_TELEPHONE', 'zh_CN.UTF-8'), ('XMODIFIERS', '@im=fcitx'), ('XDG_SESSION_DESKTOP', 'ubuntu'), ('XAUTHORITY', '/run/user/1000/.mutter-Xwaylandauth.6TNQL3'), ('LS_COLORS', ''), ('GNOME_TERMINAL_SERVICE', ':1.123'), ('CURSOR_TRACE_ID', '063d243d02124a50bb4d411afba42f00'), ('SSH_AGENT_LAUNCHER', 'gnome-keyring'), ('SSH_AUTH_SOCK', '/run/user/1000/keyring/ssh'), ('GSETTINGS_SCHEMA_DIR', '/tmp/.mount_CursorZMftWu/usr/share/glib-2.0/schemas/:'), ('AMENT_PREFIX_PATH', '/home/huzy/My_OrionManipulator/install/orion:/opt/ros/humble'), ('SHELL', '/bin/bash'), ('LC_NAME', 'zh_CN.UTF-8'), ('ARGV0', './Cursor-1.4.5-x86_64.AppImage'), ('QT_ACCESSIBILITY', '1'), ('GDMSESSION', 'ubuntu'), ('LESSCLOSE', '/usr/bin/lesspipe %s %s'), ('LC_MEASUREMENT', 'zh_CN.UTF-8'), ('LC_IDENTIFICATION', 'zh_CN.UTF-8'), ('QT_IM_MODULE', 'fcitx'), ('PWD', '/home/huzy/My_OrionManipulator/build/orion'), ('XDG_CONFIG_DIRS', '/etc/xdg/xdg-ubuntu:/etc/xdg'), ('VSCODE_CODE_CACHE_PATH', '/home/huzy/.config/Cursor/CachedData/7150844152b426ed50d2b68dd6b33b5c5beb73c0'), ('CLUTTER_IM_MODULE', 'fcitx'), ('XDG_DATA_DIRS', '/tmp/.mount_CursorZMftWu/usr/share/:/usr/local/share:/usr/share:/usr/share/ubuntu:/usr/local/share/:/usr/share/:/var/lib/snapd/desktop'), ('PYTHONPATH', '/opt/ros/humble/lib/python3.10/site-packages:/opt/ros/humble/local/lib/python3.10/dist-packages'), ('LC_NUMERIC', 'zh_CN.UTF-8'), ('LC_PAPER', 'zh_CN.UTF-8'), ('QT_PLUGIN_PATH', '/tmp/.mount_CursorZMftWu/usr/lib/qt4/plugins/:/tmp/.mount_CursorZMftWu/usr/lib/i386-linux-gnu/qt4/plugins/:/tmp/.mount_CursorZMftWu/usr/lib/x86_64-linux-gnu/qt4/plugins/:/tmp/.mount_CursorZMftWu/usr/lib/aarch64-linux-gnu/qt4/plugins/:/tmp/.mount_CursorZMftWu/usr/lib32/qt4/plugins/:/tmp/.mount_CursorZMftWu/usr/lib64/qt4/plugins/:/tmp/.mount_CursorZMftWu/usr/lib/qt5/plugins/:/tmp/.mount_CursorZMftWu/usr/lib/i386-linux-gnu/qt5/plugins/:/tmp/.mount_CursorZMftWu/usr/lib/x86_64-linux-gnu/qt5/plugins/:/tmp/.mount_CursorZMftWu/usr/lib/aarch64-linux-gnu/qt5/plugins/:/tmp/.mount_CursorZMftWu/usr/lib32/qt5/plugins/:/tmp/.mount_CursorZMftWu/usr/lib64/qt5/plugins/:'), ('COLCON', '1'), ('_ZO_DOCTOR', '0'), ('VTE_VERSION', '6800'), ('CMAKE_PREFIX_PATH', '/home/huzy/My_OrionManipulator/install/orion:/opt/ros/humble'), ('VSCODE_PID', '19069')]), 'shell': False}
[0.099524] (-) TimerEvent: {}
[0.153889] (orion) StdoutLine: {'line': b'Consolidate compiler generated dependencies of target orion_mtc_node\n'}
[0.196516] (orion) StdoutLine: {'line': b'[ 50%] Building CXX object CMakeFiles/orion_mtc_node.dir/src/orion_mtc_node.cpp.o\n'}
[0.199630] (-) TimerEvent: {}
[0.299884] (-) TimerEvent: {}
[0.400224] (-) TimerEvent: {}
[0.500512] (-) TimerEvent: {}
[0.600813] (-) TimerEvent: {}
[0.701158] (-) TimerEvent: {}
[0.801480] (-) TimerEvent: {}
[0.901811] (-) TimerEvent: {}
[1.002160] (-) TimerEvent: {}
[1.102496] (-) TimerEvent: {}
[1.202843] (-) TimerEvent: {}
[1.303221] (-) TimerEvent: {}
[1.403623] (-) TimerEvent: {}
[1.503929] (-) TimerEvent: {}
[1.604305] (-) TimerEvent: {}
[1.704652] (-) TimerEvent: {}
[1.804980] (-) TimerEvent: {}
[1.905311] (-) TimerEvent: {}
[2.005615] (-) TimerEvent: {}
[2.105913] (-) TimerEvent: {}
[2.206277] (-) TimerEvent: {}
[2.306598] (-) TimerEvent: {}
[2.410048] (-) TimerEvent: {}
[2.510378] (-) TimerEvent: {}
[2.610743] (-) TimerEvent: {}
[2.711041] (-) TimerEvent: {}
[2.811325] (-) TimerEvent: {}
[2.911658] (-) TimerEvent: {}
[3.012023] (-) TimerEvent: {}
[3.112370] (-) TimerEvent: {}
[3.212686] (-) TimerEvent: {}
[3.313121] (-) TimerEvent: {}
[3.413490] (-) TimerEvent: {}
[3.513988] (-) TimerEvent: {}
[3.614340] (-) TimerEvent: {}
[3.714678] (-) TimerEvent: {}
[3.815041] (-) TimerEvent: {}
[3.915371] (-) TimerEvent: {}
[4.015730] (-) TimerEvent: {}
[4.117389] (-) TimerEvent: {}
[4.217821] (-) TimerEvent: {}
[4.318165] (-) TimerEvent: {}
[4.418499] (-) TimerEvent: {}
[4.518788] (-) TimerEvent: {}
[4.619189] (-) TimerEvent: {}
[4.719639] (-) TimerEvent: {}
[4.819926] (-) TimerEvent: {}
[4.920406] (-) TimerEvent: {}
[5.020733] (-) TimerEvent: {}
[5.121033] (-) TimerEvent: {}
[5.221387] (-) TimerEvent: {}
[5.321696] (-) TimerEvent: {}
[5.421990] (-) TimerEvent: {}
[5.522349] (-) TimerEvent: {}
[5.622660] (-) TimerEvent: {}
[5.723012] (-) TimerEvent: {}
[5.823372] (-) TimerEvent: {}
[5.923714] (-) TimerEvent: {}
[6.024071] (-) TimerEvent: {}
[6.124390] (-) TimerEvent: {}
[6.224700] (-) TimerEvent: {}
[6.324986] (-) TimerEvent: {}
[6.425362] (-) TimerEvent: {}
[6.526068] (-) TimerEvent: {}
[6.626413] (-) TimerEvent: {}
[6.726729] (-) TimerEvent: {}
[6.827026] (-) TimerEvent: {}
[6.927335] (-) TimerEvent: {}
[7.027647] (-) TimerEvent: {}
[7.127966] (-) TimerEvent: {}
[7.228257] (-) TimerEvent: {}
[7.328597] (-) TimerEvent: {}
[7.428942] (-) TimerEvent: {}
[7.529295] (-) TimerEvent: {}
[7.629678] (-) TimerEvent: {}
[7.730141] (-) TimerEvent: {}
[7.830456] (-) TimerEvent: {}
[7.930814] (-) TimerEvent: {}
[8.031185] (-) TimerEvent: {}
[8.131593] (-) TimerEvent: {}
[8.231982] (-) TimerEvent: {}
[8.332297] (-) TimerEvent: {}
[8.432641] (-) TimerEvent: {}
[8.533022] (-) TimerEvent: {}
[8.633339] (-) TimerEvent: {}
[8.733646] (-) TimerEvent: {}
[8.834085] (-) TimerEvent: {}
[8.934385] (-) TimerEvent: {}
[9.034883] (-) TimerEvent: {}
[9.135297] (-) TimerEvent: {}
[9.235643] (-) TimerEvent: {}
[9.336000] (-) TimerEvent: {}
[9.436307] (-) TimerEvent: {}
[9.536637] (-) TimerEvent: {}
[9.636963] (-) TimerEvent: {}
[9.681382] (orion) StdoutLine: {'line': b'[100%] Linking CXX executable orion_mtc_node\n'}
[9.737115] (-) TimerEvent: {}
[9.837390] (-) TimerEvent: {}
[9.937693] (-) TimerEvent: {}
[10.018414] (orion) StdoutLine: {'line': b'[100%] Built target orion_mtc_node\n'}
[10.037866] (-) TimerEvent: {}
[10.040721] (orion) CommandEnded: {'returncode': 0}
[10.041616] (orion) JobProgress: {'identifier': 'orion', 'progress': 'install'}
[10.065863] (orion) Command: {'cmd': ['/usr/bin/cmake', '--install', '/home/huzy/My_OrionManipulator/build/orion'], 'cwd': '/home/huzy/My_OrionManipulator/build/orion', 'env': OrderedDict([('LESSOPEN', '| /usr/bin/lesspipe %s'), ('VSCODE_CWD', '/home/huzy/Downloads'), ('CURSOR_EXTENSION_HOST_ROLE', 'agent-exec'), ('VSCODE_ESM_ENTRYPOINT', 'vs/workbench/api/node/extensionHostProcess'), ('LANGUAGE', 'zh_CN:en_AU:en_US:en'), ('USER', 'huzy'), ('LC_TIME', 'zh_CN.UTF-8'), ('VSCODE_NLS_CONFIG', '{"userLocale":"zh-cn","osLocale":"zh-cn","resolvedLanguage":"zh-cn","defaultMessagesFile":"/tmp/.mount_CursorZMftWu/usr/share/cursor/resources/app/out/nls.messages.json","languagePack":{"translationsConfigFile":"/home/huzy/.config/Cursor/clp/3bfb7f1471a52e527cfc1587dd57c7c1.zh-cn/tcf.json","messagesFile":"/home/huzy/.config/Cursor/clp/3bfb7f1471a52e527cfc1587dd57c7c1.zh-cn/7150844152b426ed50d2b68dd6b33b5c5beb73c0/nls.messages.json","corruptMarkerFile":"/home/huzy/.config/Cursor/clp/3bfb7f1471a52e527cfc1587dd57c7c1.zh-cn/corrupted.info"},"locale":"zh-cn","availableLanguages":{"*":"zh-cn"},"_languagePackId":"3bfb7f1471a52e527cfc1587dd57c7c1.zh-cn","_languagePackSupport":true,"_translationsConfigFile":"/home/huzy/.config/Cursor/clp/3bfb7f1471a52e527cfc1587dd57c7c1.zh-cn/tcf.json","_cacheRoot":"/home/huzy/.config/Cursor/clp/3bfb7f1471a52e527cfc1587dd57c7c1.zh-cn","_resolvedLanguagePackCoreLocation":"/home/huzy/.config/Cursor/clp/3bfb7f1471a52e527cfc1587dd57c7c1.zh-cn/7150844152b426ed50d2b68dd6b33b5c5beb73c0","_corruptedFile":"/home/huzy/.config/Cursor/clp/3bfb7f1471a52e527cfc1587dd57c7c1.zh-cn/corrupted.info"}'), ('CI', '1'), ('VSCODE_HANDLES_UNCAUGHT_ERRORS', 'true'), ('XDG_SESSION_TYPE', 'wayland'), ('SHLVL', '2'), ('LD_LIBRARY_PATH', '/tmp/.mount_CursorZMftWu/usr/lib/:/tmp/.mount_CursorZMftWu/usr/lib32/:/tmp/.mount_CursorZMftWu/usr/lib64/:/tmp/.mount_CursorZMftWu/lib/:/tmp/.mount_CursorZMftWu/lib/i386-linux-gnu/:/tmp/.mount_CursorZMftWu/lib/x86_64-linux-gnu/:/tmp/.mount_CursorZMftWu/lib/aarch64-linux-gnu/:/tmp/.mount_CursorZMftWu/lib32/:/tmp/.mount_CursorZMftWu/lib64/:/usr/lib/x86_64-linux-gnu/gazebo-11/plugins:/opt/ros/humble/opt/rviz_ogre_vendor/lib:/opt/ros/humble/lib/x86_64-linux-gnu:/opt/ros/humble/lib'), ('HOME', '/home/huzy'), ('CHROME_DESKTOP', 'cursor.desktop'), ('APPDIR', '/tmp/.mount_CursorZMftWu'), ('OLDPWD', '/home/huzy/My_OrionManipulator'), ('DESKTOP_SESSION', 'ubuntu'), ('PERLLIB', '/tmp/.mount_CursorZMftWu/usr/share/perl5/:/tmp/.mount_CursorZMftWu/usr/lib/perl5/:'), ('VSCODE_IPC_HOOK', '/run/user/1000/vscode-294d73a8-2.5.-main.sock'), ('ROS_PYTHON_VERSION', '3'), ('GNOME_SHELL_SESSION_MODE', 'ubuntu'), ('GTK_MODULES', 'gail:atk-bridge'), ('LC_MONETARY', 'zh_CN.UTF-8'), ('SYSTEMD_EXEC_PID', '1962'), ('IM_CONFIG_CHECK_ENV', '1'), ('NO_COLOR', '1'), ('DBUS_SESSION_BUS_ADDRESS', 'unix:path=/run/user/1000/bus'), ('COLORTERM', 'truecolor'), ('VSCODE_CRASH_REPORTER_PROCESS_TYPE', 'extensionHost'), ('IM_CONFIG_PHASE', '1'), ('WAYLAND_DISPLAY', 'wayland-0'), ('COLCON_PREFIX_PATH', '/home/huzy/My_OrionManipulator/install'), ('ROS_DISTRO', 'humble'), ('GTK_IM_MODULE', 'fcitx'), ('LOGNAME', 'huzy'), ('FORCE_COLOR', '0'), ('OWD', '/home/huzy/Downloads'), ('_', '/usr/bin/colcon'), ('ROS_VERSION', '2'), ('XDG_SESSION_CLASS', 'user'), ('USERNAME', 'huzy'), ('TERM', 'dumb'), ('GNOME_DESKTOP_SESSION_ID', 'this-is-deprecated'), ('FC_FONTATIONS', '1'), ('ROS_LOCALHOST_ONLY', '0'), ('PATH', '/home/huzy/.local/bin:/home/huzy/.local/bin:/tmp/.mount_CursorZMftWu/usr/bin/:/tmp/.mount_CursorZMftWu/usr/sbin/:/tmp/.mount_CursorZMftWu/usr/games/:/tmp/.mount_CursorZMftWu/bin/:/tmp/.mount_CursorZMftWu/sbin/:/opt/ros/humble/bin:/home/huzy/.local/bin:/usr/local/sbin:/usr/local/bin:/usr/sbin:/usr/bin:/sbin:/bin:/usr/games:/usr/local/games:/snap/bin:/snap/bin'), ('SESSION_MANAGER', 'local/huzy-virtual-machine:@/tmp/.ICE-unix/1772,unix/huzy-virtual-machine:/tmp/.ICE-unix/1772'), ('PAPERSIZE', 'a4'), ('APPIMAGE', '/home/huzy/Downloads/Cursor-1.4.5-x86_64.AppImage'), ('XDG_MENU_PREFIX', 'gnome-'), ('LC_ADDRESS', 'zh_CN.UTF-8'), ('VSCODE_PROCESS_TITLE', 'extension-host (agent-exec) [1-12]'), ('GNOME_TERMINAL_SCREEN', '/org/gnome/Terminal/screen/5867c502_f306_4b97_b7ce_869e3ab86c6d'), ('GNOME_SETUP_DISPLAY', ':1'), ('XDG_RUNTIME_DIR', '/run/user/1000'), ('GDK_BACKEND', 'wayland'), ('CURSOR_AGENT', '1'), ('DISPLAY', ':0'), ('LANG', 'zh_CN.UTF-8'), ('XDG_CURRENT_DESKTOP', 'ubuntu:GNOME'), ('LC_TELEPHONE', 'zh_CN.UTF-8'), ('XMODIFIERS', '@im=fcitx'), ('XDG_SESSION_DESKTOP', 'ubuntu'), ('XAUTHORITY', '/run/user/1000/.mutter-Xwaylandauth.6TNQL3'), ('LS_COLORS', ''), ('GNOME_TERMINAL_SERVICE', ':1.123'), ('CURSOR_TRACE_ID', '063d243d02124a50bb4d411afba42f00'), ('SSH_AGENT_LAUNCHER', 'gnome-keyring'), ('SSH_AUTH_SOCK', '/run/user/1000/keyring/ssh'), ('GSETTINGS_SCHEMA_DIR', '/tmp/.mount_CursorZMftWu/usr/share/glib-2.0/schemas/:'), ('AMENT_PREFIX_PATH', '/home/huzy/My_OrionManipulator/install/orion:/opt/ros/humble'), ('SHELL', '/bin/bash'), ('LC_NAME', 'zh_CN.UTF-8'), ('ARGV0', './Cursor-1.4.5-x86_64.AppImage'), ('QT_ACCESSIBILITY', '1'), ('GDMSESSION', 'ubuntu'), ('LESSCLOSE', '/usr/bin/lesspipe %s %s'), ('LC_MEASUREMENT', 'zh_CN.UTF-8'), ('LC_IDENTIFICATION', 'zh_CN.UTF-8'), ('QT_IM_MODULE', 'fcitx'), ('PWD', '/home/huzy/My_OrionManipulator/build/orion'), ('XDG_CONFIG_DIRS', '/etc/xdg/xdg-ubuntu:/etc/xdg'), ('VSCODE_CODE_CACHE_PATH', '/home/huzy/.config/Cursor/CachedData/7150844152b426ed50d2b68dd6b33b5c5beb73c0'), ('CLUTTER_IM_MODULE', 'fcitx'), ('XDG_DATA_DIRS', '/tmp/.mount_CursorZMftWu/usr/share/:/usr/local/share:/usr/share:/usr/share/ubuntu:/usr/local/share/:/usr/share/:/var/lib/snapd/desktop'), ('PYTHONPATH', '/opt/ros/humble/lib/python3.10/site-packages:/opt/ros/humble/local/lib/python3.10/dist-packages'), ('LC_NUMERIC', 'zh_CN.UTF-8'), ('LC_PAPER', 'zh_CN.UTF-8'), ('QT_PLUGIN_PATH', '/tmp/.mount_CursorZMftWu/usr/lib/qt4/plugins/:/tmp/.mount_CursorZMftWu/usr/lib/i386-linux-gnu/qt4/plugins/:/tmp/.mount_CursorZMftWu/usr/lib/x86_64-linux-gnu/qt4/plugins/:/tmp/.mount_CursorZMftWu/usr/lib/aarch64-linux-gnu/qt4/plugins/:/tmp/.mount_CursorZMftWu/usr/lib32/qt4/plugins/:/tmp/.mount_CursorZMftWu/usr/lib64/qt4/plugins/:/tmp/.mount_CursorZMftWu/usr/lib/qt5/plugins/:/tmp/.mount_CursorZMftWu/usr/lib/i386-linux-gnu/qt5/plugins/:/tmp/.mount_CursorZMftWu/usr/lib/x86_64-linux-gnu/qt5/plugins/:/tmp/.mount_CursorZMftWu/usr/lib/aarch64-linux-gnu/qt5/plugins/:/tmp/.mount_CursorZMftWu/usr/lib32/qt5/plugins/:/tmp/.mount_CursorZMftWu/usr/lib64/qt5/plugins/:'), ('COLCON', '1'), ('_ZO_DOCTOR', '0'), ('VTE_VERSION', '6800'), ('CMAKE_PREFIX_PATH', '/home/huzy/My_OrionManipulator/install/orion:/opt/ros/humble'), ('VSCODE_PID', '19069')]), 'shell': False}
[10.083488] (orion) StdoutLine: {'line': b'-- Install configuration: "Release"\n'}
[10.084099] (orion) StdoutLine: {'line': b'-- Up-to-date: /home/huzy/My_OrionManipulator/install/orion/share/orion/config\n'}
[10.084202] (orion) StdoutLine: {'line': b'-- Up-to-date: /home/huzy/My_OrionManipulator/install/orion/share/orion/config/ompl_planning.yaml\n'}
[10.084243] (orion) StdoutLine: {'line': b'-- Up-to-date: /home/huzy/My_OrionManipulator/install/orion/share/orion/config/sensors_3d.yaml\n'}
[10.084279] (orion) StdoutLine: {'line': b'-- Up-to-date: /home/huzy/My_OrionManipulator/install/orion/share/orion/config/urdf.rviz\n'}
[10.084315] (orion) StdoutLine: {'line': b'-- Up-to-date: /home/huzy/My_OrionManipulator/install/orion/share/orion/config/joint_limits.yaml\n'}
[10.084350] (orion) StdoutLine: {'line': b'-- Up-to-date: /home/huzy/My_OrionManipulator/install/orion/share/orion/config/joint_names_orion.yaml\n'}
[10.084384] (orion) StdoutLine: {'line': b'-- Up-to-date: /home/huzy/My_OrionManipulator/install/orion/share/orion/config/kinematics.yaml\n'}
[10.084420] (orion) StdoutLine: {'line': b'-- Up-to-date: /home/huzy/My_OrionManipulator/install/orion/share/orion/config/orion.srdf\n'}
[10.084454] (orion) StdoutLine: {'line': b'-- Up-to-date: /home/huzy/My_OrionManipulator/install/orion/share/orion/config/moveit_controllers.yaml\n'}
[10.084490] (orion) StdoutLine: {'line': b'-- Up-to-date: /home/huzy/My_OrionManipulator/install/orion/share/orion/launch\n'}
[10.084525] (orion) StdoutLine: {'line': b'-- Up-to-date: /home/huzy/My_OrionManipulator/install/orion/share/orion/launch/moveit_pybullet.launch.py\n'}
[10.084671] (orion) StdoutLine: {'line': b'-- Up-to-date: /home/huzy/My_OrionManipulator/install/orion/share/orion/launch/mtc_grasp.launch.py\n'}
[10.085074] (orion) StdoutLine: {'line': b'-- Up-to-date: /home/huzy/My_OrionManipulator/install/orion/share/orion/launch/moveit.rviz\n'}
[10.085169] (orion) StdoutLine: {'line': b'-- Up-to-date: /home/huzy/My_OrionManipulator/install/orion/share/orion/meshes\n'}
[10.085233] (orion) StdoutLine: {'line': b'-- Up-to-date: /home/huzy/My_OrionManipulator/install/orion/share/orion/meshes/Link4.STL\n'}
[10.085290] (orion) StdoutLine: {'line': b'-- Up-to-date: /home/huzy/My_OrionManipulator/install/orion/share/orion/meshes/Link6.STL\n'}
[10.085347] (orion) StdoutLine: {'line': b'-- Up-to-date: /home/huzy/My_OrionManipulator/install/orion/share/orion/meshes/Link1.STL\n'}
[10.085402] (orion) StdoutLine: {'line': b'-- Up-to-date: /home/huzy/My_OrionManipulator/install/orion/share/orion/meshes/base_link.STL\n'}
[10.085457] (orion) StdoutLine: {'line': b'-- Up-to-date: /home/huzy/My_OrionManipulator/install/orion/share/orion/meshes/Link3.STL\n'}
[10.085513] (orion) StdoutLine: {'line': b'-- Up-to-date: /home/huzy/My_OrionManipulator/install/orion/share/orion/meshes/Link2.STL\n'}
[10.085568] (orion) StdoutLine: {'line': b'-- Up-to-date: /home/huzy/My_OrionManipulator/install/orion/share/orion/meshes/Link7.STL\n'}
[10.085623] (orion) StdoutLine: {'line': b'-- Up-to-date: /home/huzy/My_OrionManipulator/install/orion/share/orion/meshes/Link5.STL\n'}
[10.085676] (orion) StdoutLine: {'line': b'-- Up-to-date: /home/huzy/My_OrionManipulator/install/orion/share/orion/meshes/Link8.STL\n'}
[10.085744] (orion) StdoutLine: {'line': b'-- Up-to-date: /home/huzy/My_OrionManipulator/install/orion/share/orion/urdf\n'}
[10.085797] (orion) StdoutLine: {'line': b'-- Up-to-date: /home/huzy/My_OrionManipulator/install/orion/share/orion/urdf/orion.csv\n'}
[10.085849] (orion) StdoutLine: {'line': b'-- Up-to-date: /home/huzy/My_OrionManipulator/install/orion/share/orion/urdf/orion.urdf\n'}
[10.085907] (orion) StdoutLine: {'line': b'-- Up-to-date: /home/huzy/My_OrionManipulator/install/orion/share/orion/.setup_assistant\n'}
[10.085995] (orion) StdoutLine: {'line': b'-- Up-to-date: /home/huzy/My_OrionManipulator/install/orion/lib/orion/pybullet_follow_joint_trajectory_server.py\n'}
[10.086471] (orion) StdoutLine: {'line': b'-- Installing: /home/huzy/My_OrionManipulator/install/orion/lib/orion/orion_mtc_node\n'}
[10.087152] (orion) StdoutLine: {'line': b'-- Set runtime path of "/home/huzy/My_OrionManipulator/install/orion/lib/orion/orion_mtc_node" to ""\n'}
[10.087248] (orion) StdoutLine: {'line': b'-- Up-to-date: /home/huzy/My_OrionManipulator/install/orion/share/ament_index/resource_index/package_run_dependencies/orion\n'}
[10.087424] (orion) StdoutLine: {'line': b'-- Up-to-date: /home/huzy/My_OrionManipulator/install/orion/share/ament_index/resource_index/parent_prefix_path/orion\n'}
[10.087512] (orion) StdoutLine: {'line': b'-- Up-to-date: /home/huzy/My_OrionManipulator/install/orion/share/orion/environment/ament_prefix_path.sh\n'}
[10.087596] (orion) StdoutLine: {'line': b'-- Up-to-date: /home/huzy/My_OrionManipulator/install/orion/share/orion/environment/ament_prefix_path.dsv\n'}
[10.087678] (orion) StdoutLine: {'line': b'-- Up-to-date: /home/huzy/My_OrionManipulator/install/orion/share/orion/environment/path.sh\n'}
[10.087735] (orion) StdoutLine: {'line': b'-- Up-to-date: /home/huzy/My_OrionManipulator/install/orion/share/orion/environment/path.dsv\n'}
[10.087807] (orion) StdoutLine: {'line': b'-- Up-to-date: /home/huzy/My_OrionManipulator/install/orion/share/orion/local_setup.bash\n'}
[10.087871] (orion) StdoutLine: {'line': b'-- Up-to-date: /home/huzy/My_OrionManipulator/install/orion/share/orion/local_setup.sh\n'}
[10.088536] (orion) StdoutLine: {'line': b'-- Up-to-date: /home/huzy/My_OrionManipulator/install/orion/share/orion/local_setup.zsh\n'}
[10.088640] (orion) StdoutLine: {'line': b'-- Up-to-date: /home/huzy/My_OrionManipulator/install/orion/share/orion/local_setup.dsv\n'}
[10.088730] (orion) StdoutLine: {'line': b'-- Installing: /home/huzy/My_OrionManipulator/install/orion/share/orion/package.dsv\n'}
[10.088817] (orion) StdoutLine: {'line': b'-- Up-to-date: /home/huzy/My_OrionManipulator/install/orion/share/ament_index/resource_index/packages/orion\n'}
[10.088947] (orion) StdoutLine: {'line': b'-- Up-to-date: /home/huzy/My_OrionManipulator/install/orion/share/orion/cmake/orionConfig.cmake\n'}
[10.089037] (orion) StdoutLine: {'line': b'-- Up-to-date: /home/huzy/My_OrionManipulator/install/orion/share/orion/cmake/orionConfig-version.cmake\n'}
[10.089125] (orion) StdoutLine: {'line': b'-- Up-to-date: /home/huzy/My_OrionManipulator/install/orion/share/orion/package.xml\n'}
[10.089213] (orion) CommandEnded: {'returncode': 0}
[10.104813] (orion) JobEnded: {'identifier': 'orion', 'rc': 0}
[10.105665] (-) EventReactorShutdown: {}
