[0.100s] DEBUG:colcon:Command line arguments: ['/usr/bin/colcon', 'build', '--packages-select', 'orion']
[0.100s] DEBUG:colcon:Parsed command line arguments: Namespace(log_base=None, log_level=None, verb_name='build', build_base='build', install_base='install', merge_install=False, symlink_install=False, test_result_base=None, continue_on_error=False, executor='parallel', parallel_workers=8, event_handlers=None, ignore_user_meta=False, metas=['./colcon.meta'], base_paths=['.'], packages_ignore=None, packages_ignore_regex=None, paths=None, packages_up_to=None, packages_up_to_regex=None, packages_above=None, packages_above_and_dependencies=None, packages_above_depth=None, packages_select_by_dep=None, packages_skip_by_dep=None, packages_skip_up_to=None, packages_select_build_failed=False, packages_skip_build_finished=False, packages_select_test_failures=False, packages_skip_test_passed=False, packages_select=['orion'], packages_skip=None, packages_select_regex=None, packages_skip_regex=None, packages_start=None, packages_end=None, allow_overriding=[], cmake_args=None, cmake_target=None, cmake_target_skip_unavailable=False, cmake_clean_cache=False, cmake_clean_first=False, cmake_force_configure=False, ament_cmake_args=None, catkin_cmake_args=None, catkin_skip_building_tests=False, mixin_files=None, mixin=None, verb_parser=<colcon_mixin.mixin.mixin_argument.MixinArgumentDecorator object at 0x785ef1e629e0>, verb_extension=<colcon_core.verb.build.BuildVerb object at 0x785ef1f7f910>, main=<bound method BuildVerb.main of <colcon_core.verb.build.BuildVerb object at 0x785ef1f7f910>>, mixin_verb=('build',))
[0.235s] Level 1:colcon.colcon_core.package_discovery:discover_packages(colcon_meta) check parameters
[0.235s] Level 1:colcon.colcon_core.package_discovery:discover_packages(recursive) check parameters
[0.235s] Level 1:colcon.colcon_core.package_discovery:discover_packages(ignore) check parameters
[0.235s] Level 1:colcon.colcon_core.package_discovery:discover_packages(path) check parameters
[0.235s] Level 1:colcon.colcon_core.package_discovery:discover_packages(colcon_meta) discover
[0.235s] Level 1:colcon.colcon_core.package_discovery:discover_packages(recursive) discover
[0.235s] INFO:colcon.colcon_core.package_discovery:Crawling recursively for packages in '/home/huzy/My_OrionManipulator'
[0.236s] Level 1:colcon.colcon_core.package_identification:_identify(.) by extensions ['ignore', 'ignore_ament_install']
[0.236s] Level 1:colcon.colcon_core.package_identification:_identify(.) by extension 'ignore'
[0.236s] Level 1:colcon.colcon_core.package_identification:_identify(.) by extension 'ignore_ament_install'
[0.236s] Level 1:colcon.colcon_core.package_identification:_identify(.) by extensions ['colcon_pkg']
[0.236s] Level 1:colcon.colcon_core.package_identification:_identify(.) by extension 'colcon_pkg'
[0.236s] Level 1:colcon.colcon_core.package_identification:_identify(.) by extensions ['colcon_meta']
[0.236s] Level 1:colcon.colcon_core.package_identification:_identify(.) by extension 'colcon_meta'
[0.236s] Level 1:colcon.colcon_core.package_identification:_identify(.) by extensions ['ros']
[0.236s] Level 1:colcon.colcon_core.package_identification:_identify(.) by extension 'ros'
[0.260s] DEBUG:colcon.colcon_core.package_identification:Package '.' with type 'ros.ament_cmake' and name 'orion'
[0.260s] Level 1:colcon.colcon_core.package_discovery:discover_packages(recursive) using defaults
[0.260s] Level 1:colcon.colcon_core.package_discovery:discover_packages(ignore) discover
[0.260s] Level 1:colcon.colcon_core.package_discovery:discover_packages(ignore) using defaults
[0.260s] Level 1:colcon.colcon_core.package_discovery:discover_packages(path) discover
[0.260s] Level 1:colcon.colcon_core.package_discovery:discover_packages(path) using defaults
[0.276s] Level 1:colcon.colcon_core.package_discovery:discover_packages(prefix_path) check parameters
[0.276s] Level 1:colcon.colcon_core.package_discovery:discover_packages(prefix_path) discover
[0.277s] DEBUG:colcon.colcon_installed_package_information.package_discovery:Found 1 installed packages in /home/huzy/My_OrionManipulator/install
[0.279s] DEBUG:colcon.colcon_installed_package_information.package_discovery:Found 428 installed packages in /opt/ros/humble
[0.281s] Level 1:colcon.colcon_core.package_discovery:discover_packages(prefix_path) using defaults
[0.316s] Level 5:colcon.colcon_core.verb:set package 'orion' build argument 'cmake_args' from command line to 'None'
[0.316s] Level 5:colcon.colcon_core.verb:set package 'orion' build argument 'cmake_target' from command line to 'None'
[0.316s] Level 5:colcon.colcon_core.verb:set package 'orion' build argument 'cmake_target_skip_unavailable' from command line to 'False'
[0.316s] Level 5:colcon.colcon_core.verb:set package 'orion' build argument 'cmake_clean_cache' from command line to 'False'
[0.316s] Level 5:colcon.colcon_core.verb:set package 'orion' build argument 'cmake_clean_first' from command line to 'False'
[0.316s] Level 5:colcon.colcon_core.verb:set package 'orion' build argument 'cmake_force_configure' from command line to 'False'
[0.316s] Level 5:colcon.colcon_core.verb:set package 'orion' build argument 'ament_cmake_args' from command line to 'None'
[0.316s] Level 5:colcon.colcon_core.verb:set package 'orion' build argument 'catkin_cmake_args' from command line to 'None'
[0.316s] Level 5:colcon.colcon_core.verb:set package 'orion' build argument 'catkin_skip_building_tests' from command line to 'False'
[0.316s] DEBUG:colcon.colcon_core.verb:Building package 'orion' with the following arguments: {'ament_cmake_args': None, 'build_base': '/home/huzy/My_OrionManipulator/build/orion', 'catkin_cmake_args': None, 'catkin_skip_building_tests': False, 'cmake_args': None, 'cmake_clean_cache': False, 'cmake_clean_first': False, 'cmake_force_configure': False, 'cmake_target': None, 'cmake_target_skip_unavailable': False, 'install_base': '/home/huzy/My_OrionManipulator/install/orion', 'merge_install': False, 'path': '/home/huzy/My_OrionManipulator', 'symlink_install': False, 'test_result_base': None}
[0.316s] INFO:colcon.colcon_core.executor:Executing jobs using 'parallel' executor
[0.317s] DEBUG:colcon.colcon_parallel_executor.executor.parallel:run_until_complete
[0.318s] INFO:colcon.colcon_ros.task.ament_cmake.build:Building ROS package in '/home/huzy/My_OrionManipulator' with build type 'ament_cmake'
[0.318s] INFO:colcon.colcon_cmake.task.cmake.build:Building CMake package in '/home/huzy/My_OrionManipulator'
[0.319s] INFO:colcon.colcon_core.plugin_system:Skipping extension 'colcon_core.shell.bat': Not used on non-Windows systems
[0.320s] INFO:colcon.colcon_core.shell:Skip shell extension 'powershell' for command environment: Not usable outside of PowerShell
[0.320s] DEBUG:colcon.colcon_core.shell:Skip shell extension 'dsv' for command environment
[0.346s] DEBUG:colcon.colcon_core.event_handler.log_command:Invoking command in '/home/huzy/My_OrionManipulator/build/orion': CMAKE_PREFIX_PATH=${CMAKE_PREFIX_PATH}:/opt/ros/humble /usr/bin/cmake --build /home/huzy/My_OrionManipulator/build/orion -- -j8 -l8
[10.359s] DEBUG:colcon.colcon_core.event_handler.log_command:Invoked command in '/home/huzy/My_OrionManipulator/build/orion' returned '0': CMAKE_PREFIX_PATH=${CMAKE_PREFIX_PATH}:/opt/ros/humble /usr/bin/cmake --build /home/huzy/My_OrionManipulator/build/orion -- -j8 -l8
[10.384s] DEBUG:colcon.colcon_core.event_handler.log_command:Invoking command in '/home/huzy/My_OrionManipulator/build/orion': CMAKE_PREFIX_PATH=${CMAKE_PREFIX_PATH}:/opt/ros/humble /usr/bin/cmake --install /home/huzy/My_OrionManipulator/build/orion
[10.404s] Level 1:colcon.colcon_core.environment:create_environment_scripts_only(orion)
[10.407s] DEBUG:colcon.colcon_core.event_handler.log_command:Invoked command in '/home/huzy/My_OrionManipulator/build/orion' returned '0': CMAKE_PREFIX_PATH=${CMAKE_PREFIX_PATH}:/opt/ros/humble /usr/bin/cmake --install /home/huzy/My_OrionManipulator/build/orion
[10.408s] Level 1:colcon.colcon_core.environment:checking '/home/huzy/My_OrionManipulator/install/orion' for CMake module files
[10.409s] Level 1:colcon.colcon_core.environment:checking '/home/huzy/My_OrionManipulator/install/orion' for CMake config files
[10.409s] Level 1:colcon.colcon_core.shell:create_environment_hook('orion', 'cmake_prefix_path')
[10.409s] INFO:colcon.colcon_core.shell:Creating environment hook '/home/huzy/My_OrionManipulator/install/orion/share/orion/hook/cmake_prefix_path.ps1'
[10.410s] INFO:colcon.colcon_core.shell:Creating environment descriptor '/home/huzy/My_OrionManipulator/install/orion/share/orion/hook/cmake_prefix_path.dsv'
[10.410s] INFO:colcon.colcon_core.shell:Creating environment hook '/home/huzy/My_OrionManipulator/install/orion/share/orion/hook/cmake_prefix_path.sh'
[10.411s] Level 1:colcon.colcon_core.environment:checking '/home/huzy/My_OrionManipulator/install/orion/lib'
[10.412s] Level 1:colcon.colcon_core.environment:checking '/home/huzy/My_OrionManipulator/install/orion/bin'
[10.412s] Level 1:colcon.colcon_core.environment:checking '/home/huzy/My_OrionManipulator/install/orion/lib/pkgconfig/orion.pc'
[10.412s] Level 1:colcon.colcon_core.environment:checking '/home/huzy/My_OrionManipulator/install/orion/lib/python3.10/site-packages'
[10.412s] Level 1:colcon.colcon_core.environment:checking '/home/huzy/My_OrionManipulator/install/orion/bin'
[10.412s] INFO:colcon.colcon_core.shell:Creating package script '/home/huzy/My_OrionManipulator/install/orion/share/orion/package.ps1'
[10.413s] INFO:colcon.colcon_core.shell:Creating package descriptor '/home/huzy/My_OrionManipulator/install/orion/share/orion/package.dsv'
[10.414s] INFO:colcon.colcon_core.shell:Creating package script '/home/huzy/My_OrionManipulator/install/orion/share/orion/package.sh'
[10.414s] INFO:colcon.colcon_core.shell:Creating package script '/home/huzy/My_OrionManipulator/install/orion/share/orion/package.bash'
[10.415s] INFO:colcon.colcon_core.shell:Creating package script '/home/huzy/My_OrionManipulator/install/orion/share/orion/package.zsh'
[10.415s] Level 1:colcon.colcon_core.environment:create_file_with_runtime_dependencies(/home/huzy/My_OrionManipulator/install/orion/share/colcon-core/packages/orion)
[10.416s] Level 1:colcon.colcon_core.environment:create_environment_scripts_only(orion)
[10.416s] Level 1:colcon.colcon_core.environment:checking '/home/huzy/My_OrionManipulator/install/orion' for CMake module files
[10.417s] Level 1:colcon.colcon_core.environment:checking '/home/huzy/My_OrionManipulator/install/orion' for CMake config files
[10.417s] Level 1:colcon.colcon_core.shell:create_environment_hook('orion', 'cmake_prefix_path')
[10.417s] INFO:colcon.colcon_core.shell:Creating environment hook '/home/huzy/My_OrionManipulator/install/orion/share/orion/hook/cmake_prefix_path.ps1'
[10.418s] INFO:colcon.colcon_core.shell:Creating environment descriptor '/home/huzy/My_OrionManipulator/install/orion/share/orion/hook/cmake_prefix_path.dsv'
[10.418s] INFO:colcon.colcon_core.shell:Creating environment hook '/home/huzy/My_OrionManipulator/install/orion/share/orion/hook/cmake_prefix_path.sh'
[10.419s] Level 1:colcon.colcon_core.environment:checking '/home/huzy/My_OrionManipulator/install/orion/lib'
[10.419s] Level 1:colcon.colcon_core.environment:checking '/home/huzy/My_OrionManipulator/install/orion/bin'
[10.419s] Level 1:colcon.colcon_core.environment:checking '/home/huzy/My_OrionManipulator/install/orion/lib/pkgconfig/orion.pc'
[10.419s] Level 1:colcon.colcon_core.environment:checking '/home/huzy/My_OrionManipulator/install/orion/lib/python3.10/site-packages'
[10.419s] Level 1:colcon.colcon_core.environment:checking '/home/huzy/My_OrionManipulator/install/orion/bin'
[10.419s] INFO:colcon.colcon_core.shell:Creating package script '/home/huzy/My_OrionManipulator/install/orion/share/orion/package.ps1'
[10.420s] INFO:colcon.colcon_core.shell:Creating package descriptor '/home/huzy/My_OrionManipulator/install/orion/share/orion/package.dsv'
[10.420s] INFO:colcon.colcon_core.shell:Creating package script '/home/huzy/My_OrionManipulator/install/orion/share/orion/package.sh'
[10.421s] INFO:colcon.colcon_core.shell:Creating package script '/home/huzy/My_OrionManipulator/install/orion/share/orion/package.bash'
[10.421s] INFO:colcon.colcon_core.shell:Creating package script '/home/huzy/My_OrionManipulator/install/orion/share/orion/package.zsh'
[10.422s] Level 1:colcon.colcon_core.environment:create_file_with_runtime_dependencies(/home/huzy/My_OrionManipulator/install/orion/share/colcon-core/packages/orion)
[10.422s] DEBUG:colcon.colcon_parallel_executor.executor.parallel:closing loop
[10.422s] DEBUG:colcon.colcon_parallel_executor.executor.parallel:loop closed
[10.423s] DEBUG:colcon.colcon_parallel_executor.executor.parallel:run_until_complete finished with '0'
[10.423s] DEBUG:colcon.colcon_core.event_reactor:joining thread
[10.429s] INFO:colcon.colcon_core.plugin_system:Skipping extension 'colcon_notification.desktop_notification.terminal_notifier': Not used on non-Darwin systems
[10.430s] INFO:colcon.colcon_core.plugin_system:Skipping extension 'colcon_notification.desktop_notification.win32': Not used on non-Windows systems
[10.430s] INFO:colcon.colcon_notification.desktop_notification:Sending desktop notification using 'notify2'
[10.442s] DEBUG:colcon.colcon_core.event_reactor:joined thread
[10.442s] INFO:colcon.colcon_core.shell:Creating prefix script '/home/huzy/My_OrionManipulator/install/local_setup.ps1'
[10.443s] INFO:colcon.colcon_core.shell:Creating prefix util module '/home/huzy/My_OrionManipulator/install/_local_setup_util_ps1.py'
[10.444s] INFO:colcon.colcon_core.shell:Creating prefix chain script '/home/huzy/My_OrionManipulator/install/setup.ps1'
[10.446s] INFO:colcon.colcon_core.shell:Creating prefix script '/home/huzy/My_OrionManipulator/install/local_setup.sh'
[10.447s] INFO:colcon.colcon_core.shell:Creating prefix util module '/home/huzy/My_OrionManipulator/install/_local_setup_util_sh.py'
[10.448s] INFO:colcon.colcon_core.shell:Creating prefix chain script '/home/huzy/My_OrionManipulator/install/setup.sh'
[10.450s] INFO:colcon.colcon_core.shell:Creating prefix script '/home/huzy/My_OrionManipulator/install/local_setup.bash'
[10.450s] INFO:colcon.colcon_core.shell:Creating prefix chain script '/home/huzy/My_OrionManipulator/install/setup.bash'
[10.451s] INFO:colcon.colcon_core.shell:Creating prefix script '/home/huzy/My_OrionManipulator/install/local_setup.zsh'
[10.452s] INFO:colcon.colcon_core.shell:Creating prefix chain script '/home/huzy/My_OrionManipulator/install/setup.zsh'
