[0.031s] Invoking command in '/home/huzy/My_OrionManipulator/build/orion': CMAKE_PREFIX_PATH=${CMAKE_PREFIX_PATH}:/opt/ros/humble /usr/bin/cmake --build /home/huzy/My_OrionManipulator/build/orion -- -j8 -l8
[0.174s] Consolidate compiler generated dependencies of target orion_mtc_node
[0.235s] [ 50%] Building CXX object CMakeFiles/orion_mtc_node.dir/src/orion_mtc_node.cpp.o
[12.104s] [100%] Linking CXX executable orion_mtc_node
[12.462s] [100%] Built target orion_mtc_node
[12.485s] Invoked command in '/home/huzy/My_OrionManipulator/build/orion' returned '0': CMAKE_PREFIX_PATH=${CMAKE_PREFIX_PATH}:/opt/ros/humble /usr/bin/cmake --build /home/huzy/My_OrionManipulator/build/orion -- -j8 -l8
[12.506s] Invoking command in '/home/huzy/My_OrionManipulator/build/orion': CMAKE_PREFIX_PATH=${CMAKE_PREFIX_PATH}:/opt/ros/humble /usr/bin/cmake --install /home/huzy/My_OrionManipulator/build/orion
[12.523s] -- Install configuration: "Release"
[12.523s] -- Up-to-date: /home/huzy/My_OrionManipulator/install/orion/share/orion/config
[12.523s] -- Up-to-date: /home/huzy/My_OrionManipulator/install/orion/share/orion/config/ompl_planning.yaml
[12.523s] -- Up-to-date: /home/huzy/My_OrionManipulator/install/orion/share/orion/config/sensors_3d.yaml
[12.523s] -- Up-to-date: /home/huzy/My_OrionManipulator/install/orion/share/orion/config/urdf.rviz
[12.524s] -- Up-to-date: /home/huzy/My_OrionManipulator/install/orion/share/orion/config/joint_limits.yaml
[12.524s] -- Up-to-date: /home/huzy/My_OrionManipulator/install/orion/share/orion/config/joint_names_orion.yaml
[12.524s] -- Up-to-date: /home/huzy/My_OrionManipulator/install/orion/share/orion/config/kinematics.yaml
[12.524s] -- Up-to-date: /home/huzy/My_OrionManipulator/install/orion/share/orion/config/orion.srdf
[12.524s] -- Up-to-date: /home/huzy/My_OrionManipulator/install/orion/share/orion/config/moveit_controllers.yaml
[12.524s] -- Up-to-date: /home/huzy/My_OrionManipulator/install/orion/share/orion/launch
[12.524s] -- Up-to-date: /home/huzy/My_OrionManipulator/install/orion/share/orion/launch/moveit_pybullet.launch.py
[12.524s] -- Up-to-date: /home/huzy/My_OrionManipulator/install/orion/share/orion/launch/mtc_grasp.launch.py
[12.524s] -- Up-to-date: /home/huzy/My_OrionManipulator/install/orion/share/orion/launch/moveit.rviz
[12.524s] -- Up-to-date: /home/huzy/My_OrionManipulator/install/orion/share/orion/meshes
[12.524s] -- Up-to-date: /home/huzy/My_OrionManipulator/install/orion/share/orion/meshes/Link4.STL
[12.524s] -- Up-to-date: /home/huzy/My_OrionManipulator/install/orion/share/orion/meshes/Link6.STL
[12.524s] -- Up-to-date: /home/huzy/My_OrionManipulator/install/orion/share/orion/meshes/Link1.STL
[12.525s] -- Up-to-date: /home/huzy/My_OrionManipulator/install/orion/share/orion/meshes/base_link.STL
[12.525s] -- Up-to-date: /home/huzy/My_OrionManipulator/install/orion/share/orion/meshes/Link3.STL
[12.525s] -- Up-to-date: /home/huzy/My_OrionManipulator/install/orion/share/orion/meshes/Link2.STL
[12.525s] -- Up-to-date: /home/huzy/My_OrionManipulator/install/orion/share/orion/meshes/Link7.STL
[12.525s] -- Up-to-date: /home/huzy/My_OrionManipulator/install/orion/share/orion/meshes/Link5.STL
[12.525s] -- Up-to-date: /home/huzy/My_OrionManipulator/install/orion/share/orion/meshes/Link8.STL
[12.525s] -- Up-to-date: /home/huzy/My_OrionManipulator/install/orion/share/orion/urdf
[12.525s] -- Up-to-date: /home/huzy/My_OrionManipulator/install/orion/share/orion/urdf/orion.csv
[12.525s] -- Up-to-date: /home/huzy/My_OrionManipulator/install/orion/share/orion/urdf/orion.urdf
[12.525s] -- Up-to-date: /home/huzy/My_OrionManipulator/install/orion/share/orion/.setup_assistant
[12.525s] -- Up-to-date: /home/huzy/My_OrionManipulator/install/orion/lib/orion/pybullet_follow_joint_trajectory_server.py
[12.525s] -- Installing: /home/huzy/My_OrionManipulator/install/orion/lib/orion/orion_mtc_node
[12.525s] -- Set runtime path of "/home/huzy/My_OrionManipulator/install/orion/lib/orion/orion_mtc_node" to ""
[12.525s] -- Up-to-date: /home/huzy/My_OrionManipulator/install/orion/share/ament_index/resource_index/package_run_dependencies/orion
[12.525s] -- Up-to-date: /home/huzy/My_OrionManipulator/install/orion/share/ament_index/resource_index/parent_prefix_path/orion
[12.525s] -- Up-to-date: /home/huzy/My_OrionManipulator/install/orion/share/orion/environment/ament_prefix_path.sh
[12.525s] -- Up-to-date: /home/huzy/My_OrionManipulator/install/orion/share/orion/environment/ament_prefix_path.dsv
[12.525s] -- Up-to-date: /home/huzy/My_OrionManipulator/install/orion/share/orion/environment/path.sh
[12.525s] -- Up-to-date: /home/huzy/My_OrionManipulator/install/orion/share/orion/environment/path.dsv
[12.525s] -- Up-to-date: /home/huzy/My_OrionManipulator/install/orion/share/orion/local_setup.bash
[12.525s] -- Up-to-date: /home/huzy/My_OrionManipulator/install/orion/share/orion/local_setup.sh
[12.526s] -- Up-to-date: /home/huzy/My_OrionManipulator/install/orion/share/orion/local_setup.zsh
[12.526s] -- Up-to-date: /home/huzy/My_OrionManipulator/install/orion/share/orion/local_setup.dsv
[12.526s] -- Installing: /home/huzy/My_OrionManipulator/install/orion/share/orion/package.dsv
[12.526s] -- Up-to-date: /home/huzy/My_OrionManipulator/install/orion/share/ament_index/resource_index/packages/orion
[12.526s] -- Up-to-date: /home/huzy/My_OrionManipulator/install/orion/share/orion/cmake/orionConfig.cmake
[12.526s] -- Up-to-date: /home/huzy/My_OrionManipulator/install/orion/share/orion/cmake/orionConfig-version.cmake
[12.526s] -- Up-to-date: /home/huzy/My_OrionManipulator/install/orion/share/orion/package.xml
[12.527s] Invoked command in '/home/huzy/My_OrionManipulator/build/orion' returned '0': CMAKE_PREFIX_PATH=${CMAKE_PREFIX_PATH}:/opt/ros/humble /usr/bin/cmake --install /home/huzy/My_OrionManipulator/build/orion
