[0.000000] (-) TimerEvent: {}
[0.000390] (orion) JobQueued: {'identifier': 'orion', 'dependencies': OrderedDict()}
[0.000641] (orion) JobStarted: {'identifier': 'orion'}
[0.029701] (orion) JobProgress: {'identifier': 'orion', 'progress': 'cmake'}
[0.030508] (orion) JobProgress: {'identifier': 'orion', 'progress': 'build'}
[0.031217] (orion) Command: {'cmd': ['/usr/bin/cmake', '--build', '/home/huzy/My_OrionManipulator/build/orion', '--', '-j8', '-l8'], 'cwd': '/home/huzy/My_OrionManipulator/build/orion', 'env': OrderedDict([('LESSOPEN', '| /usr/bin/lesspipe %s'), ('VSCODE_CWD', '/home/huzy/Downloads'), ('CURSOR_EXTENSION_HOST_ROLE', 'agent-exec'), ('VSCODE_ESM_ENTRYPOINT', 'vs/workbench/api/node/extensionHostProcess'), ('LANGUAGE', 'zh_CN:en_AU:en_US:en'), ('USER', 'huzy'), ('LC_TIME', 'zh_CN.UTF-8'), ('VSCODE_NLS_CONFIG', '{"userLocale":"zh-cn","osLocale":"zh-cn","resolvedLanguage":"zh-cn","defaultMessagesFile":"/tmp/.mount_CursorZMftWu/usr/share/cursor/resources/app/out/nls.messages.json","languagePack":{"translationsConfigFile":"/home/huzy/.config/Cursor/clp/3bfb7f1471a52e527cfc1587dd57c7c1.zh-cn/tcf.json","messagesFile":"/home/huzy/.config/Cursor/clp/3bfb7f1471a52e527cfc1587dd57c7c1.zh-cn/7150844152b426ed50d2b68dd6b33b5c5beb73c0/nls.messages.json","corruptMarkerFile":"/home/huzy/.config/Cursor/clp/3bfb7f1471a52e527cfc1587dd57c7c1.zh-cn/corrupted.info"},"locale":"zh-cn","availableLanguages":{"*":"zh-cn"},"_languagePackId":"3bfb7f1471a52e527cfc1587dd57c7c1.zh-cn","_languagePackSupport":true,"_translationsConfigFile":"/home/huzy/.config/Cursor/clp/3bfb7f1471a52e527cfc1587dd57c7c1.zh-cn/tcf.json","_cacheRoot":"/home/huzy/.config/Cursor/clp/3bfb7f1471a52e527cfc1587dd57c7c1.zh-cn","_resolvedLanguagePackCoreLocation":"/home/huzy/.config/Cursor/clp/3bfb7f1471a52e527cfc1587dd57c7c1.zh-cn/7150844152b426ed50d2b68dd6b33b5c5beb73c0","_corruptedFile":"/home/huzy/.config/Cursor/clp/3bfb7f1471a52e527cfc1587dd57c7c1.zh-cn/corrupted.info"}'), ('CI', '1'), ('VSCODE_HANDLES_UNCAUGHT_ERRORS', 'true'), ('XDG_SESSION_TYPE', 'wayland'), ('SHLVL', '2'), ('LD_LIBRARY_PATH', '/tmp/.mount_CursorZMftWu/usr/lib/:/tmp/.mount_CursorZMftWu/usr/lib32/:/tmp/.mount_CursorZMftWu/usr/lib64/:/tmp/.mount_CursorZMftWu/lib/:/tmp/.mount_CursorZMftWu/lib/i386-linux-gnu/:/tmp/.mount_CursorZMftWu/lib/x86_64-linux-gnu/:/tmp/.mount_CursorZMftWu/lib/aarch64-linux-gnu/:/tmp/.mount_CursorZMftWu/lib32/:/tmp/.mount_CursorZMftWu/lib64/:/usr/lib/x86_64-linux-gnu/gazebo-11/plugins:/opt/ros/humble/opt/rviz_ogre_vendor/lib:/opt/ros/humble/lib/x86_64-linux-gnu:/opt/ros/humble/lib'), ('HOME', '/home/huzy'), ('CHROME_DESKTOP', 'cursor.desktop'), ('APPDIR', '/tmp/.mount_CursorZMftWu'), ('OLDPWD', '/home/huzy/My_OrionManipulator'), ('DESKTOP_SESSION', 'ubuntu'), ('PERLLIB', '/tmp/.mount_CursorZMftWu/usr/share/perl5/:/tmp/.mount_CursorZMftWu/usr/lib/perl5/:'), ('VSCODE_IPC_HOOK', '/run/user/1000/vscode-294d73a8-2.5.-main.sock'), ('ROS_PYTHON_VERSION', '3'), ('GNOME_SHELL_SESSION_MODE', 'ubuntu'), ('GTK_MODULES', 'gail:atk-bridge'), ('LC_MONETARY', 'zh_CN.UTF-8'), ('SYSTEMD_EXEC_PID', '1962'), ('IM_CONFIG_CHECK_ENV', '1'), ('NO_COLOR', '1'), ('DBUS_SESSION_BUS_ADDRESS', 'unix:path=/run/user/1000/bus'), ('COLORTERM', 'truecolor'), ('VSCODE_CRASH_REPORTER_PROCESS_TYPE', 'extensionHost'), ('IM_CONFIG_PHASE', '1'), ('WAYLAND_DISPLAY', 'wayland-0'), ('COLCON_PREFIX_PATH', '/home/huzy/My_OrionManipulator/install'), ('ROS_DISTRO', 'humble'), ('GTK_IM_MODULE', 'fcitx'), ('LOGNAME', 'huzy'), ('FORCE_COLOR', '0'), ('OWD', '/home/huzy/Downloads'), ('_', '/usr/bin/colcon'), ('ROS_VERSION', '2'), ('XDG_SESSION_CLASS', 'user'), ('USERNAME', 'huzy'), ('TERM', 'dumb'), ('GNOME_DESKTOP_SESSION_ID', 'this-is-deprecated'), ('FC_FONTATIONS', '1'), ('ROS_LOCALHOST_ONLY', '0'), ('PATH', '/home/huzy/.local/bin:/home/huzy/.local/bin:/tmp/.mount_CursorZMftWu/usr/bin/:/tmp/.mount_CursorZMftWu/usr/sbin/:/tmp/.mount_CursorZMftWu/usr/games/:/tmp/.mount_CursorZMftWu/bin/:/tmp/.mount_CursorZMftWu/sbin/:/opt/ros/humble/bin:/home/huzy/.local/bin:/usr/local/sbin:/usr/local/bin:/usr/sbin:/usr/bin:/sbin:/bin:/usr/games:/usr/local/games:/snap/bin:/snap/bin'), ('SESSION_MANAGER', 'local/huzy-virtual-machine:@/tmp/.ICE-unix/1772,unix/huzy-virtual-machine:/tmp/.ICE-unix/1772'), ('PAPERSIZE', 'a4'), ('APPIMAGE', '/home/huzy/Downloads/Cursor-1.4.5-x86_64.AppImage'), ('XDG_MENU_PREFIX', 'gnome-'), ('LC_ADDRESS', 'zh_CN.UTF-8'), ('VSCODE_PROCESS_TITLE', 'extension-host (agent-exec) [1-12]'), ('GNOME_TERMINAL_SCREEN', '/org/gnome/Terminal/screen/5867c502_f306_4b97_b7ce_869e3ab86c6d'), ('GNOME_SETUP_DISPLAY', ':1'), ('XDG_RUNTIME_DIR', '/run/user/1000'), ('GDK_BACKEND', 'wayland'), ('CURSOR_AGENT', '1'), ('DISPLAY', ':0'), ('LANG', 'zh_CN.UTF-8'), ('XDG_CURRENT_DESKTOP', 'ubuntu:GNOME'), ('LC_TELEPHONE', 'zh_CN.UTF-8'), ('XMODIFIERS', '@im=fcitx'), ('XDG_SESSION_DESKTOP', 'ubuntu'), ('XAUTHORITY', '/run/user/1000/.mutter-Xwaylandauth.6TNQL3'), ('LS_COLORS', ''), ('GNOME_TERMINAL_SERVICE', ':1.123'), ('CURSOR_TRACE_ID', '063d243d02124a50bb4d411afba42f00'), ('SSH_AGENT_LAUNCHER', 'gnome-keyring'), ('SSH_AUTH_SOCK', '/run/user/1000/keyring/ssh'), ('GSETTINGS_SCHEMA_DIR', '/tmp/.mount_CursorZMftWu/usr/share/glib-2.0/schemas/:'), ('AMENT_PREFIX_PATH', '/home/huzy/My_OrionManipulator/install/orion:/opt/ros/humble'), ('SHELL', '/bin/bash'), ('LC_NAME', 'zh_CN.UTF-8'), ('ARGV0', './Cursor-1.4.5-x86_64.AppImage'), ('QT_ACCESSIBILITY', '1'), ('GDMSESSION', 'ubuntu'), ('LESSCLOSE', '/usr/bin/lesspipe %s %s'), ('LC_MEASUREMENT', 'zh_CN.UTF-8'), ('LC_IDENTIFICATION', 'zh_CN.UTF-8'), ('QT_IM_MODULE', 'fcitx'), ('PWD', '/home/huzy/My_OrionManipulator/build/orion'), ('XDG_CONFIG_DIRS', '/etc/xdg/xdg-ubuntu:/etc/xdg'), ('VSCODE_CODE_CACHE_PATH', '/home/huzy/.config/Cursor/CachedData/7150844152b426ed50d2b68dd6b33b5c5beb73c0'), ('CLUTTER_IM_MODULE', 'fcitx'), ('XDG_DATA_DIRS', '/tmp/.mount_CursorZMftWu/usr/share/:/usr/local/share:/usr/share:/usr/share/ubuntu:/usr/local/share/:/usr/share/:/var/lib/snapd/desktop'), ('PYTHONPATH', '/opt/ros/humble/lib/python3.10/site-packages:/opt/ros/humble/local/lib/python3.10/dist-packages'), ('LC_NUMERIC', 'zh_CN.UTF-8'), ('LC_PAPER', 'zh_CN.UTF-8'), ('QT_PLUGIN_PATH', '/tmp/.mount_CursorZMftWu/usr/lib/qt4/plugins/:/tmp/.mount_CursorZMftWu/usr/lib/i386-linux-gnu/qt4/plugins/:/tmp/.mount_CursorZMftWu/usr/lib/x86_64-linux-gnu/qt4/plugins/:/tmp/.mount_CursorZMftWu/usr/lib/aarch64-linux-gnu/qt4/plugins/:/tmp/.mount_CursorZMftWu/usr/lib32/qt4/plugins/:/tmp/.mount_CursorZMftWu/usr/lib64/qt4/plugins/:/tmp/.mount_CursorZMftWu/usr/lib/qt5/plugins/:/tmp/.mount_CursorZMftWu/usr/lib/i386-linux-gnu/qt5/plugins/:/tmp/.mount_CursorZMftWu/usr/lib/x86_64-linux-gnu/qt5/plugins/:/tmp/.mount_CursorZMftWu/usr/lib/aarch64-linux-gnu/qt5/plugins/:/tmp/.mount_CursorZMftWu/usr/lib32/qt5/plugins/:/tmp/.mount_CursorZMftWu/usr/lib64/qt5/plugins/:'), ('COLCON', '1'), ('_ZO_DOCTOR', '0'), ('VTE_VERSION', '6800'), ('CMAKE_PREFIX_PATH', '/home/huzy/My_OrionManipulator/install/orion:/opt/ros/humble'), ('VSCODE_PID', '19069')]), 'shell': False}
[0.099287] (-) TimerEvent: {}
[0.160075] (orion) StdoutLine: {'line': b'Consolidate compiler generated dependencies of target orion_mtc_node\n'}
[0.199429] (-) TimerEvent: {}
[0.203571] (orion) StdoutLine: {'line': b'[ 50%] Building CXX object CMakeFiles/orion_mtc_node.dir/src/orion_mtc_node.cpp.o\n'}
[0.299741] (-) TimerEvent: {}
[0.400023] (-) TimerEvent: {}
[0.500341] (-) TimerEvent: {}
[0.600650] (-) TimerEvent: {}
[0.700993] (-) TimerEvent: {}
[0.801300] (-) TimerEvent: {}
[0.901606] (-) TimerEvent: {}
[1.001920] (-) TimerEvent: {}
[1.102231] (-) TimerEvent: {}
[1.202536] (-) TimerEvent: {}
[1.302891] (-) TimerEvent: {}
[1.403331] (-) TimerEvent: {}
[1.503717] (-) TimerEvent: {}
[1.604020] (-) TimerEvent: {}
[1.704325] (-) TimerEvent: {}
[1.804650] (-) TimerEvent: {}
[1.905002] (-) TimerEvent: {}
[2.005303] (-) TimerEvent: {}
[2.105615] (-) TimerEvent: {}
[2.205988] (-) TimerEvent: {}
[2.306391] (-) TimerEvent: {}
[2.406825] (-) TimerEvent: {}
[2.507176] (-) TimerEvent: {}
[2.607507] (-) TimerEvent: {}
[2.707962] (-) TimerEvent: {}
[2.808298] (-) TimerEvent: {}
[2.908770] (-) TimerEvent: {}
[3.009467] (-) TimerEvent: {}
[3.109932] (-) TimerEvent: {}
[3.210266] (-) TimerEvent: {}
[3.310586] (-) TimerEvent: {}
[3.410945] (-) TimerEvent: {}
[3.511248] (-) TimerEvent: {}
[3.611557] (-) TimerEvent: {}
[3.711901] (-) TimerEvent: {}
[3.812227] (-) TimerEvent: {}
[3.912548] (-) TimerEvent: {}
[4.012846] (-) TimerEvent: {}
[4.113138] (-) TimerEvent: {}
[4.213448] (-) TimerEvent: {}
[4.313779] (-) TimerEvent: {}
[4.414093] (-) TimerEvent: {}
[4.514397] (-) TimerEvent: {}
[4.614878] (-) TimerEvent: {}
[4.715287] (-) TimerEvent: {}
[4.815802] (-) TimerEvent: {}
[4.916151] (-) TimerEvent: {}
[5.016453] (-) TimerEvent: {}
[5.116900] (-) TimerEvent: {}
[5.217548] (-) TimerEvent: {}
[5.317874] (-) TimerEvent: {}
[5.418188] (-) TimerEvent: {}
[5.518491] (-) TimerEvent: {}
[5.618827] (-) TimerEvent: {}
[5.719272] (-) TimerEvent: {}
[5.819813] (-) TimerEvent: {}
[5.920273] (-) TimerEvent: {}
[6.020752] (-) TimerEvent: {}
[6.121259] (-) TimerEvent: {}
[6.221782] (-) TimerEvent: {}
[6.322185] (-) TimerEvent: {}
[6.422612] (-) TimerEvent: {}
[6.523338] (-) TimerEvent: {}
[6.626804] (-) TimerEvent: {}
[6.727350] (-) TimerEvent: {}
[6.827723] (-) TimerEvent: {}
[6.928054] (-) TimerEvent: {}
[7.028365] (-) TimerEvent: {}
[7.128739] (-) TimerEvent: {}
[7.229057] (-) TimerEvent: {}
[7.329547] (-) TimerEvent: {}
[7.429912] (-) TimerEvent: {}
[7.530225] (-) TimerEvent: {}
[7.630588] (-) TimerEvent: {}
[7.730928] (-) TimerEvent: {}
[7.831240] (-) TimerEvent: {}
[7.931644] (-) TimerEvent: {}
[8.032001] (-) TimerEvent: {}
[8.132347] (-) TimerEvent: {}
[8.232670] (-) TimerEvent: {}
[8.333095] (-) TimerEvent: {}
[8.433363] (-) TimerEvent: {}
[8.533630] (-) TimerEvent: {}
[8.633968] (-) TimerEvent: {}
[8.734386] (-) TimerEvent: {}
[8.834779] (-) TimerEvent: {}
[8.935093] (-) TimerEvent: {}
[9.035422] (-) TimerEvent: {}
[9.135760] (-) TimerEvent: {}
[9.236063] (-) TimerEvent: {}
[9.336496] (-) TimerEvent: {}
[9.436793] (-) TimerEvent: {}
[9.537169] (-) TimerEvent: {}
[9.637602] (-) TimerEvent: {}
[9.737965] (-) TimerEvent: {}
[9.838261] (-) TimerEvent: {}
[9.938593] (-) TimerEvent: {}
[10.038936] (-) TimerEvent: {}
[10.139239] (-) TimerEvent: {}
[10.239666] (-) TimerEvent: {}
[10.340101] (-) TimerEvent: {}
[10.440468] (-) TimerEvent: {}
[10.540838] (-) TimerEvent: {}
[10.570236] (orion) StdoutLine: {'line': b'[100%] Linking CXX executable orion_mtc_node\n'}
[10.641042] (-) TimerEvent: {}
[10.741393] (-) TimerEvent: {}
[10.841771] (-) TimerEvent: {}
[10.929200] (orion) StdoutLine: {'line': b'[100%] Built target orion_mtc_node\n'}
[10.941913] (-) TimerEvent: {}
[10.950003] (orion) CommandEnded: {'returncode': 0}
[10.951121] (orion) JobProgress: {'identifier': 'orion', 'progress': 'install'}
[10.970577] (orion) Command: {'cmd': ['/usr/bin/cmake', '--install', '/home/huzy/My_OrionManipulator/build/orion'], 'cwd': '/home/huzy/My_OrionManipulator/build/orion', 'env': OrderedDict([('LESSOPEN', '| /usr/bin/lesspipe %s'), ('VSCODE_CWD', '/home/huzy/Downloads'), ('CURSOR_EXTENSION_HOST_ROLE', 'agent-exec'), ('VSCODE_ESM_ENTRYPOINT', 'vs/workbench/api/node/extensionHostProcess'), ('LANGUAGE', 'zh_CN:en_AU:en_US:en'), ('USER', 'huzy'), ('LC_TIME', 'zh_CN.UTF-8'), ('VSCODE_NLS_CONFIG', '{"userLocale":"zh-cn","osLocale":"zh-cn","resolvedLanguage":"zh-cn","defaultMessagesFile":"/tmp/.mount_CursorZMftWu/usr/share/cursor/resources/app/out/nls.messages.json","languagePack":{"translationsConfigFile":"/home/huzy/.config/Cursor/clp/3bfb7f1471a52e527cfc1587dd57c7c1.zh-cn/tcf.json","messagesFile":"/home/huzy/.config/Cursor/clp/3bfb7f1471a52e527cfc1587dd57c7c1.zh-cn/7150844152b426ed50d2b68dd6b33b5c5beb73c0/nls.messages.json","corruptMarkerFile":"/home/huzy/.config/Cursor/clp/3bfb7f1471a52e527cfc1587dd57c7c1.zh-cn/corrupted.info"},"locale":"zh-cn","availableLanguages":{"*":"zh-cn"},"_languagePackId":"3bfb7f1471a52e527cfc1587dd57c7c1.zh-cn","_languagePackSupport":true,"_translationsConfigFile":"/home/huzy/.config/Cursor/clp/3bfb7f1471a52e527cfc1587dd57c7c1.zh-cn/tcf.json","_cacheRoot":"/home/huzy/.config/Cursor/clp/3bfb7f1471a52e527cfc1587dd57c7c1.zh-cn","_resolvedLanguagePackCoreLocation":"/home/huzy/.config/Cursor/clp/3bfb7f1471a52e527cfc1587dd57c7c1.zh-cn/7150844152b426ed50d2b68dd6b33b5c5beb73c0","_corruptedFile":"/home/huzy/.config/Cursor/clp/3bfb7f1471a52e527cfc1587dd57c7c1.zh-cn/corrupted.info"}'), ('CI', '1'), ('VSCODE_HANDLES_UNCAUGHT_ERRORS', 'true'), ('XDG_SESSION_TYPE', 'wayland'), ('SHLVL', '2'), ('LD_LIBRARY_PATH', '/tmp/.mount_CursorZMftWu/usr/lib/:/tmp/.mount_CursorZMftWu/usr/lib32/:/tmp/.mount_CursorZMftWu/usr/lib64/:/tmp/.mount_CursorZMftWu/lib/:/tmp/.mount_CursorZMftWu/lib/i386-linux-gnu/:/tmp/.mount_CursorZMftWu/lib/x86_64-linux-gnu/:/tmp/.mount_CursorZMftWu/lib/aarch64-linux-gnu/:/tmp/.mount_CursorZMftWu/lib32/:/tmp/.mount_CursorZMftWu/lib64/:/usr/lib/x86_64-linux-gnu/gazebo-11/plugins:/opt/ros/humble/opt/rviz_ogre_vendor/lib:/opt/ros/humble/lib/x86_64-linux-gnu:/opt/ros/humble/lib'), ('HOME', '/home/huzy'), ('CHROME_DESKTOP', 'cursor.desktop'), ('APPDIR', '/tmp/.mount_CursorZMftWu'), ('OLDPWD', '/home/huzy/My_OrionManipulator'), ('DESKTOP_SESSION', 'ubuntu'), ('PERLLIB', '/tmp/.mount_CursorZMftWu/usr/share/perl5/:/tmp/.mount_CursorZMftWu/usr/lib/perl5/:'), ('VSCODE_IPC_HOOK', '/run/user/1000/vscode-294d73a8-2.5.-main.sock'), ('ROS_PYTHON_VERSION', '3'), ('GNOME_SHELL_SESSION_MODE', 'ubuntu'), ('GTK_MODULES', 'gail:atk-bridge'), ('LC_MONETARY', 'zh_CN.UTF-8'), ('SYSTEMD_EXEC_PID', '1962'), ('IM_CONFIG_CHECK_ENV', '1'), ('NO_COLOR', '1'), ('DBUS_SESSION_BUS_ADDRESS', 'unix:path=/run/user/1000/bus'), ('COLORTERM', 'truecolor'), ('VSCODE_CRASH_REPORTER_PROCESS_TYPE', 'extensionHost'), ('IM_CONFIG_PHASE', '1'), ('WAYLAND_DISPLAY', 'wayland-0'), ('COLCON_PREFIX_PATH', '/home/huzy/My_OrionManipulator/install'), ('ROS_DISTRO', 'humble'), ('GTK_IM_MODULE', 'fcitx'), ('LOGNAME', 'huzy'), ('FORCE_COLOR', '0'), ('OWD', '/home/huzy/Downloads'), ('_', '/usr/bin/colcon'), ('ROS_VERSION', '2'), ('XDG_SESSION_CLASS', 'user'), ('USERNAME', 'huzy'), ('TERM', 'dumb'), ('GNOME_DESKTOP_SESSION_ID', 'this-is-deprecated'), ('FC_FONTATIONS', '1'), ('ROS_LOCALHOST_ONLY', '0'), ('PATH', '/home/huzy/.local/bin:/home/huzy/.local/bin:/tmp/.mount_CursorZMftWu/usr/bin/:/tmp/.mount_CursorZMftWu/usr/sbin/:/tmp/.mount_CursorZMftWu/usr/games/:/tmp/.mount_CursorZMftWu/bin/:/tmp/.mount_CursorZMftWu/sbin/:/opt/ros/humble/bin:/home/huzy/.local/bin:/usr/local/sbin:/usr/local/bin:/usr/sbin:/usr/bin:/sbin:/bin:/usr/games:/usr/local/games:/snap/bin:/snap/bin'), ('SESSION_MANAGER', 'local/huzy-virtual-machine:@/tmp/.ICE-unix/1772,unix/huzy-virtual-machine:/tmp/.ICE-unix/1772'), ('PAPERSIZE', 'a4'), ('APPIMAGE', '/home/huzy/Downloads/Cursor-1.4.5-x86_64.AppImage'), ('XDG_MENU_PREFIX', 'gnome-'), ('LC_ADDRESS', 'zh_CN.UTF-8'), ('VSCODE_PROCESS_TITLE', 'extension-host (agent-exec) [1-12]'), ('GNOME_TERMINAL_SCREEN', '/org/gnome/Terminal/screen/5867c502_f306_4b97_b7ce_869e3ab86c6d'), ('GNOME_SETUP_DISPLAY', ':1'), ('XDG_RUNTIME_DIR', '/run/user/1000'), ('GDK_BACKEND', 'wayland'), ('CURSOR_AGENT', '1'), ('DISPLAY', ':0'), ('LANG', 'zh_CN.UTF-8'), ('XDG_CURRENT_DESKTOP', 'ubuntu:GNOME'), ('LC_TELEPHONE', 'zh_CN.UTF-8'), ('XMODIFIERS', '@im=fcitx'), ('XDG_SESSION_DESKTOP', 'ubuntu'), ('XAUTHORITY', '/run/user/1000/.mutter-Xwaylandauth.6TNQL3'), ('LS_COLORS', ''), ('GNOME_TERMINAL_SERVICE', ':1.123'), ('CURSOR_TRACE_ID', '063d243d02124a50bb4d411afba42f00'), ('SSH_AGENT_LAUNCHER', 'gnome-keyring'), ('SSH_AUTH_SOCK', '/run/user/1000/keyring/ssh'), ('GSETTINGS_SCHEMA_DIR', '/tmp/.mount_CursorZMftWu/usr/share/glib-2.0/schemas/:'), ('AMENT_PREFIX_PATH', '/home/huzy/My_OrionManipulator/install/orion:/opt/ros/humble'), ('SHELL', '/bin/bash'), ('LC_NAME', 'zh_CN.UTF-8'), ('ARGV0', './Cursor-1.4.5-x86_64.AppImage'), ('QT_ACCESSIBILITY', '1'), ('GDMSESSION', 'ubuntu'), ('LESSCLOSE', '/usr/bin/lesspipe %s %s'), ('LC_MEASUREMENT', 'zh_CN.UTF-8'), ('LC_IDENTIFICATION', 'zh_CN.UTF-8'), ('QT_IM_MODULE', 'fcitx'), ('PWD', '/home/huzy/My_OrionManipulator/build/orion'), ('XDG_CONFIG_DIRS', '/etc/xdg/xdg-ubuntu:/etc/xdg'), ('VSCODE_CODE_CACHE_PATH', '/home/huzy/.config/Cursor/CachedData/7150844152b426ed50d2b68dd6b33b5c5beb73c0'), ('CLUTTER_IM_MODULE', 'fcitx'), ('XDG_DATA_DIRS', '/tmp/.mount_CursorZMftWu/usr/share/:/usr/local/share:/usr/share:/usr/share/ubuntu:/usr/local/share/:/usr/share/:/var/lib/snapd/desktop'), ('PYTHONPATH', '/opt/ros/humble/lib/python3.10/site-packages:/opt/ros/humble/local/lib/python3.10/dist-packages'), ('LC_NUMERIC', 'zh_CN.UTF-8'), ('LC_PAPER', 'zh_CN.UTF-8'), ('QT_PLUGIN_PATH', '/tmp/.mount_CursorZMftWu/usr/lib/qt4/plugins/:/tmp/.mount_CursorZMftWu/usr/lib/i386-linux-gnu/qt4/plugins/:/tmp/.mount_CursorZMftWu/usr/lib/x86_64-linux-gnu/qt4/plugins/:/tmp/.mount_CursorZMftWu/usr/lib/aarch64-linux-gnu/qt4/plugins/:/tmp/.mount_CursorZMftWu/usr/lib32/qt4/plugins/:/tmp/.mount_CursorZMftWu/usr/lib64/qt4/plugins/:/tmp/.mount_CursorZMftWu/usr/lib/qt5/plugins/:/tmp/.mount_CursorZMftWu/usr/lib/i386-linux-gnu/qt5/plugins/:/tmp/.mount_CursorZMftWu/usr/lib/x86_64-linux-gnu/qt5/plugins/:/tmp/.mount_CursorZMftWu/usr/lib/aarch64-linux-gnu/qt5/plugins/:/tmp/.mount_CursorZMftWu/usr/lib32/qt5/plugins/:/tmp/.mount_CursorZMftWu/usr/lib64/qt5/plugins/:'), ('COLCON', '1'), ('_ZO_DOCTOR', '0'), ('VTE_VERSION', '6800'), ('CMAKE_PREFIX_PATH', '/home/huzy/My_OrionManipulator/install/orion:/opt/ros/humble'), ('VSCODE_PID', '19069')]), 'shell': False}
[10.990094] (orion) StdoutLine: {'line': b'-- Install configuration: "Release"\n'}
[10.990578] (orion) StdoutLine: {'line': b'-- Up-to-date: /home/huzy/My_OrionManipulator/install/orion/share/orion/config\n'}
[10.990888] (orion) StdoutLine: {'line': b'-- Up-to-date: /home/huzy/My_OrionManipulator/install/orion/share/orion/config/ompl_planning.yaml\n'}
[10.990936] (orion) StdoutLine: {'line': b'-- Up-to-date: /home/huzy/My_OrionManipulator/install/orion/share/orion/config/sensors_3d.yaml\n'}
[10.990973] (orion) StdoutLine: {'line': b'-- Up-to-date: /home/huzy/My_OrionManipulator/install/orion/share/orion/config/urdf.rviz\n'}
[10.991010] (orion) StdoutLine: {'line': b'-- Up-to-date: /home/huzy/My_OrionManipulator/install/orion/share/orion/config/joint_limits.yaml\n'}
[10.991043] (orion) StdoutLine: {'line': b'-- Up-to-date: /home/huzy/My_OrionManipulator/install/orion/share/orion/config/joint_names_orion.yaml\n'}
[10.991077] (orion) StdoutLine: {'line': b'-- Up-to-date: /home/huzy/My_OrionManipulator/install/orion/share/orion/config/kinematics.yaml\n'}
[10.991132] (orion) StdoutLine: {'line': b'-- Up-to-date: /home/huzy/My_OrionManipulator/install/orion/share/orion/config/orion.srdf\n'}
[10.991202] (orion) StdoutLine: {'line': b'-- Up-to-date: /home/huzy/My_OrionManipulator/install/orion/share/orion/config/moveit_controllers.yaml\n'}
[10.991491] (orion) StdoutLine: {'line': b'-- Up-to-date: /home/huzy/My_OrionManipulator/install/orion/share/orion/launch\n'}
[10.991749] (orion) StdoutLine: {'line': b'-- Up-to-date: /home/huzy/My_OrionManipulator/install/orion/share/orion/launch/moveit_pybullet.launch.py\n'}
[10.991796] (orion) StdoutLine: {'line': b'-- Up-to-date: /home/huzy/My_OrionManipulator/install/orion/share/orion/launch/mtc_grasp.launch.py\n'}
[10.991830] (orion) StdoutLine: {'line': b'-- Up-to-date: /home/huzy/My_OrionManipulator/install/orion/share/orion/launch/moveit.rviz\n'}
[10.991862] (orion) StdoutLine: {'line': b'-- Up-to-date: /home/huzy/My_OrionManipulator/install/orion/share/orion/meshes\n'}
[10.991895] (orion) StdoutLine: {'line': b'-- Up-to-date: /home/huzy/My_OrionManipulator/install/orion/share/orion/meshes/Link4.STL\n'}
[10.991926] (orion) StdoutLine: {'line': b'-- Up-to-date: /home/huzy/My_OrionManipulator/install/orion/share/orion/meshes/Link6.STL\n'}
[10.991956] (orion) StdoutLine: {'line': b'-- Up-to-date: /home/huzy/My_OrionManipulator/install/orion/share/orion/meshes/Link1.STL\n'}
[10.991987] (orion) StdoutLine: {'line': b'-- Up-to-date: /home/huzy/My_OrionManipulator/install/orion/share/orion/meshes/base_link.STL\n'}
[10.992017] (orion) StdoutLine: {'line': b'-- Up-to-date: /home/huzy/My_OrionManipulator/install/orion/share/orion/meshes/Link3.STL\n'}
[10.992048] (orion) StdoutLine: {'line': b'-- Up-to-date: /home/huzy/My_OrionManipulator/install/orion/share/orion/meshes/Link2.STL\n'}
[10.992080] (orion) StdoutLine: {'line': b'-- Up-to-date: /home/huzy/My_OrionManipulator/install/orion/share/orion/meshes/Link7.STL\n'}
[10.992118] (orion) StdoutLine: {'line': b'-- Up-to-date: /home/huzy/My_OrionManipulator/install/orion/share/orion/meshes/Link5.STL\n'}
[10.992150] (orion) StdoutLine: {'line': b'-- Up-to-date: /home/huzy/My_OrionManipulator/install/orion/share/orion/meshes/Link8.STL\n'}
[10.992180] (orion) StdoutLine: {'line': b'-- Up-to-date: /home/huzy/My_OrionManipulator/install/orion/share/orion/urdf\n'}
[10.992212] (orion) StdoutLine: {'line': b'-- Up-to-date: /home/huzy/My_OrionManipulator/install/orion/share/orion/urdf/orion.csv\n'}
[10.992242] (orion) StdoutLine: {'line': b'-- Up-to-date: /home/huzy/My_OrionManipulator/install/orion/share/orion/urdf/orion.urdf\n'}
[10.992275] (orion) StdoutLine: {'line': b'-- Up-to-date: /home/huzy/My_OrionManipulator/install/orion/share/orion/.setup_assistant\n'}
[10.993209] (orion) StdoutLine: {'line': b'-- Up-to-date: /home/huzy/My_OrionManipulator/install/orion/lib/orion/pybullet_follow_joint_trajectory_server.py\n'}
[10.993411] (orion) StdoutLine: {'line': b'-- Installing: /home/huzy/My_OrionManipulator/install/orion/lib/orion/orion_mtc_node\n'}
[10.993508] (orion) StdoutLine: {'line': b'-- Set runtime path of "/home/huzy/My_OrionManipulator/install/orion/lib/orion/orion_mtc_node" to ""\n'}
[10.993615] (orion) StdoutLine: {'line': b'-- Up-to-date: /home/huzy/My_OrionManipulator/install/orion/share/ament_index/resource_index/package_run_dependencies/orion\n'}
[10.993916] (orion) StdoutLine: {'line': b'-- Up-to-date: /home/huzy/My_OrionManipulator/install/orion/share/ament_index/resource_index/parent_prefix_path/orion\n'}
[10.994032] (orion) StdoutLine: {'line': b'-- Up-to-date: /home/huzy/My_OrionManipulator/install/orion/share/orion/environment/ament_prefix_path.sh\n'}
[10.994125] (orion) StdoutLine: {'line': b'-- Up-to-date: /home/huzy/My_OrionManipulator/install/orion/share/orion/environment/ament_prefix_path.dsv\n'}
[10.994215] (orion) StdoutLine: {'line': b'-- Up-to-date: /home/huzy/My_OrionManipulator/install/orion/share/orion/environment/path.sh\n'}
[10.994302] (orion) StdoutLine: {'line': b'-- Up-to-date: /home/huzy/My_OrionManipulator/install/orion/share/orion/environment/path.dsv\n'}
[10.994392] (orion) StdoutLine: {'line': b'-- Up-to-date: /home/huzy/My_OrionManipulator/install/orion/share/orion/local_setup.bash\n'}
[10.994490] (orion) StdoutLine: {'line': b'-- Up-to-date: /home/huzy/My_OrionManipulator/install/orion/share/orion/local_setup.sh\n'}
[10.994721] (orion) StdoutLine: {'line': b'-- Up-to-date: /home/huzy/My_OrionManipulator/install/orion/share/orion/local_setup.zsh\n'}
[10.994831] (orion) StdoutLine: {'line': b'-- Up-to-date: /home/huzy/My_OrionManipulator/install/orion/share/orion/local_setup.dsv\n'}
[10.994927] (orion) StdoutLine: {'line': b'-- Installing: /home/huzy/My_OrionManipulator/install/orion/share/orion/package.dsv\n'}
[10.995010] (orion) StdoutLine: {'line': b'-- Up-to-date: /home/huzy/My_OrionManipulator/install/orion/share/ament_index/resource_index/packages/orion\n'}
[10.995935] (orion) StdoutLine: {'line': b'-- Up-to-date: /home/huzy/My_OrionManipulator/install/orion/share/orion/cmake/orionConfig.cmake\n'}
[10.996045] (orion) StdoutLine: {'line': b'-- Up-to-date: /home/huzy/My_OrionManipulator/install/orion/share/orion/cmake/orionConfig-version.cmake\n'}
[10.996124] (orion) StdoutLine: {'line': b'-- Up-to-date: /home/huzy/My_OrionManipulator/install/orion/share/orion/package.xml\n'}
[10.996173] (orion) CommandEnded: {'returncode': 0}
[11.012113] (orion) JobEnded: {'identifier': 'orion', 'rc': 0}
[11.013363] (-) EventReactorShutdown: {}
