[0.117s] DEBUG:colcon:Command line arguments: ['/usr/bin/colcon', 'build', '--packages-select', 'orion']
[0.117s] DEBUG:colcon:Parsed command line arguments: Namespace(log_base=None, log_level=None, verb_name='build', build_base='build', install_base='install', merge_install=False, symlink_install=False, test_result_base=None, continue_on_error=False, executor='parallel', parallel_workers=8, event_handlers=None, ignore_user_meta=False, metas=['./colcon.meta'], base_paths=['.'], packages_ignore=None, packages_ignore_regex=None, paths=None, packages_up_to=None, packages_up_to_regex=None, packages_above=None, packages_above_and_dependencies=None, packages_above_depth=None, packages_select_by_dep=None, packages_skip_by_dep=None, packages_skip_up_to=None, packages_select_build_failed=False, packages_skip_build_finished=False, packages_select_test_failures=False, packages_skip_test_passed=False, packages_select=['orion'], packages_skip=None, packages_select_regex=None, packages_skip_regex=None, packages_start=None, packages_end=None, allow_overriding=[], cmake_args=None, cmake_target=None, cmake_target_skip_unavailable=False, cmake_clean_cache=False, cmake_clean_first=False, cmake_force_configure=False, ament_cmake_args=None, catkin_cmake_args=None, catkin_skip_building_tests=False, mixin_files=None, mixin=None, verb_parser=<colcon_mixin.mixin.mixin_argument.MixinArgumentDecorator object at 0x7fe7c465a9e0>, verb_extension=<colcon_core.verb.build.BuildVerb object at 0x7fe7c4777910>, main=<bound method BuildVerb.main of <colcon_core.verb.build.BuildVerb object at 0x7fe7c4777910>>, mixin_verb=('build',))
[0.275s] Level 1:colcon.colcon_core.package_discovery:discover_packages(colcon_meta) check parameters
[0.276s] Level 1:colcon.colcon_core.package_discovery:discover_packages(recursive) check parameters
[0.276s] Level 1:colcon.colcon_core.package_discovery:discover_packages(ignore) check parameters
[0.276s] Level 1:colcon.colcon_core.package_discovery:discover_packages(path) check parameters
[0.276s] Level 1:colcon.colcon_core.package_discovery:discover_packages(colcon_meta) discover
[0.276s] Level 1:colcon.colcon_core.package_discovery:discover_packages(recursive) discover
[0.276s] INFO:colcon.colcon_core.package_discovery:Crawling recursively for packages in '/home/huzy/My_OrionManipulator'
[0.276s] Level 1:colcon.colcon_core.package_identification:_identify(.) by extensions ['ignore', 'ignore_ament_install']
[0.276s] Level 1:colcon.colcon_core.package_identification:_identify(.) by extension 'ignore'
[0.276s] Level 1:colcon.colcon_core.package_identification:_identify(.) by extension 'ignore_ament_install'
[0.276s] Level 1:colcon.colcon_core.package_identification:_identify(.) by extensions ['colcon_pkg']
[0.276s] Level 1:colcon.colcon_core.package_identification:_identify(.) by extension 'colcon_pkg'
[0.276s] Level 1:colcon.colcon_core.package_identification:_identify(.) by extensions ['colcon_meta']
[0.276s] Level 1:colcon.colcon_core.package_identification:_identify(.) by extension 'colcon_meta'
[0.276s] Level 1:colcon.colcon_core.package_identification:_identify(.) by extensions ['ros']
[0.276s] Level 1:colcon.colcon_core.package_identification:_identify(.) by extension 'ros'
[0.307s] DEBUG:colcon.colcon_core.package_identification:Package '.' with type 'ros.ament_cmake' and name 'orion'
[0.308s] Level 1:colcon.colcon_core.package_discovery:discover_packages(recursive) using defaults
[0.308s] Level 1:colcon.colcon_core.package_discovery:discover_packages(ignore) discover
[0.308s] Level 1:colcon.colcon_core.package_discovery:discover_packages(ignore) using defaults
[0.308s] Level 1:colcon.colcon_core.package_discovery:discover_packages(path) discover
[0.308s] Level 1:colcon.colcon_core.package_discovery:discover_packages(path) using defaults
[0.324s] Level 1:colcon.colcon_core.package_discovery:discover_packages(prefix_path) check parameters
[0.325s] Level 1:colcon.colcon_core.package_discovery:discover_packages(prefix_path) discover
[0.326s] DEBUG:colcon.colcon_installed_package_information.package_discovery:Found 1 installed packages in /home/huzy/My_OrionManipulator/install
[0.327s] DEBUG:colcon.colcon_installed_package_information.package_discovery:Found 428 installed packages in /opt/ros/humble
[0.329s] Level 1:colcon.colcon_core.package_discovery:discover_packages(prefix_path) using defaults
[0.366s] Level 5:colcon.colcon_core.verb:set package 'orion' build argument 'cmake_args' from command line to 'None'
[0.366s] Level 5:colcon.colcon_core.verb:set package 'orion' build argument 'cmake_target' from command line to 'None'
[0.366s] Level 5:colcon.colcon_core.verb:set package 'orion' build argument 'cmake_target_skip_unavailable' from command line to 'False'
[0.366s] Level 5:colcon.colcon_core.verb:set package 'orion' build argument 'cmake_clean_cache' from command line to 'False'
[0.366s] Level 5:colcon.colcon_core.verb:set package 'orion' build argument 'cmake_clean_first' from command line to 'False'
[0.366s] Level 5:colcon.colcon_core.verb:set package 'orion' build argument 'cmake_force_configure' from command line to 'False'
[0.366s] Level 5:colcon.colcon_core.verb:set package 'orion' build argument 'ament_cmake_args' from command line to 'None'
[0.366s] Level 5:colcon.colcon_core.verb:set package 'orion' build argument 'catkin_cmake_args' from command line to 'None'
[0.366s] Level 5:colcon.colcon_core.verb:set package 'orion' build argument 'catkin_skip_building_tests' from command line to 'False'
[0.367s] DEBUG:colcon.colcon_core.verb:Building package 'orion' with the following arguments: {'ament_cmake_args': None, 'build_base': '/home/huzy/My_OrionManipulator/build/orion', 'catkin_cmake_args': None, 'catkin_skip_building_tests': False, 'cmake_args': None, 'cmake_clean_cache': False, 'cmake_clean_first': False, 'cmake_force_configure': False, 'cmake_target': None, 'cmake_target_skip_unavailable': False, 'install_base': '/home/huzy/My_OrionManipulator/install/orion', 'merge_install': False, 'path': '/home/huzy/My_OrionManipulator', 'symlink_install': False, 'test_result_base': None}
[0.367s] INFO:colcon.colcon_core.executor:Executing jobs using 'parallel' executor
[0.368s] DEBUG:colcon.colcon_parallel_executor.executor.parallel:run_until_complete
[0.368s] INFO:colcon.colcon_ros.task.ament_cmake.build:Building ROS package in '/home/huzy/My_OrionManipulator' with build type 'ament_cmake'
[0.369s] INFO:colcon.colcon_cmake.task.cmake.build:Building CMake package in '/home/huzy/My_OrionManipulator'
[0.370s] INFO:colcon.colcon_core.plugin_system:Skipping extension 'colcon_core.shell.bat': Not used on non-Windows systems
[0.371s] INFO:colcon.colcon_core.shell:Skip shell extension 'powershell' for command environment: Not usable outside of PowerShell
[0.371s] DEBUG:colcon.colcon_core.shell:Skip shell extension 'dsv' for command environment
[0.401s] DEBUG:colcon.colcon_core.event_handler.log_command:Invoking command in '/home/huzy/My_OrionManipulator/build/orion': CMAKE_PREFIX_PATH=${CMAKE_PREFIX_PATH}:/opt/ros/humble /usr/bin/cmake --build /home/huzy/My_OrionManipulator/build/orion -- -j8 -l8
[11.318s] DEBUG:colcon.colcon_core.event_handler.log_command:Invoked command in '/home/huzy/My_OrionManipulator/build/orion' returned '0': CMAKE_PREFIX_PATH=${CMAKE_PREFIX_PATH}:/opt/ros/humble /usr/bin/cmake --build /home/huzy/My_OrionManipulator/build/orion -- -j8 -l8
[11.339s] DEBUG:colcon.colcon_core.event_handler.log_command:Invoking command in '/home/huzy/My_OrionManipulator/build/orion': CMAKE_PREFIX_PATH=${CMAKE_PREFIX_PATH}:/opt/ros/humble /usr/bin/cmake --install /home/huzy/My_OrionManipulator/build/orion
[11.363s] Level 1:colcon.colcon_core.environment:create_environment_scripts_only(orion)
[11.364s] DEBUG:colcon.colcon_core.event_handler.log_command:Invoked command in '/home/huzy/My_OrionManipulator/build/orion' returned '0': CMAKE_PREFIX_PATH=${CMAKE_PREFIX_PATH}:/opt/ros/humble /usr/bin/cmake --install /home/huzy/My_OrionManipulator/build/orion
[11.366s] Level 1:colcon.colcon_core.environment:checking '/home/huzy/My_OrionManipulator/install/orion' for CMake module files
[11.367s] Level 1:colcon.colcon_core.environment:checking '/home/huzy/My_OrionManipulator/install/orion' for CMake config files
[11.367s] Level 1:colcon.colcon_core.shell:create_environment_hook('orion', 'cmake_prefix_path')
[11.367s] INFO:colcon.colcon_core.shell:Creating environment hook '/home/huzy/My_OrionManipulator/install/orion/share/orion/hook/cmake_prefix_path.ps1'
[11.368s] INFO:colcon.colcon_core.shell:Creating environment descriptor '/home/huzy/My_OrionManipulator/install/orion/share/orion/hook/cmake_prefix_path.dsv'
[11.368s] INFO:colcon.colcon_core.shell:Creating environment hook '/home/huzy/My_OrionManipulator/install/orion/share/orion/hook/cmake_prefix_path.sh'
[11.369s] Level 1:colcon.colcon_core.environment:checking '/home/huzy/My_OrionManipulator/install/orion/lib'
[11.370s] Level 1:colcon.colcon_core.environment:checking '/home/huzy/My_OrionManipulator/install/orion/bin'
[11.370s] Level 1:colcon.colcon_core.environment:checking '/home/huzy/My_OrionManipulator/install/orion/lib/pkgconfig/orion.pc'
[11.370s] Level 1:colcon.colcon_core.environment:checking '/home/huzy/My_OrionManipulator/install/orion/lib/python3.10/site-packages'
[11.370s] Level 1:colcon.colcon_core.environment:checking '/home/huzy/My_OrionManipulator/install/orion/bin'
[11.370s] INFO:colcon.colcon_core.shell:Creating package script '/home/huzy/My_OrionManipulator/install/orion/share/orion/package.ps1'
[11.371s] INFO:colcon.colcon_core.shell:Creating package descriptor '/home/huzy/My_OrionManipulator/install/orion/share/orion/package.dsv'
[11.371s] INFO:colcon.colcon_core.shell:Creating package script '/home/huzy/My_OrionManipulator/install/orion/share/orion/package.sh'
[11.372s] INFO:colcon.colcon_core.shell:Creating package script '/home/huzy/My_OrionManipulator/install/orion/share/orion/package.bash'
[11.373s] INFO:colcon.colcon_core.shell:Creating package script '/home/huzy/My_OrionManipulator/install/orion/share/orion/package.zsh'
[11.373s] Level 1:colcon.colcon_core.environment:create_file_with_runtime_dependencies(/home/huzy/My_OrionManipulator/install/orion/share/colcon-core/packages/orion)
[11.374s] Level 1:colcon.colcon_core.environment:create_environment_scripts_only(orion)
[11.374s] Level 1:colcon.colcon_core.environment:checking '/home/huzy/My_OrionManipulator/install/orion' for CMake module files
[11.374s] Level 1:colcon.colcon_core.environment:checking '/home/huzy/My_OrionManipulator/install/orion' for CMake config files
[11.374s] Level 1:colcon.colcon_core.shell:create_environment_hook('orion', 'cmake_prefix_path')
[11.375s] INFO:colcon.colcon_core.shell:Creating environment hook '/home/huzy/My_OrionManipulator/install/orion/share/orion/hook/cmake_prefix_path.ps1'
[11.375s] INFO:colcon.colcon_core.shell:Creating environment descriptor '/home/huzy/My_OrionManipulator/install/orion/share/orion/hook/cmake_prefix_path.dsv'
[11.376s] INFO:colcon.colcon_core.shell:Creating environment hook '/home/huzy/My_OrionManipulator/install/orion/share/orion/hook/cmake_prefix_path.sh'
[11.376s] Level 1:colcon.colcon_core.environment:checking '/home/huzy/My_OrionManipulator/install/orion/lib'
[11.377s] Level 1:colcon.colcon_core.environment:checking '/home/huzy/My_OrionManipulator/install/orion/bin'
[11.377s] Level 1:colcon.colcon_core.environment:checking '/home/huzy/My_OrionManipulator/install/orion/lib/pkgconfig/orion.pc'
[11.377s] Level 1:colcon.colcon_core.environment:checking '/home/huzy/My_OrionManipulator/install/orion/lib/python3.10/site-packages'
[11.377s] Level 1:colcon.colcon_core.environment:checking '/home/huzy/My_OrionManipulator/install/orion/bin'
[11.377s] INFO:colcon.colcon_core.shell:Creating package script '/home/huzy/My_OrionManipulator/install/orion/share/orion/package.ps1'
[11.378s] INFO:colcon.colcon_core.shell:Creating package descriptor '/home/huzy/My_OrionManipulator/install/orion/share/orion/package.dsv'
[11.378s] INFO:colcon.colcon_core.shell:Creating package script '/home/huzy/My_OrionManipulator/install/orion/share/orion/package.sh'
[11.379s] INFO:colcon.colcon_core.shell:Creating package script '/home/huzy/My_OrionManipulator/install/orion/share/orion/package.bash'
[11.379s] INFO:colcon.colcon_core.shell:Creating package script '/home/huzy/My_OrionManipulator/install/orion/share/orion/package.zsh'
[11.380s] Level 1:colcon.colcon_core.environment:create_file_with_runtime_dependencies(/home/huzy/My_OrionManipulator/install/orion/share/colcon-core/packages/orion)
[11.380s] DEBUG:colcon.colcon_parallel_executor.executor.parallel:closing loop
[11.381s] DEBUG:colcon.colcon_parallel_executor.executor.parallel:loop closed
[11.381s] DEBUG:colcon.colcon_parallel_executor.executor.parallel:run_until_complete finished with '0'
[11.381s] DEBUG:colcon.colcon_core.event_reactor:joining thread
[11.389s] INFO:colcon.colcon_core.plugin_system:Skipping extension 'colcon_notification.desktop_notification.terminal_notifier': Not used on non-Darwin systems
[11.389s] INFO:colcon.colcon_core.plugin_system:Skipping extension 'colcon_notification.desktop_notification.win32': Not used on non-Windows systems
[11.389s] INFO:colcon.colcon_notification.desktop_notification:Sending desktop notification using 'notify2'
[11.407s] DEBUG:colcon.colcon_core.event_reactor:joined thread
[11.408s] INFO:colcon.colcon_core.shell:Creating prefix script '/home/huzy/My_OrionManipulator/install/local_setup.ps1'
[11.409s] INFO:colcon.colcon_core.shell:Creating prefix util module '/home/huzy/My_OrionManipulator/install/_local_setup_util_ps1.py'
[11.410s] INFO:colcon.colcon_core.shell:Creating prefix chain script '/home/huzy/My_OrionManipulator/install/setup.ps1'
[11.412s] INFO:colcon.colcon_core.shell:Creating prefix script '/home/huzy/My_OrionManipulator/install/local_setup.sh'
[11.413s] INFO:colcon.colcon_core.shell:Creating prefix util module '/home/huzy/My_OrionManipulator/install/_local_setup_util_sh.py'
[11.413s] INFO:colcon.colcon_core.shell:Creating prefix chain script '/home/huzy/My_OrionManipulator/install/setup.sh'
[11.414s] INFO:colcon.colcon_core.shell:Creating prefix script '/home/huzy/My_OrionManipulator/install/local_setup.bash'
[11.415s] INFO:colcon.colcon_core.shell:Creating prefix chain script '/home/huzy/My_OrionManipulator/install/setup.bash'
[11.417s] INFO:colcon.colcon_core.shell:Creating prefix script '/home/huzy/My_OrionManipulator/install/local_setup.zsh'
[11.417s] INFO:colcon.colcon_core.shell:Creating prefix chain script '/home/huzy/My_OrionManipulator/install/setup.zsh'
