[0.087s] DEBUG:colcon:Command line arguments: ['/usr/bin/colcon', 'build']
[0.087s] DEBUG:colcon:Parsed command line arguments: Namespace(log_base=None, log_level=None, verb_name='build', build_base='build', install_base='install', merge_install=False, symlink_install=False, test_result_base=None, continue_on_error=False, executor='parallel', parallel_workers=8, event_handlers=None, ignore_user_meta=False, metas=['./colcon.meta'], base_paths=['.'], packages_ignore=None, packages_ignore_regex=None, paths=None, packages_up_to=None, packages_up_to_regex=None, packages_above=None, packages_above_and_dependencies=None, packages_above_depth=None, packages_select_by_dep=None, packages_skip_by_dep=None, packages_skip_up_to=None, packages_select_build_failed=False, packages_skip_build_finished=False, packages_select_test_failures=False, packages_skip_test_passed=False, packages_select=None, packages_skip=None, packages_select_regex=None, packages_skip_regex=None, packages_start=None, packages_end=None, allow_overriding=[], cmake_args=None, cmake_target=None, cmake_target_skip_unavailable=False, cmake_clean_cache=False, cmake_clean_first=False, cmake_force_configure=False, ament_cmake_args=None, catkin_cmake_args=None, catkin_skip_building_tests=False, mixin_files=None, mixin=None, verb_parser=<colcon_mixin.mixin.mixin_argument.MixinArgumentDecorator object at 0x79a4a3672560>, verb_extension=<colcon_core.verb.build.BuildVerb object at 0x79a4a3793490>, main=<bound method BuildVerb.main of <colcon_core.verb.build.BuildVerb object at 0x79a4a3793490>>, mixin_verb=('build',))
[0.208s] Level 1:colcon.colcon_core.package_discovery:discover_packages(colcon_meta) check parameters
[0.208s] Level 1:colcon.colcon_core.package_discovery:discover_packages(recursive) check parameters
[0.208s] Level 1:colcon.colcon_core.package_discovery:discover_packages(ignore) check parameters
[0.208s] Level 1:colcon.colcon_core.package_discovery:discover_packages(path) check parameters
[0.208s] Level 1:colcon.colcon_core.package_discovery:discover_packages(colcon_meta) discover
[0.208s] Level 1:colcon.colcon_core.package_discovery:discover_packages(recursive) discover
[0.208s] INFO:colcon.colcon_core.package_discovery:Crawling recursively for packages in '/home/huzy/My_OrionManipulator'
[0.209s] Level 1:colcon.colcon_core.package_identification:_identify(.) by extensions ['ignore', 'ignore_ament_install']
[0.209s] Level 1:colcon.colcon_core.package_identification:_identify(.) by extension 'ignore'
[0.209s] Level 1:colcon.colcon_core.package_identification:_identify(.) by extension 'ignore_ament_install'
[0.209s] Level 1:colcon.colcon_core.package_identification:_identify(.) by extensions ['colcon_pkg']
[0.209s] Level 1:colcon.colcon_core.package_identification:_identify(.) by extension 'colcon_pkg'
[0.209s] Level 1:colcon.colcon_core.package_identification:_identify(.) by extensions ['colcon_meta']
[0.209s] Level 1:colcon.colcon_core.package_identification:_identify(.) by extension 'colcon_meta'
[0.209s] Level 1:colcon.colcon_core.package_identification:_identify(.) by extensions ['ros']
[0.209s] Level 1:colcon.colcon_core.package_identification:_identify(.) by extension 'ros'
[0.229s] DEBUG:colcon.colcon_core.package_identification:Package '.' with type 'ros.ament_cmake' and name 'orion'
[0.229s] Level 1:colcon.colcon_core.package_discovery:discover_packages(recursive) using defaults
[0.229s] Level 1:colcon.colcon_core.package_discovery:discover_packages(ignore) discover
[0.229s] Level 1:colcon.colcon_core.package_discovery:discover_packages(ignore) using defaults
[0.229s] Level 1:colcon.colcon_core.package_discovery:discover_packages(path) discover
[0.229s] Level 1:colcon.colcon_core.package_discovery:discover_packages(path) using defaults
[0.243s] Level 1:colcon.colcon_core.package_discovery:discover_packages(prefix_path) check parameters
[0.243s] Level 1:colcon.colcon_core.package_discovery:discover_packages(prefix_path) discover
[0.243s] WARNING:colcon.colcon_core.prefix_path.colcon:The path '/home/huzy/orion/install' in the environment variable COLCON_PREFIX_PATH doesn't exist
[0.244s] WARNING:colcon.colcon_ros.prefix_path.ament:The path '/home/huzy/orion/install/orion' in the environment variable AMENT_PREFIX_PATH doesn't exist
[0.244s] WARNING:colcon.colcon_ros.prefix_path.catkin:The path '/home/huzy/orion/install/orion' in the environment variable CMAKE_PREFIX_PATH doesn't exist
[0.244s] DEBUG:colcon.colcon_installed_package_information.package_discovery:Found 1 installed packages in /home/huzy/My_OrionManipulator/install
[0.246s] DEBUG:colcon.colcon_installed_package_information.package_discovery:Found 428 installed packages in /opt/ros/humble
[0.248s] Level 1:colcon.colcon_core.package_discovery:discover_packages(prefix_path) using defaults
[0.281s] Level 5:colcon.colcon_core.verb:set package 'orion' build argument 'cmake_args' from command line to 'None'
[0.281s] Level 5:colcon.colcon_core.verb:set package 'orion' build argument 'cmake_target' from command line to 'None'
[0.281s] Level 5:colcon.colcon_core.verb:set package 'orion' build argument 'cmake_target_skip_unavailable' from command line to 'False'
[0.281s] Level 5:colcon.colcon_core.verb:set package 'orion' build argument 'cmake_clean_cache' from command line to 'False'
[0.281s] Level 5:colcon.colcon_core.verb:set package 'orion' build argument 'cmake_clean_first' from command line to 'False'
[0.281s] Level 5:colcon.colcon_core.verb:set package 'orion' build argument 'cmake_force_configure' from command line to 'False'
[0.281s] Level 5:colcon.colcon_core.verb:set package 'orion' build argument 'ament_cmake_args' from command line to 'None'
[0.281s] Level 5:colcon.colcon_core.verb:set package 'orion' build argument 'catkin_cmake_args' from command line to 'None'
[0.281s] Level 5:colcon.colcon_core.verb:set package 'orion' build argument 'catkin_skip_building_tests' from command line to 'False'
[0.281s] DEBUG:colcon.colcon_core.verb:Building package 'orion' with the following arguments: {'ament_cmake_args': None, 'build_base': '/home/huzy/My_OrionManipulator/build/orion', 'catkin_cmake_args': None, 'catkin_skip_building_tests': False, 'cmake_args': None, 'cmake_clean_cache': False, 'cmake_clean_first': False, 'cmake_force_configure': False, 'cmake_target': None, 'cmake_target_skip_unavailable': False, 'install_base': '/home/huzy/My_OrionManipulator/install/orion', 'merge_install': False, 'path': '/home/huzy/My_OrionManipulator', 'symlink_install': False, 'test_result_base': None}
[0.281s] INFO:colcon.colcon_core.executor:Executing jobs using 'parallel' executor
[0.282s] DEBUG:colcon.colcon_parallel_executor.executor.parallel:run_until_complete
[0.283s] INFO:colcon.colcon_ros.task.ament_cmake.build:Building ROS package in '/home/huzy/My_OrionManipulator' with build type 'ament_cmake'
[0.283s] INFO:colcon.colcon_cmake.task.cmake.build:Building CMake package in '/home/huzy/My_OrionManipulator'
[0.285s] INFO:colcon.colcon_core.plugin_system:Skipping extension 'colcon_core.shell.bat': Not used on non-Windows systems
[0.285s] INFO:colcon.colcon_core.shell:Skip shell extension 'powershell' for command environment: Not usable outside of PowerShell
[0.285s] DEBUG:colcon.colcon_core.shell:Skip shell extension 'dsv' for command environment
[0.295s] DEBUG:colcon.colcon_core.event_handler.log_command:Invoking command in '/home/huzy/My_OrionManipulator/build/orion': CMAKE_PREFIX_PATH=${CMAKE_PREFIX_PATH}:/opt/ros/humble /usr/bin/cmake --build /home/huzy/My_OrionManipulator/build/orion -- -j8 -l8
[8.558s] DEBUG:colcon.colcon_core.event_handler.log_command:Invoked command in '/home/huzy/My_OrionManipulator/build/orion' returned '0': CMAKE_PREFIX_PATH=${CMAKE_PREFIX_PATH}:/opt/ros/humble /usr/bin/cmake --build /home/huzy/My_OrionManipulator/build/orion -- -j8 -l8
[8.568s] DEBUG:colcon.colcon_core.event_handler.log_command:Invoking command in '/home/huzy/My_OrionManipulator/build/orion': CMAKE_PREFIX_PATH=${CMAKE_PREFIX_PATH}:/opt/ros/humble /usr/bin/cmake --install /home/huzy/My_OrionManipulator/build/orion
[8.578s] Level 1:colcon.colcon_core.environment:create_environment_scripts_only(orion)
[8.578s] DEBUG:colcon.colcon_core.event_handler.log_command:Invoked command in '/home/huzy/My_OrionManipulator/build/orion' returned '0': CMAKE_PREFIX_PATH=${CMAKE_PREFIX_PATH}:/opt/ros/humble /usr/bin/cmake --install /home/huzy/My_OrionManipulator/build/orion
[8.580s] Level 1:colcon.colcon_core.environment:checking '/home/huzy/My_OrionManipulator/install/orion' for CMake module files
[8.580s] Level 1:colcon.colcon_core.environment:checking '/home/huzy/My_OrionManipulator/install/orion' for CMake config files
[8.581s] Level 1:colcon.colcon_core.shell:create_environment_hook('orion', 'cmake_prefix_path')
[8.581s] INFO:colcon.colcon_core.shell:Creating environment hook '/home/huzy/My_OrionManipulator/install/orion/share/orion/hook/cmake_prefix_path.ps1'
[8.581s] INFO:colcon.colcon_core.shell:Creating environment descriptor '/home/huzy/My_OrionManipulator/install/orion/share/orion/hook/cmake_prefix_path.dsv'
[8.582s] INFO:colcon.colcon_core.shell:Creating environment hook '/home/huzy/My_OrionManipulator/install/orion/share/orion/hook/cmake_prefix_path.sh'
[8.583s] Level 1:colcon.colcon_core.environment:checking '/home/huzy/My_OrionManipulator/install/orion/lib'
[8.583s] Level 1:colcon.colcon_core.environment:checking '/home/huzy/My_OrionManipulator/install/orion/bin'
[8.583s] Level 1:colcon.colcon_core.environment:checking '/home/huzy/My_OrionManipulator/install/orion/lib/pkgconfig/orion.pc'
[8.583s] Level 1:colcon.colcon_core.environment:checking '/home/huzy/My_OrionManipulator/install/orion/lib/python3.10/site-packages'
[8.583s] Level 1:colcon.colcon_core.environment:checking '/home/huzy/My_OrionManipulator/install/orion/bin'
[8.584s] INFO:colcon.colcon_core.shell:Creating package script '/home/huzy/My_OrionManipulator/install/orion/share/orion/package.ps1'
[8.584s] INFO:colcon.colcon_core.shell:Creating package descriptor '/home/huzy/My_OrionManipulator/install/orion/share/orion/package.dsv'
[8.585s] INFO:colcon.colcon_core.shell:Creating package script '/home/huzy/My_OrionManipulator/install/orion/share/orion/package.sh'
[8.586s] INFO:colcon.colcon_core.shell:Creating package script '/home/huzy/My_OrionManipulator/install/orion/share/orion/package.bash'
[8.586s] INFO:colcon.colcon_core.shell:Creating package script '/home/huzy/My_OrionManipulator/install/orion/share/orion/package.zsh'
[8.587s] Level 1:colcon.colcon_core.environment:create_file_with_runtime_dependencies(/home/huzy/My_OrionManipulator/install/orion/share/colcon-core/packages/orion)
[8.587s] Level 1:colcon.colcon_core.environment:create_environment_scripts_only(orion)
[8.588s] Level 1:colcon.colcon_core.environment:checking '/home/huzy/My_OrionManipulator/install/orion' for CMake module files
[8.588s] Level 1:colcon.colcon_core.environment:checking '/home/huzy/My_OrionManipulator/install/orion' for CMake config files
[8.588s] Level 1:colcon.colcon_core.shell:create_environment_hook('orion', 'cmake_prefix_path')
[8.588s] INFO:colcon.colcon_core.shell:Creating environment hook '/home/huzy/My_OrionManipulator/install/orion/share/orion/hook/cmake_prefix_path.ps1'
[8.589s] INFO:colcon.colcon_core.shell:Creating environment descriptor '/home/huzy/My_OrionManipulator/install/orion/share/orion/hook/cmake_prefix_path.dsv'
[8.589s] INFO:colcon.colcon_core.shell:Creating environment hook '/home/huzy/My_OrionManipulator/install/orion/share/orion/hook/cmake_prefix_path.sh'
[8.590s] Level 1:colcon.colcon_core.environment:checking '/home/huzy/My_OrionManipulator/install/orion/lib'
[8.590s] Level 1:colcon.colcon_core.environment:checking '/home/huzy/My_OrionManipulator/install/orion/bin'
[8.590s] Level 1:colcon.colcon_core.environment:checking '/home/huzy/My_OrionManipulator/install/orion/lib/pkgconfig/orion.pc'
[8.590s] Level 1:colcon.colcon_core.environment:checking '/home/huzy/My_OrionManipulator/install/orion/lib/python3.10/site-packages'
[8.590s] Level 1:colcon.colcon_core.environment:checking '/home/huzy/My_OrionManipulator/install/orion/bin'
[8.590s] INFO:colcon.colcon_core.shell:Creating package script '/home/huzy/My_OrionManipulator/install/orion/share/orion/package.ps1'
[8.591s] INFO:colcon.colcon_core.shell:Creating package descriptor '/home/huzy/My_OrionManipulator/install/orion/share/orion/package.dsv'
[8.591s] INFO:colcon.colcon_core.shell:Creating package script '/home/huzy/My_OrionManipulator/install/orion/share/orion/package.sh'
[8.592s] INFO:colcon.colcon_core.shell:Creating package script '/home/huzy/My_OrionManipulator/install/orion/share/orion/package.bash'
[8.592s] INFO:colcon.colcon_core.shell:Creating package script '/home/huzy/My_OrionManipulator/install/orion/share/orion/package.zsh'
[8.593s] Level 1:colcon.colcon_core.environment:create_file_with_runtime_dependencies(/home/huzy/My_OrionManipulator/install/orion/share/colcon-core/packages/orion)
[8.593s] DEBUG:colcon.colcon_parallel_executor.executor.parallel:closing loop
[8.594s] DEBUG:colcon.colcon_parallel_executor.executor.parallel:loop closed
[8.594s] DEBUG:colcon.colcon_parallel_executor.executor.parallel:run_until_complete finished with '0'
[8.594s] DEBUG:colcon.colcon_core.event_reactor:joining thread
[8.598s] INFO:colcon.colcon_core.plugin_system:Skipping extension 'colcon_notification.desktop_notification.terminal_notifier': Not used on non-Darwin systems
[8.598s] INFO:colcon.colcon_core.plugin_system:Skipping extension 'colcon_notification.desktop_notification.win32': Not used on non-Windows systems
[8.598s] INFO:colcon.colcon_notification.desktop_notification:Sending desktop notification using 'notify2'
[8.607s] DEBUG:colcon.colcon_core.event_reactor:joined thread
[8.608s] INFO:colcon.colcon_core.shell:Creating prefix script '/home/huzy/My_OrionManipulator/install/local_setup.ps1'
[8.609s] INFO:colcon.colcon_core.shell:Creating prefix util module '/home/huzy/My_OrionManipulator/install/_local_setup_util_ps1.py'
[8.610s] INFO:colcon.colcon_core.shell:Creating prefix chain script '/home/huzy/My_OrionManipulator/install/setup.ps1'
[8.611s] INFO:colcon.colcon_core.shell:Creating prefix script '/home/huzy/My_OrionManipulator/install/local_setup.sh'
[8.612s] INFO:colcon.colcon_core.shell:Creating prefix util module '/home/huzy/My_OrionManipulator/install/_local_setup_util_sh.py'
[8.612s] INFO:colcon.colcon_core.shell:Creating prefix chain script '/home/huzy/My_OrionManipulator/install/setup.sh'
[8.613s] INFO:colcon.colcon_core.shell:Creating prefix script '/home/huzy/My_OrionManipulator/install/local_setup.bash'
[8.614s] INFO:colcon.colcon_core.shell:Creating prefix chain script '/home/huzy/My_OrionManipulator/install/setup.bash'
[8.615s] INFO:colcon.colcon_core.shell:Creating prefix script '/home/huzy/My_OrionManipulator/install/local_setup.zsh'
[8.615s] INFO:colcon.colcon_core.shell:Creating prefix chain script '/home/huzy/My_OrionManipulator/install/setup.zsh'
