[0.000000] (-) TimerEvent: {}
[0.000259] (orion) JobQueued: {'identifier': 'orion', 'dependencies': OrderedDict()}
[0.000304] (orion) JobStarted: {'identifier': 'orion'}
[0.028177] (orion) JobProgress: {'identifier': 'orion', 'progress': 'cmake'}
[0.029093] (orion) JobProgress: {'identifier': 'orion', 'progress': 'build'}
[0.029774] (orion) Command: {'cmd': ['/usr/bin/cmake', '--build', '/home/huzy/My_OrionManipulator/build/orion', '--', '-j8', '-l8'], 'cwd': '/home/huzy/My_OrionManipulator/build/orion', 'env': OrderedDict([('LESSOPEN', '| /usr/bin/lesspipe %s'), ('VSCODE_CWD', '/home/huzy/Downloads'), ('CURSOR_EXTENSION_HOST_ROLE', 'agent-exec'), ('VSCODE_ESM_ENTRYPOINT', 'vs/workbench/api/node/extensionHostProcess'), ('LANGUAGE', 'zh_CN:en_AU:en_US:en'), ('USER', 'huzy'), ('LC_TIME', 'zh_CN.UTF-8'), ('VSCODE_NLS_CONFIG', '{"userLocale":"zh-cn","osLocale":"zh-cn","resolvedLanguage":"zh-cn","defaultMessagesFile":"/tmp/.mount_CursorZMftWu/usr/share/cursor/resources/app/out/nls.messages.json","languagePack":{"translationsConfigFile":"/home/huzy/.config/Cursor/clp/3bfb7f1471a52e527cfc1587dd57c7c1.zh-cn/tcf.json","messagesFile":"/home/huzy/.config/Cursor/clp/3bfb7f1471a52e527cfc1587dd57c7c1.zh-cn/7150844152b426ed50d2b68dd6b33b5c5beb73c0/nls.messages.json","corruptMarkerFile":"/home/huzy/.config/Cursor/clp/3bfb7f1471a52e527cfc1587dd57c7c1.zh-cn/corrupted.info"},"locale":"zh-cn","availableLanguages":{"*":"zh-cn"},"_languagePackId":"3bfb7f1471a52e527cfc1587dd57c7c1.zh-cn","_languagePackSupport":true,"_translationsConfigFile":"/home/huzy/.config/Cursor/clp/3bfb7f1471a52e527cfc1587dd57c7c1.zh-cn/tcf.json","_cacheRoot":"/home/huzy/.config/Cursor/clp/3bfb7f1471a52e527cfc1587dd57c7c1.zh-cn","_resolvedLanguagePackCoreLocation":"/home/huzy/.config/Cursor/clp/3bfb7f1471a52e527cfc1587dd57c7c1.zh-cn/7150844152b426ed50d2b68dd6b33b5c5beb73c0","_corruptedFile":"/home/huzy/.config/Cursor/clp/3bfb7f1471a52e527cfc1587dd57c7c1.zh-cn/corrupted.info"}'), ('CI', '1'), ('VSCODE_HANDLES_UNCAUGHT_ERRORS', 'true'), ('XDG_SESSION_TYPE', 'wayland'), ('SHLVL', '2'), ('LD_LIBRARY_PATH', '/tmp/.mount_CursorZMftWu/usr/lib/:/tmp/.mount_CursorZMftWu/usr/lib32/:/tmp/.mount_CursorZMftWu/usr/lib64/:/tmp/.mount_CursorZMftWu/lib/:/tmp/.mount_CursorZMftWu/lib/i386-linux-gnu/:/tmp/.mount_CursorZMftWu/lib/x86_64-linux-gnu/:/tmp/.mount_CursorZMftWu/lib/aarch64-linux-gnu/:/tmp/.mount_CursorZMftWu/lib32/:/tmp/.mount_CursorZMftWu/lib64/:/usr/lib/x86_64-linux-gnu/gazebo-11/plugins:/opt/ros/humble/opt/rviz_ogre_vendor/lib:/opt/ros/humble/lib/x86_64-linux-gnu:/opt/ros/humble/lib'), ('HOME', '/home/huzy'), ('CHROME_DESKTOP', 'cursor.desktop'), ('APPDIR', '/tmp/.mount_CursorZMftWu'), ('OLDPWD', '/home/huzy/My_OrionManipulator'), ('DESKTOP_SESSION', 'ubuntu'), ('PERLLIB', '/tmp/.mount_CursorZMftWu/usr/share/perl5/:/tmp/.mount_CursorZMftWu/usr/lib/perl5/:'), ('VSCODE_IPC_HOOK', '/run/user/1000/vscode-294d73a8-2.5.-main.sock'), ('ROS_PYTHON_VERSION', '3'), ('GNOME_SHELL_SESSION_MODE', 'ubuntu'), ('GTK_MODULES', 'gail:atk-bridge'), ('LC_MONETARY', 'zh_CN.UTF-8'), ('SYSTEMD_EXEC_PID', '1962'), ('IM_CONFIG_CHECK_ENV', '1'), ('NO_COLOR', '1'), ('DBUS_SESSION_BUS_ADDRESS', 'unix:path=/run/user/1000/bus'), ('COLORTERM', 'truecolor'), ('VSCODE_CRASH_REPORTER_PROCESS_TYPE', 'extensionHost'), ('IM_CONFIG_PHASE', '1'), ('WAYLAND_DISPLAY', 'wayland-0'), ('COLCON_PREFIX_PATH', '/home/huzy/My_OrionManipulator/install'), ('ROS_DISTRO', 'humble'), ('GTK_IM_MODULE', 'fcitx'), ('LOGNAME', 'huzy'), ('FORCE_COLOR', '0'), ('OWD', '/home/huzy/Downloads'), ('_', '/usr/bin/colcon'), ('ROS_VERSION', '2'), ('XDG_SESSION_CLASS', 'user'), ('USERNAME', 'huzy'), ('TERM', 'dumb'), ('GNOME_DESKTOP_SESSION_ID', 'this-is-deprecated'), ('FC_FONTATIONS', '1'), ('ROS_LOCALHOST_ONLY', '0'), ('PATH', '/home/huzy/.local/bin:/home/huzy/.local/bin:/tmp/.mount_CursorZMftWu/usr/bin/:/tmp/.mount_CursorZMftWu/usr/sbin/:/tmp/.mount_CursorZMftWu/usr/games/:/tmp/.mount_CursorZMftWu/bin/:/tmp/.mount_CursorZMftWu/sbin/:/opt/ros/humble/bin:/home/huzy/.local/bin:/usr/local/sbin:/usr/local/bin:/usr/sbin:/usr/bin:/sbin:/bin:/usr/games:/usr/local/games:/snap/bin:/snap/bin'), ('SESSION_MANAGER', 'local/huzy-virtual-machine:@/tmp/.ICE-unix/1772,unix/huzy-virtual-machine:/tmp/.ICE-unix/1772'), ('PAPERSIZE', 'a4'), ('APPIMAGE', '/home/huzy/Downloads/Cursor-1.4.5-x86_64.AppImage'), ('XDG_MENU_PREFIX', 'gnome-'), ('LC_ADDRESS', 'zh_CN.UTF-8'), ('VSCODE_PROCESS_TITLE', 'extension-host (agent-exec) [1-12]'), ('GNOME_TERMINAL_SCREEN', '/org/gnome/Terminal/screen/5867c502_f306_4b97_b7ce_869e3ab86c6d'), ('GNOME_SETUP_DISPLAY', ':1'), ('XDG_RUNTIME_DIR', '/run/user/1000'), ('GDK_BACKEND', 'wayland'), ('CURSOR_AGENT', '1'), ('DISPLAY', ':0'), ('LANG', 'zh_CN.UTF-8'), ('XDG_CURRENT_DESKTOP', 'ubuntu:GNOME'), ('LC_TELEPHONE', 'zh_CN.UTF-8'), ('XMODIFIERS', '@im=fcitx'), ('XDG_SESSION_DESKTOP', 'ubuntu'), ('XAUTHORITY', '/run/user/1000/.mutter-Xwaylandauth.6TNQL3'), ('LS_COLORS', ''), ('GNOME_TERMINAL_SERVICE', ':1.123'), ('CURSOR_TRACE_ID', '063d243d02124a50bb4d411afba42f00'), ('SSH_AGENT_LAUNCHER', 'gnome-keyring'), ('SSH_AUTH_SOCK', '/run/user/1000/keyring/ssh'), ('GSETTINGS_SCHEMA_DIR', '/tmp/.mount_CursorZMftWu/usr/share/glib-2.0/schemas/:'), ('AMENT_PREFIX_PATH', '/home/huzy/My_OrionManipulator/install/orion:/opt/ros/humble'), ('SHELL', '/bin/bash'), ('LC_NAME', 'zh_CN.UTF-8'), ('ARGV0', './Cursor-1.4.5-x86_64.AppImage'), ('QT_ACCESSIBILITY', '1'), ('GDMSESSION', 'ubuntu'), ('LESSCLOSE', '/usr/bin/lesspipe %s %s'), ('LC_MEASUREMENT', 'zh_CN.UTF-8'), ('LC_IDENTIFICATION', 'zh_CN.UTF-8'), ('QT_IM_MODULE', 'fcitx'), ('PWD', '/home/huzy/My_OrionManipulator/build/orion'), ('XDG_CONFIG_DIRS', '/etc/xdg/xdg-ubuntu:/etc/xdg'), ('VSCODE_CODE_CACHE_PATH', '/home/huzy/.config/Cursor/CachedData/7150844152b426ed50d2b68dd6b33b5c5beb73c0'), ('CLUTTER_IM_MODULE', 'fcitx'), ('XDG_DATA_DIRS', '/tmp/.mount_CursorZMftWu/usr/share/:/usr/local/share:/usr/share:/usr/share/ubuntu:/usr/local/share/:/usr/share/:/var/lib/snapd/desktop'), ('PYTHONPATH', '/opt/ros/humble/lib/python3.10/site-packages:/opt/ros/humble/local/lib/python3.10/dist-packages'), ('LC_NUMERIC', 'zh_CN.UTF-8'), ('LC_PAPER', 'zh_CN.UTF-8'), ('QT_PLUGIN_PATH', '/tmp/.mount_CursorZMftWu/usr/lib/qt4/plugins/:/tmp/.mount_CursorZMftWu/usr/lib/i386-linux-gnu/qt4/plugins/:/tmp/.mount_CursorZMftWu/usr/lib/x86_64-linux-gnu/qt4/plugins/:/tmp/.mount_CursorZMftWu/usr/lib/aarch64-linux-gnu/qt4/plugins/:/tmp/.mount_CursorZMftWu/usr/lib32/qt4/plugins/:/tmp/.mount_CursorZMftWu/usr/lib64/qt4/plugins/:/tmp/.mount_CursorZMftWu/usr/lib/qt5/plugins/:/tmp/.mount_CursorZMftWu/usr/lib/i386-linux-gnu/qt5/plugins/:/tmp/.mount_CursorZMftWu/usr/lib/x86_64-linux-gnu/qt5/plugins/:/tmp/.mount_CursorZMftWu/usr/lib/aarch64-linux-gnu/qt5/plugins/:/tmp/.mount_CursorZMftWu/usr/lib32/qt5/plugins/:/tmp/.mount_CursorZMftWu/usr/lib64/qt5/plugins/:'), ('COLCON', '1'), ('_ZO_DOCTOR', '0'), ('VTE_VERSION', '6800'), ('CMAKE_PREFIX_PATH', '/home/huzy/My_OrionManipulator/install/orion:/opt/ros/humble'), ('VSCODE_PID', '19069')]), 'shell': False}
[0.098814] (-) TimerEvent: {}
[0.165889] (orion) StdoutLine: {'line': b'Consolidate compiler generated dependencies of target orion_mtc_node\n'}
[0.199009] (-) TimerEvent: {}
[0.209631] (orion) StdoutLine: {'line': b'[ 50%] Building CXX object CMakeFiles/orion_mtc_node.dir/src/orion_mtc_node.cpp.o\n'}
[0.299191] (-) TimerEvent: {}
[0.399488] (-) TimerEvent: {}
[0.499786] (-) TimerEvent: {}
[0.600097] (-) TimerEvent: {}
[0.700398] (-) TimerEvent: {}
[0.800795] (-) TimerEvent: {}
[0.901185] (-) TimerEvent: {}
[1.001460] (-) TimerEvent: {}
[1.101754] (-) TimerEvent: {}
[1.202042] (-) TimerEvent: {}
[1.302418] (-) TimerEvent: {}
[1.402857] (-) TimerEvent: {}
[1.503199] (-) TimerEvent: {}
[1.603493] (-) TimerEvent: {}
[1.703807] (-) TimerEvent: {}
[1.804265] (-) TimerEvent: {}
[1.904591] (-) TimerEvent: {}
[2.004911] (-) TimerEvent: {}
[2.105276] (-) TimerEvent: {}
[2.205647] (-) TimerEvent: {}
[2.305999] (-) TimerEvent: {}
[2.406312] (-) TimerEvent: {}
[2.506638] (-) TimerEvent: {}
[2.606938] (-) TimerEvent: {}
[2.707274] (-) TimerEvent: {}
[2.807558] (-) TimerEvent: {}
[2.907844] (-) TimerEvent: {}
[3.008157] (-) TimerEvent: {}
[3.108459] (-) TimerEvent: {}
[3.208754] (-) TimerEvent: {}
[3.309161] (-) TimerEvent: {}
[3.409451] (-) TimerEvent: {}
[3.509752] (-) TimerEvent: {}
[3.610084] (-) TimerEvent: {}
[3.710380] (-) TimerEvent: {}
[3.810699] (-) TimerEvent: {}
[3.911068] (-) TimerEvent: {}
[4.011414] (-) TimerEvent: {}
[4.111728] (-) TimerEvent: {}
[4.212072] (-) TimerEvent: {}
[4.312392] (-) TimerEvent: {}
[4.412715] (-) TimerEvent: {}
[4.513028] (-) TimerEvent: {}
[4.613382] (-) TimerEvent: {}
[4.713683] (-) TimerEvent: {}
[4.814029] (-) TimerEvent: {}
[4.914323] (-) TimerEvent: {}
[5.014634] (-) TimerEvent: {}
[5.114941] (-) TimerEvent: {}
[5.215210] (-) TimerEvent: {}
[5.315555] (-) TimerEvent: {}
[5.415935] (-) TimerEvent: {}
[5.516244] (-) TimerEvent: {}
[5.616529] (-) TimerEvent: {}
[5.716816] (-) TimerEvent: {}
[5.817110] (-) TimerEvent: {}
[5.917405] (-) TimerEvent: {}
[6.017712] (-) TimerEvent: {}
[6.118029] (-) TimerEvent: {}
[6.218354] (-) TimerEvent: {}
[6.318652] (-) TimerEvent: {}
[6.418946] (-) TimerEvent: {}
[6.519291] (-) TimerEvent: {}
[6.619599] (-) TimerEvent: {}
[6.720004] (-) TimerEvent: {}
[6.820314] (-) TimerEvent: {}
[6.920646] (-) TimerEvent: {}
[7.020966] (-) TimerEvent: {}
[7.121329] (-) TimerEvent: {}
[7.221661] (-) TimerEvent: {}
[7.322032] (-) TimerEvent: {}
[7.422353] (-) TimerEvent: {}
[7.522732] (-) TimerEvent: {}
[7.623295] (-) TimerEvent: {}
[7.723609] (-) TimerEvent: {}
[7.824009] (-) TimerEvent: {}
[7.924330] (-) TimerEvent: {}
[8.024635] (-) TimerEvent: {}
[8.124950] (-) TimerEvent: {}
[8.225275] (-) TimerEvent: {}
[8.325562] (-) TimerEvent: {}
[8.426122] (-) TimerEvent: {}
[8.526431] (-) TimerEvent: {}
[8.626769] (-) TimerEvent: {}
[8.727069] (-) TimerEvent: {}
[8.827366] (-) TimerEvent: {}
[8.927671] (-) TimerEvent: {}
[9.028042] (-) TimerEvent: {}
[9.098350] (orion) StdoutLine: {'line': b'[100%] Linking CXX executable orion_mtc_node\n'}
[9.128196] (-) TimerEvent: {}
[9.228505] (-) TimerEvent: {}
[9.328831] (-) TimerEvent: {}
[9.429154] (-) TimerEvent: {}
[9.441438] (orion) StdoutLine: {'line': b'[100%] Built target orion_mtc_node\n'}
[9.463524] (orion) CommandEnded: {'returncode': 0}
[9.464491] (orion) JobProgress: {'identifier': 'orion', 'progress': 'install'}
[9.483168] (orion) Command: {'cmd': ['/usr/bin/cmake', '--install', '/home/huzy/My_OrionManipulator/build/orion'], 'cwd': '/home/huzy/My_OrionManipulator/build/orion', 'env': OrderedDict([('LESSOPEN', '| /usr/bin/lesspipe %s'), ('VSCODE_CWD', '/home/huzy/Downloads'), ('CURSOR_EXTENSION_HOST_ROLE', 'agent-exec'), ('VSCODE_ESM_ENTRYPOINT', 'vs/workbench/api/node/extensionHostProcess'), ('LANGUAGE', 'zh_CN:en_AU:en_US:en'), ('USER', 'huzy'), ('LC_TIME', 'zh_CN.UTF-8'), ('VSCODE_NLS_CONFIG', '{"userLocale":"zh-cn","osLocale":"zh-cn","resolvedLanguage":"zh-cn","defaultMessagesFile":"/tmp/.mount_CursorZMftWu/usr/share/cursor/resources/app/out/nls.messages.json","languagePack":{"translationsConfigFile":"/home/huzy/.config/Cursor/clp/3bfb7f1471a52e527cfc1587dd57c7c1.zh-cn/tcf.json","messagesFile":"/home/huzy/.config/Cursor/clp/3bfb7f1471a52e527cfc1587dd57c7c1.zh-cn/7150844152b426ed50d2b68dd6b33b5c5beb73c0/nls.messages.json","corruptMarkerFile":"/home/huzy/.config/Cursor/clp/3bfb7f1471a52e527cfc1587dd57c7c1.zh-cn/corrupted.info"},"locale":"zh-cn","availableLanguages":{"*":"zh-cn"},"_languagePackId":"3bfb7f1471a52e527cfc1587dd57c7c1.zh-cn","_languagePackSupport":true,"_translationsConfigFile":"/home/huzy/.config/Cursor/clp/3bfb7f1471a52e527cfc1587dd57c7c1.zh-cn/tcf.json","_cacheRoot":"/home/huzy/.config/Cursor/clp/3bfb7f1471a52e527cfc1587dd57c7c1.zh-cn","_resolvedLanguagePackCoreLocation":"/home/huzy/.config/Cursor/clp/3bfb7f1471a52e527cfc1587dd57c7c1.zh-cn/7150844152b426ed50d2b68dd6b33b5c5beb73c0","_corruptedFile":"/home/huzy/.config/Cursor/clp/3bfb7f1471a52e527cfc1587dd57c7c1.zh-cn/corrupted.info"}'), ('CI', '1'), ('VSCODE_HANDLES_UNCAUGHT_ERRORS', 'true'), ('XDG_SESSION_TYPE', 'wayland'), ('SHLVL', '2'), ('LD_LIBRARY_PATH', '/tmp/.mount_CursorZMftWu/usr/lib/:/tmp/.mount_CursorZMftWu/usr/lib32/:/tmp/.mount_CursorZMftWu/usr/lib64/:/tmp/.mount_CursorZMftWu/lib/:/tmp/.mount_CursorZMftWu/lib/i386-linux-gnu/:/tmp/.mount_CursorZMftWu/lib/x86_64-linux-gnu/:/tmp/.mount_CursorZMftWu/lib/aarch64-linux-gnu/:/tmp/.mount_CursorZMftWu/lib32/:/tmp/.mount_CursorZMftWu/lib64/:/usr/lib/x86_64-linux-gnu/gazebo-11/plugins:/opt/ros/humble/opt/rviz_ogre_vendor/lib:/opt/ros/humble/lib/x86_64-linux-gnu:/opt/ros/humble/lib'), ('HOME', '/home/huzy'), ('CHROME_DESKTOP', 'cursor.desktop'), ('APPDIR', '/tmp/.mount_CursorZMftWu'), ('OLDPWD', '/home/huzy/My_OrionManipulator'), ('DESKTOP_SESSION', 'ubuntu'), ('PERLLIB', '/tmp/.mount_CursorZMftWu/usr/share/perl5/:/tmp/.mount_CursorZMftWu/usr/lib/perl5/:'), ('VSCODE_IPC_HOOK', '/run/user/1000/vscode-294d73a8-2.5.-main.sock'), ('ROS_PYTHON_VERSION', '3'), ('GNOME_SHELL_SESSION_MODE', 'ubuntu'), ('GTK_MODULES', 'gail:atk-bridge'), ('LC_MONETARY', 'zh_CN.UTF-8'), ('SYSTEMD_EXEC_PID', '1962'), ('IM_CONFIG_CHECK_ENV', '1'), ('NO_COLOR', '1'), ('DBUS_SESSION_BUS_ADDRESS', 'unix:path=/run/user/1000/bus'), ('COLORTERM', 'truecolor'), ('VSCODE_CRASH_REPORTER_PROCESS_TYPE', 'extensionHost'), ('IM_CONFIG_PHASE', '1'), ('WAYLAND_DISPLAY', 'wayland-0'), ('COLCON_PREFIX_PATH', '/home/huzy/My_OrionManipulator/install'), ('ROS_DISTRO', 'humble'), ('GTK_IM_MODULE', 'fcitx'), ('LOGNAME', 'huzy'), ('FORCE_COLOR', '0'), ('OWD', '/home/huzy/Downloads'), ('_', '/usr/bin/colcon'), ('ROS_VERSION', '2'), ('XDG_SESSION_CLASS', 'user'), ('USERNAME', 'huzy'), ('TERM', 'dumb'), ('GNOME_DESKTOP_SESSION_ID', 'this-is-deprecated'), ('FC_FONTATIONS', '1'), ('ROS_LOCALHOST_ONLY', '0'), ('PATH', '/home/huzy/.local/bin:/home/huzy/.local/bin:/tmp/.mount_CursorZMftWu/usr/bin/:/tmp/.mount_CursorZMftWu/usr/sbin/:/tmp/.mount_CursorZMftWu/usr/games/:/tmp/.mount_CursorZMftWu/bin/:/tmp/.mount_CursorZMftWu/sbin/:/opt/ros/humble/bin:/home/huzy/.local/bin:/usr/local/sbin:/usr/local/bin:/usr/sbin:/usr/bin:/sbin:/bin:/usr/games:/usr/local/games:/snap/bin:/snap/bin'), ('SESSION_MANAGER', 'local/huzy-virtual-machine:@/tmp/.ICE-unix/1772,unix/huzy-virtual-machine:/tmp/.ICE-unix/1772'), ('PAPERSIZE', 'a4'), ('APPIMAGE', '/home/huzy/Downloads/Cursor-1.4.5-x86_64.AppImage'), ('XDG_MENU_PREFIX', 'gnome-'), ('LC_ADDRESS', 'zh_CN.UTF-8'), ('VSCODE_PROCESS_TITLE', 'extension-host (agent-exec) [1-12]'), ('GNOME_TERMINAL_SCREEN', '/org/gnome/Terminal/screen/5867c502_f306_4b97_b7ce_869e3ab86c6d'), ('GNOME_SETUP_DISPLAY', ':1'), ('XDG_RUNTIME_DIR', '/run/user/1000'), ('GDK_BACKEND', 'wayland'), ('CURSOR_AGENT', '1'), ('DISPLAY', ':0'), ('LANG', 'zh_CN.UTF-8'), ('XDG_CURRENT_DESKTOP', 'ubuntu:GNOME'), ('LC_TELEPHONE', 'zh_CN.UTF-8'), ('XMODIFIERS', '@im=fcitx'), ('XDG_SESSION_DESKTOP', 'ubuntu'), ('XAUTHORITY', '/run/user/1000/.mutter-Xwaylandauth.6TNQL3'), ('LS_COLORS', ''), ('GNOME_TERMINAL_SERVICE', ':1.123'), ('CURSOR_TRACE_ID', '063d243d02124a50bb4d411afba42f00'), ('SSH_AGENT_LAUNCHER', 'gnome-keyring'), ('SSH_AUTH_SOCK', '/run/user/1000/keyring/ssh'), ('GSETTINGS_SCHEMA_DIR', '/tmp/.mount_CursorZMftWu/usr/share/glib-2.0/schemas/:'), ('AMENT_PREFIX_PATH', '/home/huzy/My_OrionManipulator/install/orion:/opt/ros/humble'), ('SHELL', '/bin/bash'), ('LC_NAME', 'zh_CN.UTF-8'), ('ARGV0', './Cursor-1.4.5-x86_64.AppImage'), ('QT_ACCESSIBILITY', '1'), ('GDMSESSION', 'ubuntu'), ('LESSCLOSE', '/usr/bin/lesspipe %s %s'), ('LC_MEASUREMENT', 'zh_CN.UTF-8'), ('LC_IDENTIFICATION', 'zh_CN.UTF-8'), ('QT_IM_MODULE', 'fcitx'), ('PWD', '/home/huzy/My_OrionManipulator/build/orion'), ('XDG_CONFIG_DIRS', '/etc/xdg/xdg-ubuntu:/etc/xdg'), ('VSCODE_CODE_CACHE_PATH', '/home/huzy/.config/Cursor/CachedData/7150844152b426ed50d2b68dd6b33b5c5beb73c0'), ('CLUTTER_IM_MODULE', 'fcitx'), ('XDG_DATA_DIRS', '/tmp/.mount_CursorZMftWu/usr/share/:/usr/local/share:/usr/share:/usr/share/ubuntu:/usr/local/share/:/usr/share/:/var/lib/snapd/desktop'), ('PYTHONPATH', '/opt/ros/humble/lib/python3.10/site-packages:/opt/ros/humble/local/lib/python3.10/dist-packages'), ('LC_NUMERIC', 'zh_CN.UTF-8'), ('LC_PAPER', 'zh_CN.UTF-8'), ('QT_PLUGIN_PATH', '/tmp/.mount_CursorZMftWu/usr/lib/qt4/plugins/:/tmp/.mount_CursorZMftWu/usr/lib/i386-linux-gnu/qt4/plugins/:/tmp/.mount_CursorZMftWu/usr/lib/x86_64-linux-gnu/qt4/plugins/:/tmp/.mount_CursorZMftWu/usr/lib/aarch64-linux-gnu/qt4/plugins/:/tmp/.mount_CursorZMftWu/usr/lib32/qt4/plugins/:/tmp/.mount_CursorZMftWu/usr/lib64/qt4/plugins/:/tmp/.mount_CursorZMftWu/usr/lib/qt5/plugins/:/tmp/.mount_CursorZMftWu/usr/lib/i386-linux-gnu/qt5/plugins/:/tmp/.mount_CursorZMftWu/usr/lib/x86_64-linux-gnu/qt5/plugins/:/tmp/.mount_CursorZMftWu/usr/lib/aarch64-linux-gnu/qt5/plugins/:/tmp/.mount_CursorZMftWu/usr/lib32/qt5/plugins/:/tmp/.mount_CursorZMftWu/usr/lib64/qt5/plugins/:'), ('COLCON', '1'), ('_ZO_DOCTOR', '0'), ('VTE_VERSION', '6800'), ('CMAKE_PREFIX_PATH', '/home/huzy/My_OrionManipulator/install/orion:/opt/ros/humble'), ('VSCODE_PID', '19069')]), 'shell': False}
[9.502318] (orion) StdoutLine: {'line': b'-- Install configuration: "Release"\n'}
[9.502823] (orion) StdoutLine: {'line': b'-- Up-to-date: /home/huzy/My_OrionManipulator/install/orion/share/orion/config\n'}
[9.502877] (orion) StdoutLine: {'line': b'-- Up-to-date: /home/huzy/My_OrionManipulator/install/orion/share/orion/config/ompl_planning.yaml\n'}
[9.502916] (orion) StdoutLine: {'line': b'-- Up-to-date: /home/huzy/My_OrionManipulator/install/orion/share/orion/config/sensors_3d.yaml\n'}
[9.502953] (orion) StdoutLine: {'line': b'-- Up-to-date: /home/huzy/My_OrionManipulator/install/orion/share/orion/config/urdf.rviz\n'}
[9.503001] (orion) StdoutLine: {'line': b'-- Up-to-date: /home/huzy/My_OrionManipulator/install/orion/share/orion/config/joint_limits.yaml\n'}
[9.503037] (orion) StdoutLine: {'line': b'-- Up-to-date: /home/huzy/My_OrionManipulator/install/orion/share/orion/config/joint_names_orion.yaml\n'}
[9.503072] (orion) StdoutLine: {'line': b'-- Up-to-date: /home/huzy/My_OrionManipulator/install/orion/share/orion/config/kinematics.yaml\n'}
[9.503107] (orion) StdoutLine: {'line': b'-- Up-to-date: /home/huzy/My_OrionManipulator/install/orion/share/orion/config/orion.srdf\n'}
[9.503141] (orion) StdoutLine: {'line': b'-- Up-to-date: /home/huzy/My_OrionManipulator/install/orion/share/orion/config/moveit_controllers.yaml\n'}
[9.503177] (orion) StdoutLine: {'line': b'-- Up-to-date: /home/huzy/My_OrionManipulator/install/orion/share/orion/launch\n'}
[9.503337] (orion) StdoutLine: {'line': b'-- Up-to-date: /home/huzy/My_OrionManipulator/install/orion/share/orion/launch/moveit_pybullet.launch.py\n'}
[9.503428] (orion) StdoutLine: {'line': b'-- Up-to-date: /home/huzy/My_OrionManipulator/install/orion/share/orion/launch/mtc_grasp.launch.py\n'}
[9.503516] (orion) StdoutLine: {'line': b'-- Up-to-date: /home/huzy/My_OrionManipulator/install/orion/share/orion/launch/moveit.rviz\n'}
[9.503604] (orion) StdoutLine: {'line': b'-- Up-to-date: /home/huzy/My_OrionManipulator/install/orion/share/orion/meshes\n'}
[9.503693] (orion) StdoutLine: {'line': b'-- Up-to-date: /home/huzy/My_OrionManipulator/install/orion/share/orion/meshes/Link4.STL\n'}
[9.504141] (orion) StdoutLine: {'line': b'-- Up-to-date: /home/huzy/My_OrionManipulator/install/orion/share/orion/meshes/Link6.STL\n'}
[9.504204] (orion) StdoutLine: {'line': b'-- Up-to-date: /home/huzy/My_OrionManipulator/install/orion/share/orion/meshes/Link1.STL\n'}
[9.504244] (orion) StdoutLine: {'line': b'-- Up-to-date: /home/huzy/My_OrionManipulator/install/orion/share/orion/meshes/base_link.STL\n'}
[9.504282] (orion) StdoutLine: {'line': b'-- Up-to-date: /home/huzy/My_OrionManipulator/install/orion/share/orion/meshes/Link3.STL\n'}
[9.504318] (orion) StdoutLine: {'line': b'-- Up-to-date: /home/huzy/My_OrionManipulator/install/orion/share/orion/meshes/Link2.STL\n'}
[9.504353] (orion) StdoutLine: {'line': b'-- Up-to-date: /home/huzy/My_OrionManipulator/install/orion/share/orion/meshes/Link7.STL\n'}
[9.504389] (orion) StdoutLine: {'line': b'-- Up-to-date: /home/huzy/My_OrionManipulator/install/orion/share/orion/meshes/Link5.STL\n'}
[9.504424] (orion) StdoutLine: {'line': b'-- Up-to-date: /home/huzy/My_OrionManipulator/install/orion/share/orion/meshes/Link8.STL\n'}
[9.504459] (orion) StdoutLine: {'line': b'-- Up-to-date: /home/huzy/My_OrionManipulator/install/orion/share/orion/urdf\n'}
[9.504524] (orion) StdoutLine: {'line': b'-- Up-to-date: /home/huzy/My_OrionManipulator/install/orion/share/orion/urdf/orion.csv\n'}
[9.504565] (orion) StdoutLine: {'line': b'-- Up-to-date: /home/huzy/My_OrionManipulator/install/orion/share/orion/urdf/orion.urdf\n'}
[9.504601] (orion) StdoutLine: {'line': b'-- Up-to-date: /home/huzy/My_OrionManipulator/install/orion/share/orion/.setup_assistant\n'}
[9.504638] (orion) StdoutLine: {'line': b'-- Up-to-date: /home/huzy/My_OrionManipulator/install/orion/lib/orion/pybullet_follow_joint_trajectory_server.py\n'}
[9.504705] (orion) StdoutLine: {'line': b'-- Installing: /home/huzy/My_OrionManipulator/install/orion/lib/orion/orion_mtc_node\n'}
[9.504745] (orion) StdoutLine: {'line': b'-- Set runtime path of "/home/huzy/My_OrionManipulator/install/orion/lib/orion/orion_mtc_node" to ""\n'}
[9.504783] (orion) StdoutLine: {'line': b'-- Up-to-date: /home/huzy/My_OrionManipulator/install/orion/share/ament_index/resource_index/package_run_dependencies/orion\n'}
[9.504821] (orion) StdoutLine: {'line': b'-- Up-to-date: /home/huzy/My_OrionManipulator/install/orion/share/ament_index/resource_index/parent_prefix_path/orion\n'}
[9.504862] (orion) StdoutLine: {'line': b'-- Up-to-date: /home/huzy/My_OrionManipulator/install/orion/share/orion/environment/ament_prefix_path.sh\n'}
[9.504897] (orion) StdoutLine: {'line': b'-- Up-to-date: /home/huzy/My_OrionManipulator/install/orion/share/orion/environment/ament_prefix_path.dsv\n'}
[9.504932] (orion) StdoutLine: {'line': b'-- Up-to-date: /home/huzy/My_OrionManipulator/install/orion/share/orion/environment/path.sh\n'}
[9.504979] (orion) StdoutLine: {'line': b'-- Up-to-date: /home/huzy/My_OrionManipulator/install/orion/share/orion/environment/path.dsv\n'}
[9.505017] (orion) StdoutLine: {'line': b'-- Up-to-date: /home/huzy/My_OrionManipulator/install/orion/share/orion/local_setup.bash\n'}
[9.505052] (orion) StdoutLine: {'line': b'-- Up-to-date: /home/huzy/My_OrionManipulator/install/orion/share/orion/local_setup.sh\n'}
[9.505137] (orion) StdoutLine: {'line': b'-- Up-to-date: /home/huzy/My_OrionManipulator/install/orion/share/orion/local_setup.zsh\n'}
[9.505223] (orion) StdoutLine: {'line': b'-- Up-to-date: /home/huzy/My_OrionManipulator/install/orion/share/orion/local_setup.dsv\n'}
[9.505657] (orion) StdoutLine: {'line': b'-- Installing: /home/huzy/My_OrionManipulator/install/orion/share/orion/package.dsv\n'}
[9.505873] (orion) StdoutLine: {'line': b'-- Up-to-date: /home/huzy/My_OrionManipulator/install/orion/share/ament_index/resource_index/packages/orion\n'}
[9.506642] (orion) StdoutLine: {'line': b'-- Up-to-date: /home/huzy/My_OrionManipulator/install/orion/share/orion/cmake/orionConfig.cmake\n'}
[9.506725] (orion) StdoutLine: {'line': b'-- Up-to-date: /home/huzy/My_OrionManipulator/install/orion/share/orion/cmake/orionConfig-version.cmake\n'}
[9.506804] (orion) StdoutLine: {'line': b'-- Up-to-date: /home/huzy/My_OrionManipulator/install/orion/share/orion/package.xml\n'}
[9.506896] (orion) CommandEnded: {'returncode': 0}
[9.523556] (orion) JobEnded: {'identifier': 'orion', 'rc': 0}
[9.524346] (-) EventReactorShutdown: {}
