[0.000000] (-) TimerEvent: {}
[0.000335] (orion) JobQueued: {'identifier': 'orion', 'dependencies': OrderedDict()}
[0.000836] (orion) JobStarted: {'identifier': 'orion'}
[0.027790] (orion) JobProgress: {'identifier': 'orion', 'progress': 'cmake'}
[0.029040] (orion) JobProgress: {'identifier': 'orion', 'progress': 'build'}
[0.029730] (orion) Command: {'cmd': ['/usr/bin/cmake', '--build', '/home/huzy/My_OrionManipulator/build/orion', '--', '-j8', '-l8'], 'cwd': '/home/huzy/My_OrionManipulator/build/orion', 'env': OrderedDict([('LESSOPEN', '| /usr/bin/lesspipe %s'), ('VSCODE_CWD', '/home/huzy/Downloads'), ('CURSOR_EXTENSION_HOST_ROLE', 'agent-exec'), ('VSCODE_ESM_ENTRYPOINT', 'vs/workbench/api/node/extensionHostProcess'), ('LANGUAGE', 'zh_CN:en_AU:en_US:en'), ('USER', 'huzy'), ('LC_TIME', 'zh_CN.UTF-8'), ('VSCODE_NLS_CONFIG', '{"userLocale":"zh-cn","osLocale":"zh-cn","resolvedLanguage":"zh-cn","defaultMessagesFile":"/tmp/.mount_CursorZMftWu/usr/share/cursor/resources/app/out/nls.messages.json","languagePack":{"translationsConfigFile":"/home/huzy/.config/Cursor/clp/3bfb7f1471a52e527cfc1587dd57c7c1.zh-cn/tcf.json","messagesFile":"/home/huzy/.config/Cursor/clp/3bfb7f1471a52e527cfc1587dd57c7c1.zh-cn/7150844152b426ed50d2b68dd6b33b5c5beb73c0/nls.messages.json","corruptMarkerFile":"/home/huzy/.config/Cursor/clp/3bfb7f1471a52e527cfc1587dd57c7c1.zh-cn/corrupted.info"},"locale":"zh-cn","availableLanguages":{"*":"zh-cn"},"_languagePackId":"3bfb7f1471a52e527cfc1587dd57c7c1.zh-cn","_languagePackSupport":true,"_translationsConfigFile":"/home/huzy/.config/Cursor/clp/3bfb7f1471a52e527cfc1587dd57c7c1.zh-cn/tcf.json","_cacheRoot":"/home/huzy/.config/Cursor/clp/3bfb7f1471a52e527cfc1587dd57c7c1.zh-cn","_resolvedLanguagePackCoreLocation":"/home/huzy/.config/Cursor/clp/3bfb7f1471a52e527cfc1587dd57c7c1.zh-cn/7150844152b426ed50d2b68dd6b33b5c5beb73c0","_corruptedFile":"/home/huzy/.config/Cursor/clp/3bfb7f1471a52e527cfc1587dd57c7c1.zh-cn/corrupted.info"}'), ('CI', '1'), ('VSCODE_HANDLES_UNCAUGHT_ERRORS', 'true'), ('XDG_SESSION_TYPE', 'wayland'), ('SHLVL', '2'), ('LD_LIBRARY_PATH', '/tmp/.mount_CursorZMftWu/usr/lib/:/tmp/.mount_CursorZMftWu/usr/lib32/:/tmp/.mount_CursorZMftWu/usr/lib64/:/tmp/.mount_CursorZMftWu/lib/:/tmp/.mount_CursorZMftWu/lib/i386-linux-gnu/:/tmp/.mount_CursorZMftWu/lib/x86_64-linux-gnu/:/tmp/.mount_CursorZMftWu/lib/aarch64-linux-gnu/:/tmp/.mount_CursorZMftWu/lib32/:/tmp/.mount_CursorZMftWu/lib64/:/usr/lib/x86_64-linux-gnu/gazebo-11/plugins:/opt/ros/humble/opt/rviz_ogre_vendor/lib:/opt/ros/humble/lib/x86_64-linux-gnu:/opt/ros/humble/lib'), ('HOME', '/home/huzy'), ('CHROME_DESKTOP', 'cursor.desktop'), ('APPDIR', '/tmp/.mount_CursorZMftWu'), ('OLDPWD', '/home/huzy/My_OrionManipulator'), ('DESKTOP_SESSION', 'ubuntu'), ('PERLLIB', '/tmp/.mount_CursorZMftWu/usr/share/perl5/:/tmp/.mount_CursorZMftWu/usr/lib/perl5/:'), ('VSCODE_IPC_HOOK', '/run/user/1000/vscode-294d73a8-2.5.-main.sock'), ('ROS_PYTHON_VERSION', '3'), ('GNOME_SHELL_SESSION_MODE', 'ubuntu'), ('GTK_MODULES', 'gail:atk-bridge'), ('LC_MONETARY', 'zh_CN.UTF-8'), ('SYSTEMD_EXEC_PID', '1962'), ('IM_CONFIG_CHECK_ENV', '1'), ('NO_COLOR', '1'), ('DBUS_SESSION_BUS_ADDRESS', 'unix:path=/run/user/1000/bus'), ('COLORTERM', 'truecolor'), ('VSCODE_CRASH_REPORTER_PROCESS_TYPE', 'extensionHost'), ('IM_CONFIG_PHASE', '1'), ('WAYLAND_DISPLAY', 'wayland-0'), ('COLCON_PREFIX_PATH', '/home/huzy/My_OrionManipulator/install'), ('ROS_DISTRO', 'humble'), ('GTK_IM_MODULE', 'fcitx'), ('LOGNAME', 'huzy'), ('FORCE_COLOR', '0'), ('OWD', '/home/huzy/Downloads'), ('_', '/usr/bin/colcon'), ('ROS_VERSION', '2'), ('XDG_SESSION_CLASS', 'user'), ('USERNAME', 'huzy'), ('TERM', 'dumb'), ('GNOME_DESKTOP_SESSION_ID', 'this-is-deprecated'), ('FC_FONTATIONS', '1'), ('ROS_LOCALHOST_ONLY', '0'), ('PATH', '/home/huzy/.local/bin:/home/huzy/.local/bin:/tmp/.mount_CursorZMftWu/usr/bin/:/tmp/.mount_CursorZMftWu/usr/sbin/:/tmp/.mount_CursorZMftWu/usr/games/:/tmp/.mount_CursorZMftWu/bin/:/tmp/.mount_CursorZMftWu/sbin/:/opt/ros/humble/bin:/home/huzy/.local/bin:/usr/local/sbin:/usr/local/bin:/usr/sbin:/usr/bin:/sbin:/bin:/usr/games:/usr/local/games:/snap/bin:/snap/bin'), ('SESSION_MANAGER', 'local/huzy-virtual-machine:@/tmp/.ICE-unix/1772,unix/huzy-virtual-machine:/tmp/.ICE-unix/1772'), ('PAPERSIZE', 'a4'), ('APPIMAGE', '/home/huzy/Downloads/Cursor-1.4.5-x86_64.AppImage'), ('XDG_MENU_PREFIX', 'gnome-'), ('LC_ADDRESS', 'zh_CN.UTF-8'), ('VSCODE_PROCESS_TITLE', 'extension-host (agent-exec) [1-12]'), ('GNOME_TERMINAL_SCREEN', '/org/gnome/Terminal/screen/5867c502_f306_4b97_b7ce_869e3ab86c6d'), ('GNOME_SETUP_DISPLAY', ':1'), ('XDG_RUNTIME_DIR', '/run/user/1000'), ('GDK_BACKEND', 'wayland'), ('CURSOR_AGENT', '1'), ('DISPLAY', ':0'), ('LANG', 'zh_CN.UTF-8'), ('XDG_CURRENT_DESKTOP', 'ubuntu:GNOME'), ('LC_TELEPHONE', 'zh_CN.UTF-8'), ('XMODIFIERS', '@im=fcitx'), ('XDG_SESSION_DESKTOP', 'ubuntu'), ('XAUTHORITY', '/run/user/1000/.mutter-Xwaylandauth.6TNQL3'), ('LS_COLORS', ''), ('GNOME_TERMINAL_SERVICE', ':1.123'), ('CURSOR_TRACE_ID', '063d243d02124a50bb4d411afba42f00'), ('SSH_AGENT_LAUNCHER', 'gnome-keyring'), ('SSH_AUTH_SOCK', '/run/user/1000/keyring/ssh'), ('GSETTINGS_SCHEMA_DIR', '/tmp/.mount_CursorZMftWu/usr/share/glib-2.0/schemas/:'), ('AMENT_PREFIX_PATH', '/home/huzy/My_OrionManipulator/install/orion:/opt/ros/humble'), ('SHELL', '/bin/bash'), ('LC_NAME', 'zh_CN.UTF-8'), ('ARGV0', './Cursor-1.4.5-x86_64.AppImage'), ('QT_ACCESSIBILITY', '1'), ('GDMSESSION', 'ubuntu'), ('LESSCLOSE', '/usr/bin/lesspipe %s %s'), ('LC_MEASUREMENT', 'zh_CN.UTF-8'), ('LC_IDENTIFICATION', 'zh_CN.UTF-8'), ('QT_IM_MODULE', 'fcitx'), ('PWD', '/home/huzy/My_OrionManipulator/build/orion'), ('XDG_CONFIG_DIRS', '/etc/xdg/xdg-ubuntu:/etc/xdg'), ('VSCODE_CODE_CACHE_PATH', '/home/huzy/.config/Cursor/CachedData/7150844152b426ed50d2b68dd6b33b5c5beb73c0'), ('CLUTTER_IM_MODULE', 'fcitx'), ('XDG_DATA_DIRS', '/tmp/.mount_CursorZMftWu/usr/share/:/usr/local/share:/usr/share:/usr/share/ubuntu:/usr/local/share/:/usr/share/:/var/lib/snapd/desktop'), ('PYTHONPATH', '/opt/ros/humble/lib/python3.10/site-packages:/opt/ros/humble/local/lib/python3.10/dist-packages'), ('LC_NUMERIC', 'zh_CN.UTF-8'), ('LC_PAPER', 'zh_CN.UTF-8'), ('QT_PLUGIN_PATH', '/tmp/.mount_CursorZMftWu/usr/lib/qt4/plugins/:/tmp/.mount_CursorZMftWu/usr/lib/i386-linux-gnu/qt4/plugins/:/tmp/.mount_CursorZMftWu/usr/lib/x86_64-linux-gnu/qt4/plugins/:/tmp/.mount_CursorZMftWu/usr/lib/aarch64-linux-gnu/qt4/plugins/:/tmp/.mount_CursorZMftWu/usr/lib32/qt4/plugins/:/tmp/.mount_CursorZMftWu/usr/lib64/qt4/plugins/:/tmp/.mount_CursorZMftWu/usr/lib/qt5/plugins/:/tmp/.mount_CursorZMftWu/usr/lib/i386-linux-gnu/qt5/plugins/:/tmp/.mount_CursorZMftWu/usr/lib/x86_64-linux-gnu/qt5/plugins/:/tmp/.mount_CursorZMftWu/usr/lib/aarch64-linux-gnu/qt5/plugins/:/tmp/.mount_CursorZMftWu/usr/lib32/qt5/plugins/:/tmp/.mount_CursorZMftWu/usr/lib64/qt5/plugins/:'), ('COLCON', '1'), ('_ZO_DOCTOR', '0'), ('VTE_VERSION', '6800'), ('CMAKE_PREFIX_PATH', '/home/huzy/My_OrionManipulator/install/orion:/opt/ros/humble'), ('VSCODE_PID', '19069')]), 'shell': False}
[0.099409] (-) TimerEvent: {}
[0.174743] (orion) StdoutLine: {'line': b'Consolidate compiler generated dependencies of target orion_mtc_node\n'}
[0.199587] (-) TimerEvent: {}
[0.235928] (orion) StdoutLine: {'line': b'[ 50%] Building CXX object CMakeFiles/orion_mtc_node.dir/src/orion_mtc_node.cpp.o\n'}
[0.299790] (-) TimerEvent: {}
[0.400138] (-) TimerEvent: {}
[0.500443] (-) TimerEvent: {}
[0.600811] (-) TimerEvent: {}
[0.701101] (-) TimerEvent: {}
[0.801408] (-) TimerEvent: {}
[0.901720] (-) TimerEvent: {}
[1.002036] (-) TimerEvent: {}
[1.102413] (-) TimerEvent: {}
[1.202765] (-) TimerEvent: {}
[1.303141] (-) TimerEvent: {}
[1.403442] (-) TimerEvent: {}
[1.503788] (-) TimerEvent: {}
[1.604096] (-) TimerEvent: {}
[1.704386] (-) TimerEvent: {}
[1.804673] (-) TimerEvent: {}
[1.904977] (-) TimerEvent: {}
[2.005283] (-) TimerEvent: {}
[2.105593] (-) TimerEvent: {}
[2.209230] (-) TimerEvent: {}
[2.309688] (-) TimerEvent: {}
[2.409993] (-) TimerEvent: {}
[2.514104] (-) TimerEvent: {}
[2.615367] (-) TimerEvent: {}
[2.715727] (-) TimerEvent: {}
[2.816087] (-) TimerEvent: {}
[2.916432] (-) TimerEvent: {}
[3.016819] (-) TimerEvent: {}
[3.117205] (-) TimerEvent: {}
[3.217746] (-) TimerEvent: {}
[3.318184] (-) TimerEvent: {}
[3.418481] (-) TimerEvent: {}
[3.518809] (-) TimerEvent: {}
[3.619158] (-) TimerEvent: {}
[3.719513] (-) TimerEvent: {}
[3.819889] (-) TimerEvent: {}
[3.920342] (-) TimerEvent: {}
[4.020631] (-) TimerEvent: {}
[4.120941] (-) TimerEvent: {}
[4.221238] (-) TimerEvent: {}
[4.321659] (-) TimerEvent: {}
[4.421990] (-) TimerEvent: {}
[4.522318] (-) TimerEvent: {}
[4.622665] (-) TimerEvent: {}
[4.723047] (-) TimerEvent: {}
[4.823503] (-) TimerEvent: {}
[4.924040] (-) TimerEvent: {}
[5.024429] (-) TimerEvent: {}
[5.124917] (-) TimerEvent: {}
[5.226517] (-) TimerEvent: {}
[5.326961] (-) TimerEvent: {}
[5.427401] (-) TimerEvent: {}
[5.527768] (-) TimerEvent: {}
[5.628225] (-) TimerEvent: {}
[5.728882] (-) TimerEvent: {}
[5.829371] (-) TimerEvent: {}
[5.929974] (-) TimerEvent: {}
[6.030346] (-) TimerEvent: {}
[6.130690] (-) TimerEvent: {}
[6.231046] (-) TimerEvent: {}
[6.331507] (-) TimerEvent: {}
[6.431852] (-) TimerEvent: {}
[6.532144] (-) TimerEvent: {}
[6.632432] (-) TimerEvent: {}
[6.732794] (-) TimerEvent: {}
[6.833084] (-) TimerEvent: {}
[6.933405] (-) TimerEvent: {}
[7.033746] (-) TimerEvent: {}
[7.134105] (-) TimerEvent: {}
[7.234475] (-) TimerEvent: {}
[7.334858] (-) TimerEvent: {}
[7.435164] (-) TimerEvent: {}
[7.535474] (-) TimerEvent: {}
[7.635832] (-) TimerEvent: {}
[7.736126] (-) TimerEvent: {}
[7.836409] (-) TimerEvent: {}
[7.936693] (-) TimerEvent: {}
[8.037003] (-) TimerEvent: {}
[8.137322] (-) TimerEvent: {}
[8.237705] (-) TimerEvent: {}
[8.338001] (-) TimerEvent: {}
[8.438318] (-) TimerEvent: {}
[8.538604] (-) TimerEvent: {}
[8.638941] (-) TimerEvent: {}
[8.739264] (-) TimerEvent: {}
[8.839661] (-) TimerEvent: {}
[8.939959] (-) TimerEvent: {}
[9.040243] (-) TimerEvent: {}
[9.140636] (-) TimerEvent: {}
[9.240989] (-) TimerEvent: {}
[9.341286] (-) TimerEvent: {}
[9.441692] (-) TimerEvent: {}
[9.542623] (-) TimerEvent: {}
[9.643095] (-) TimerEvent: {}
[9.743519] (-) TimerEvent: {}
[9.843998] (-) TimerEvent: {}
[9.944395] (-) TimerEvent: {}
[10.044891] (-) TimerEvent: {}
[10.145238] (-) TimerEvent: {}
[10.245731] (-) TimerEvent: {}
[10.346083] (-) TimerEvent: {}
[10.446441] (-) TimerEvent: {}
[10.546856] (-) TimerEvent: {}
[10.647194] (-) TimerEvent: {}
[10.748361] (-) TimerEvent: {}
[10.848683] (-) TimerEvent: {}
[10.949026] (-) TimerEvent: {}
[11.049361] (-) TimerEvent: {}
[11.149699] (-) TimerEvent: {}
[11.250043] (-) TimerEvent: {}
[11.350397] (-) TimerEvent: {}
[11.450707] (-) TimerEvent: {}
[11.551074] (-) TimerEvent: {}
[11.651405] (-) TimerEvent: {}
[11.751764] (-) TimerEvent: {}
[11.852186] (-) TimerEvent: {}
[11.952540] (-) TimerEvent: {}
[12.052909] (-) TimerEvent: {}
[12.104363] (orion) StdoutLine: {'line': b'[100%] Linking CXX executable orion_mtc_node\n'}
[12.153070] (-) TimerEvent: {}
[12.253370] (-) TimerEvent: {}
[12.353674] (-) TimerEvent: {}
[12.453965] (-) TimerEvent: {}
[12.462799] (orion) StdoutLine: {'line': b'[100%] Built target orion_mtc_node\n'}
[12.485399] (orion) CommandEnded: {'returncode': 0}
[12.486276] (orion) JobProgress: {'identifier': 'orion', 'progress': 'install'}
[12.505872] (orion) Command: {'cmd': ['/usr/bin/cmake', '--install', '/home/huzy/My_OrionManipulator/build/orion'], 'cwd': '/home/huzy/My_OrionManipulator/build/orion', 'env': OrderedDict([('LESSOPEN', '| /usr/bin/lesspipe %s'), ('VSCODE_CWD', '/home/huzy/Downloads'), ('CURSOR_EXTENSION_HOST_ROLE', 'agent-exec'), ('VSCODE_ESM_ENTRYPOINT', 'vs/workbench/api/node/extensionHostProcess'), ('LANGUAGE', 'zh_CN:en_AU:en_US:en'), ('USER', 'huzy'), ('LC_TIME', 'zh_CN.UTF-8'), ('VSCODE_NLS_CONFIG', '{"userLocale":"zh-cn","osLocale":"zh-cn","resolvedLanguage":"zh-cn","defaultMessagesFile":"/tmp/.mount_CursorZMftWu/usr/share/cursor/resources/app/out/nls.messages.json","languagePack":{"translationsConfigFile":"/home/huzy/.config/Cursor/clp/3bfb7f1471a52e527cfc1587dd57c7c1.zh-cn/tcf.json","messagesFile":"/home/huzy/.config/Cursor/clp/3bfb7f1471a52e527cfc1587dd57c7c1.zh-cn/7150844152b426ed50d2b68dd6b33b5c5beb73c0/nls.messages.json","corruptMarkerFile":"/home/huzy/.config/Cursor/clp/3bfb7f1471a52e527cfc1587dd57c7c1.zh-cn/corrupted.info"},"locale":"zh-cn","availableLanguages":{"*":"zh-cn"},"_languagePackId":"3bfb7f1471a52e527cfc1587dd57c7c1.zh-cn","_languagePackSupport":true,"_translationsConfigFile":"/home/huzy/.config/Cursor/clp/3bfb7f1471a52e527cfc1587dd57c7c1.zh-cn/tcf.json","_cacheRoot":"/home/huzy/.config/Cursor/clp/3bfb7f1471a52e527cfc1587dd57c7c1.zh-cn","_resolvedLanguagePackCoreLocation":"/home/huzy/.config/Cursor/clp/3bfb7f1471a52e527cfc1587dd57c7c1.zh-cn/7150844152b426ed50d2b68dd6b33b5c5beb73c0","_corruptedFile":"/home/huzy/.config/Cursor/clp/3bfb7f1471a52e527cfc1587dd57c7c1.zh-cn/corrupted.info"}'), ('CI', '1'), ('VSCODE_HANDLES_UNCAUGHT_ERRORS', 'true'), ('XDG_SESSION_TYPE', 'wayland'), ('SHLVL', '2'), ('LD_LIBRARY_PATH', '/tmp/.mount_CursorZMftWu/usr/lib/:/tmp/.mount_CursorZMftWu/usr/lib32/:/tmp/.mount_CursorZMftWu/usr/lib64/:/tmp/.mount_CursorZMftWu/lib/:/tmp/.mount_CursorZMftWu/lib/i386-linux-gnu/:/tmp/.mount_CursorZMftWu/lib/x86_64-linux-gnu/:/tmp/.mount_CursorZMftWu/lib/aarch64-linux-gnu/:/tmp/.mount_CursorZMftWu/lib32/:/tmp/.mount_CursorZMftWu/lib64/:/usr/lib/x86_64-linux-gnu/gazebo-11/plugins:/opt/ros/humble/opt/rviz_ogre_vendor/lib:/opt/ros/humble/lib/x86_64-linux-gnu:/opt/ros/humble/lib'), ('HOME', '/home/huzy'), ('CHROME_DESKTOP', 'cursor.desktop'), ('APPDIR', '/tmp/.mount_CursorZMftWu'), ('OLDPWD', '/home/huzy/My_OrionManipulator'), ('DESKTOP_SESSION', 'ubuntu'), ('PERLLIB', '/tmp/.mount_CursorZMftWu/usr/share/perl5/:/tmp/.mount_CursorZMftWu/usr/lib/perl5/:'), ('VSCODE_IPC_HOOK', '/run/user/1000/vscode-294d73a8-2.5.-main.sock'), ('ROS_PYTHON_VERSION', '3'), ('GNOME_SHELL_SESSION_MODE', 'ubuntu'), ('GTK_MODULES', 'gail:atk-bridge'), ('LC_MONETARY', 'zh_CN.UTF-8'), ('SYSTEMD_EXEC_PID', '1962'), ('IM_CONFIG_CHECK_ENV', '1'), ('NO_COLOR', '1'), ('DBUS_SESSION_BUS_ADDRESS', 'unix:path=/run/user/1000/bus'), ('COLORTERM', 'truecolor'), ('VSCODE_CRASH_REPORTER_PROCESS_TYPE', 'extensionHost'), ('IM_CONFIG_PHASE', '1'), ('WAYLAND_DISPLAY', 'wayland-0'), ('COLCON_PREFIX_PATH', '/home/huzy/My_OrionManipulator/install'), ('ROS_DISTRO', 'humble'), ('GTK_IM_MODULE', 'fcitx'), ('LOGNAME', 'huzy'), ('FORCE_COLOR', '0'), ('OWD', '/home/huzy/Downloads'), ('_', '/usr/bin/colcon'), ('ROS_VERSION', '2'), ('XDG_SESSION_CLASS', 'user'), ('USERNAME', 'huzy'), ('TERM', 'dumb'), ('GNOME_DESKTOP_SESSION_ID', 'this-is-deprecated'), ('FC_FONTATIONS', '1'), ('ROS_LOCALHOST_ONLY', '0'), ('PATH', '/home/huzy/.local/bin:/home/huzy/.local/bin:/tmp/.mount_CursorZMftWu/usr/bin/:/tmp/.mount_CursorZMftWu/usr/sbin/:/tmp/.mount_CursorZMftWu/usr/games/:/tmp/.mount_CursorZMftWu/bin/:/tmp/.mount_CursorZMftWu/sbin/:/opt/ros/humble/bin:/home/huzy/.local/bin:/usr/local/sbin:/usr/local/bin:/usr/sbin:/usr/bin:/sbin:/bin:/usr/games:/usr/local/games:/snap/bin:/snap/bin'), ('SESSION_MANAGER', 'local/huzy-virtual-machine:@/tmp/.ICE-unix/1772,unix/huzy-virtual-machine:/tmp/.ICE-unix/1772'), ('PAPERSIZE', 'a4'), ('APPIMAGE', '/home/huzy/Downloads/Cursor-1.4.5-x86_64.AppImage'), ('XDG_MENU_PREFIX', 'gnome-'), ('LC_ADDRESS', 'zh_CN.UTF-8'), ('VSCODE_PROCESS_TITLE', 'extension-host (agent-exec) [1-12]'), ('GNOME_TERMINAL_SCREEN', '/org/gnome/Terminal/screen/5867c502_f306_4b97_b7ce_869e3ab86c6d'), ('GNOME_SETUP_DISPLAY', ':1'), ('XDG_RUNTIME_DIR', '/run/user/1000'), ('GDK_BACKEND', 'wayland'), ('CURSOR_AGENT', '1'), ('DISPLAY', ':0'), ('LANG', 'zh_CN.UTF-8'), ('XDG_CURRENT_DESKTOP', 'ubuntu:GNOME'), ('LC_TELEPHONE', 'zh_CN.UTF-8'), ('XMODIFIERS', '@im=fcitx'), ('XDG_SESSION_DESKTOP', 'ubuntu'), ('XAUTHORITY', '/run/user/1000/.mutter-Xwaylandauth.6TNQL3'), ('LS_COLORS', ''), ('GNOME_TERMINAL_SERVICE', ':1.123'), ('CURSOR_TRACE_ID', '063d243d02124a50bb4d411afba42f00'), ('SSH_AGENT_LAUNCHER', 'gnome-keyring'), ('SSH_AUTH_SOCK', '/run/user/1000/keyring/ssh'), ('GSETTINGS_SCHEMA_DIR', '/tmp/.mount_CursorZMftWu/usr/share/glib-2.0/schemas/:'), ('AMENT_PREFIX_PATH', '/home/huzy/My_OrionManipulator/install/orion:/opt/ros/humble'), ('SHELL', '/bin/bash'), ('LC_NAME', 'zh_CN.UTF-8'), ('ARGV0', './Cursor-1.4.5-x86_64.AppImage'), ('QT_ACCESSIBILITY', '1'), ('GDMSESSION', 'ubuntu'), ('LESSCLOSE', '/usr/bin/lesspipe %s %s'), ('LC_MEASUREMENT', 'zh_CN.UTF-8'), ('LC_IDENTIFICATION', 'zh_CN.UTF-8'), ('QT_IM_MODULE', 'fcitx'), ('PWD', '/home/huzy/My_OrionManipulator/build/orion'), ('XDG_CONFIG_DIRS', '/etc/xdg/xdg-ubuntu:/etc/xdg'), ('VSCODE_CODE_CACHE_PATH', '/home/huzy/.config/Cursor/CachedData/7150844152b426ed50d2b68dd6b33b5c5beb73c0'), ('CLUTTER_IM_MODULE', 'fcitx'), ('XDG_DATA_DIRS', '/tmp/.mount_CursorZMftWu/usr/share/:/usr/local/share:/usr/share:/usr/share/ubuntu:/usr/local/share/:/usr/share/:/var/lib/snapd/desktop'), ('PYTHONPATH', '/opt/ros/humble/lib/python3.10/site-packages:/opt/ros/humble/local/lib/python3.10/dist-packages'), ('LC_NUMERIC', 'zh_CN.UTF-8'), ('LC_PAPER', 'zh_CN.UTF-8'), ('QT_PLUGIN_PATH', '/tmp/.mount_CursorZMftWu/usr/lib/qt4/plugins/:/tmp/.mount_CursorZMftWu/usr/lib/i386-linux-gnu/qt4/plugins/:/tmp/.mount_CursorZMftWu/usr/lib/x86_64-linux-gnu/qt4/plugins/:/tmp/.mount_CursorZMftWu/usr/lib/aarch64-linux-gnu/qt4/plugins/:/tmp/.mount_CursorZMftWu/usr/lib32/qt4/plugins/:/tmp/.mount_CursorZMftWu/usr/lib64/qt4/plugins/:/tmp/.mount_CursorZMftWu/usr/lib/qt5/plugins/:/tmp/.mount_CursorZMftWu/usr/lib/i386-linux-gnu/qt5/plugins/:/tmp/.mount_CursorZMftWu/usr/lib/x86_64-linux-gnu/qt5/plugins/:/tmp/.mount_CursorZMftWu/usr/lib/aarch64-linux-gnu/qt5/plugins/:/tmp/.mount_CursorZMftWu/usr/lib32/qt5/plugins/:/tmp/.mount_CursorZMftWu/usr/lib64/qt5/plugins/:'), ('COLCON', '1'), ('_ZO_DOCTOR', '0'), ('VTE_VERSION', '6800'), ('CMAKE_PREFIX_PATH', '/home/huzy/My_OrionManipulator/install/orion:/opt/ros/humble'), ('VSCODE_PID', '19069')]), 'shell': False}
[12.523811] (orion) StdoutLine: {'line': b'-- Install configuration: "Release"\n'}
[12.524219] (orion) StdoutLine: {'line': b'-- Up-to-date: /home/huzy/My_OrionManipulator/install/orion/share/orion/config\n'}
[12.524266] (orion) StdoutLine: {'line': b'-- Up-to-date: /home/huzy/My_OrionManipulator/install/orion/share/orion/config/ompl_planning.yaml\n'}
[12.524304] (orion) StdoutLine: {'line': b'-- Up-to-date: /home/huzy/My_OrionManipulator/install/orion/share/orion/config/sensors_3d.yaml\n'}
[12.524338] (orion) StdoutLine: {'line': b'-- Up-to-date: /home/huzy/My_OrionManipulator/install/orion/share/orion/config/urdf.rviz\n'}
[12.524373] (orion) StdoutLine: {'line': b'-- Up-to-date: /home/huzy/My_OrionManipulator/install/orion/share/orion/config/joint_limits.yaml\n'}
[12.524406] (orion) StdoutLine: {'line': b'-- Up-to-date: /home/huzy/My_OrionManipulator/install/orion/share/orion/config/joint_names_orion.yaml\n'}
[12.524440] (orion) StdoutLine: {'line': b'-- Up-to-date: /home/huzy/My_OrionManipulator/install/orion/share/orion/config/kinematics.yaml\n'}
[12.524474] (orion) StdoutLine: {'line': b'-- Up-to-date: /home/huzy/My_OrionManipulator/install/orion/share/orion/config/orion.srdf\n'}
[12.524506] (orion) StdoutLine: {'line': b'-- Up-to-date: /home/huzy/My_OrionManipulator/install/orion/share/orion/config/moveit_controllers.yaml\n'}
[12.524540] (orion) StdoutLine: {'line': b'-- Up-to-date: /home/huzy/My_OrionManipulator/install/orion/share/orion/launch\n'}
[12.524613] (orion) StdoutLine: {'line': b'-- Up-to-date: /home/huzy/My_OrionManipulator/install/orion/share/orion/launch/moveit_pybullet.launch.py\n'}
[12.524685] (orion) StdoutLine: {'line': b'-- Up-to-date: /home/huzy/My_OrionManipulator/install/orion/share/orion/launch/mtc_grasp.launch.py\n'}
[12.524775] (orion) StdoutLine: {'line': b'-- Up-to-date: /home/huzy/My_OrionManipulator/install/orion/share/orion/launch/moveit.rviz\n'}
[12.524861] (orion) StdoutLine: {'line': b'-- Up-to-date: /home/huzy/My_OrionManipulator/install/orion/share/orion/meshes\n'}
[12.524949] (orion) StdoutLine: {'line': b'-- Up-to-date: /home/huzy/My_OrionManipulator/install/orion/share/orion/meshes/Link4.STL\n'}
[12.525036] (orion) StdoutLine: {'line': b'-- Up-to-date: /home/huzy/My_OrionManipulator/install/orion/share/orion/meshes/Link6.STL\n'}
[12.525124] (orion) StdoutLine: {'line': b'-- Up-to-date: /home/huzy/My_OrionManipulator/install/orion/share/orion/meshes/Link1.STL\n'}
[12.525403] (orion) StdoutLine: {'line': b'-- Up-to-date: /home/huzy/My_OrionManipulator/install/orion/share/orion/meshes/base_link.STL\n'}
[12.525472] (orion) StdoutLine: {'line': b'-- Up-to-date: /home/huzy/My_OrionManipulator/install/orion/share/orion/meshes/Link3.STL\n'}
[12.525517] (orion) StdoutLine: {'line': b'-- Up-to-date: /home/huzy/My_OrionManipulator/install/orion/share/orion/meshes/Link2.STL\n'}
[12.525573] (orion) StdoutLine: {'line': b'-- Up-to-date: /home/huzy/My_OrionManipulator/install/orion/share/orion/meshes/Link7.STL\n'}
[12.525632] (orion) StdoutLine: {'line': b'-- Up-to-date: /home/huzy/My_OrionManipulator/install/orion/share/orion/meshes/Link5.STL\n'}
[12.525674] (orion) StdoutLine: {'line': b'-- Up-to-date: /home/huzy/My_OrionManipulator/install/orion/share/orion/meshes/Link8.STL\n'}
[12.525709] (orion) StdoutLine: {'line': b'-- Up-to-date: /home/huzy/My_OrionManipulator/install/orion/share/orion/urdf\n'}
[12.525744] (orion) StdoutLine: {'line': b'-- Up-to-date: /home/huzy/My_OrionManipulator/install/orion/share/orion/urdf/orion.csv\n'}
[12.525778] (orion) StdoutLine: {'line': b'-- Up-to-date: /home/huzy/My_OrionManipulator/install/orion/share/orion/urdf/orion.urdf\n'}
[12.525810] (orion) StdoutLine: {'line': b'-- Up-to-date: /home/huzy/My_OrionManipulator/install/orion/share/orion/.setup_assistant\n'}
[12.525842] (orion) StdoutLine: {'line': b'-- Up-to-date: /home/huzy/My_OrionManipulator/install/orion/lib/orion/pybullet_follow_joint_trajectory_server.py\n'}
[12.525877] (orion) StdoutLine: {'line': b'-- Installing: /home/huzy/My_OrionManipulator/install/orion/lib/orion/orion_mtc_node\n'}
[12.525909] (orion) StdoutLine: {'line': b'-- Set runtime path of "/home/huzy/My_OrionManipulator/install/orion/lib/orion/orion_mtc_node" to ""\n'}
[12.525945] (orion) StdoutLine: {'line': b'-- Up-to-date: /home/huzy/My_OrionManipulator/install/orion/share/ament_index/resource_index/package_run_dependencies/orion\n'}
[12.525986] (orion) StdoutLine: {'line': b'-- Up-to-date: /home/huzy/My_OrionManipulator/install/orion/share/ament_index/resource_index/parent_prefix_path/orion\n'}
[12.526022] (orion) StdoutLine: {'line': b'-- Up-to-date: /home/huzy/My_OrionManipulator/install/orion/share/orion/environment/ament_prefix_path.sh\n'}
[12.526056] (orion) StdoutLine: {'line': b'-- Up-to-date: /home/huzy/My_OrionManipulator/install/orion/share/orion/environment/ament_prefix_path.dsv\n'}
[12.526089] (orion) StdoutLine: {'line': b'-- Up-to-date: /home/huzy/My_OrionManipulator/install/orion/share/orion/environment/path.sh\n'}
[12.526122] (orion) StdoutLine: {'line': b'-- Up-to-date: /home/huzy/My_OrionManipulator/install/orion/share/orion/environment/path.dsv\n'}
[12.526171] (orion) StdoutLine: {'line': b'-- Up-to-date: /home/huzy/My_OrionManipulator/install/orion/share/orion/local_setup.bash\n'}
[12.526263] (orion) StdoutLine: {'line': b'-- Up-to-date: /home/huzy/My_OrionManipulator/install/orion/share/orion/local_setup.sh\n'}
[12.526352] (orion) StdoutLine: {'line': b'-- Up-to-date: /home/huzy/My_OrionManipulator/install/orion/share/orion/local_setup.zsh\n'}
[12.526440] (orion) StdoutLine: {'line': b'-- Up-to-date: /home/huzy/My_OrionManipulator/install/orion/share/orion/local_setup.dsv\n'}
[12.526528] (orion) StdoutLine: {'line': b'-- Installing: /home/huzy/My_OrionManipulator/install/orion/share/orion/package.dsv\n'}
[12.526613] (orion) StdoutLine: {'line': b'-- Up-to-date: /home/huzy/My_OrionManipulator/install/orion/share/ament_index/resource_index/packages/orion\n'}
[12.526890] (orion) StdoutLine: {'line': b'-- Up-to-date: /home/huzy/My_OrionManipulator/install/orion/share/orion/cmake/orionConfig.cmake\n'}
[12.526987] (orion) StdoutLine: {'line': b'-- Up-to-date: /home/huzy/My_OrionManipulator/install/orion/share/orion/cmake/orionConfig-version.cmake\n'}
[12.527076] (orion) StdoutLine: {'line': b'-- Up-to-date: /home/huzy/My_OrionManipulator/install/orion/share/orion/package.xml\n'}
[12.527748] (orion) CommandEnded: {'returncode': 0}
[12.545244] (orion) JobEnded: {'identifier': 'orion', 'rc': 0}
[12.546243] (-) EventReactorShutdown: {}
