[0.114s] DEBUG:colcon:Command line arguments: ['/usr/bin/colcon', 'build', '--packages-select', 'orion', '--cmake-args', '-DCMAKE_BUILD_TYPE=Release']
[0.114s] DEBUG:colcon:Parsed command line arguments: Namespace(log_base=None, log_level=None, verb_name='build', build_base='build', install_base='install', merge_install=False, symlink_install=False, test_result_base=None, continue_on_error=False, executor='parallel', parallel_workers=8, event_handlers=None, ignore_user_meta=False, metas=['./colcon.meta'], base_paths=['.'], packages_ignore=None, packages_ignore_regex=None, paths=None, packages_up_to=None, packages_up_to_regex=None, packages_above=None, packages_above_and_dependencies=None, packages_above_depth=None, packages_select_by_dep=None, packages_skip_by_dep=None, packages_skip_up_to=None, packages_select_build_failed=False, packages_skip_build_finished=False, packages_select_test_failures=False, packages_skip_test_passed=False, packages_select=['orion'], packages_skip=None, packages_select_regex=None, packages_skip_regex=None, packages_start=None, packages_end=None, allow_overriding=[], cmake_args=['-DCMAKE_BUILD_TYPE=Release'], cmake_target=None, cmake_target_skip_unavailable=False, cmake_clean_cache=False, cmake_clean_first=False, cmake_force_configure=False, ament_cmake_args=None, catkin_cmake_args=None, catkin_skip_building_tests=False, mixin_files=None, mixin=None, verb_parser=<colcon_mixin.mixin.mixin_argument.MixinArgumentDecorator object at 0x78a9f245ea10>, verb_extension=<colcon_core.verb.build.BuildVerb object at 0x78a9f2577940>, main=<bound method BuildVerb.main of <colcon_core.verb.build.BuildVerb object at 0x78a9f2577940>>, mixin_verb=('build',))
[0.262s] Level 1:colcon.colcon_core.package_discovery:discover_packages(colcon_meta) check parameters
[0.262s] Level 1:colcon.colcon_core.package_discovery:discover_packages(recursive) check parameters
[0.262s] Level 1:colcon.colcon_core.package_discovery:discover_packages(ignore) check parameters
[0.262s] Level 1:colcon.colcon_core.package_discovery:discover_packages(path) check parameters
[0.262s] Level 1:colcon.colcon_core.package_discovery:discover_packages(colcon_meta) discover
[0.262s] Level 1:colcon.colcon_core.package_discovery:discover_packages(recursive) discover
[0.262s] INFO:colcon.colcon_core.package_discovery:Crawling recursively for packages in '/home/huzy/My_OrionManipulator'
[0.262s] Level 1:colcon.colcon_core.package_identification:_identify(.) by extensions ['ignore', 'ignore_ament_install']
[0.262s] Level 1:colcon.colcon_core.package_identification:_identify(.) by extension 'ignore'
[0.262s] Level 1:colcon.colcon_core.package_identification:_identify(.) by extension 'ignore_ament_install'
[0.263s] Level 1:colcon.colcon_core.package_identification:_identify(.) by extensions ['colcon_pkg']
[0.263s] Level 1:colcon.colcon_core.package_identification:_identify(.) by extension 'colcon_pkg'
[0.263s] Level 1:colcon.colcon_core.package_identification:_identify(.) by extensions ['colcon_meta']
[0.263s] Level 1:colcon.colcon_core.package_identification:_identify(.) by extension 'colcon_meta'
[0.263s] Level 1:colcon.colcon_core.package_identification:_identify(.) by extensions ['ros']
[0.263s] Level 1:colcon.colcon_core.package_identification:_identify(.) by extension 'ros'
[0.294s] DEBUG:colcon.colcon_core.package_identification:Package '.' with type 'ros.ament_cmake' and name 'orion'
[0.294s] Level 1:colcon.colcon_core.package_discovery:discover_packages(recursive) using defaults
[0.294s] Level 1:colcon.colcon_core.package_discovery:discover_packages(ignore) discover
[0.294s] Level 1:colcon.colcon_core.package_discovery:discover_packages(ignore) using defaults
[0.294s] Level 1:colcon.colcon_core.package_discovery:discover_packages(path) discover
[0.294s] Level 1:colcon.colcon_core.package_discovery:discover_packages(path) using defaults
[0.311s] Level 1:colcon.colcon_core.package_discovery:discover_packages(prefix_path) check parameters
[0.311s] Level 1:colcon.colcon_core.package_discovery:discover_packages(prefix_path) discover
[0.313s] DEBUG:colcon.colcon_installed_package_information.package_discovery:Found 428 installed packages in /opt/ros/humble
[0.315s] Level 1:colcon.colcon_core.package_discovery:discover_packages(prefix_path) using defaults
[0.353s] Level 5:colcon.colcon_core.verb:set package 'orion' build argument 'cmake_args' from command line to '['-DCMAKE_BUILD_TYPE=Release']'
[0.353s] Level 5:colcon.colcon_core.verb:set package 'orion' build argument 'cmake_target' from command line to 'None'
[0.353s] Level 5:colcon.colcon_core.verb:set package 'orion' build argument 'cmake_target_skip_unavailable' from command line to 'False'
[0.353s] Level 5:colcon.colcon_core.verb:set package 'orion' build argument 'cmake_clean_cache' from command line to 'False'
[0.353s] Level 5:colcon.colcon_core.verb:set package 'orion' build argument 'cmake_clean_first' from command line to 'False'
[0.354s] Level 5:colcon.colcon_core.verb:set package 'orion' build argument 'cmake_force_configure' from command line to 'False'
[0.354s] Level 5:colcon.colcon_core.verb:set package 'orion' build argument 'ament_cmake_args' from command line to 'None'
[0.354s] Level 5:colcon.colcon_core.verb:set package 'orion' build argument 'catkin_cmake_args' from command line to 'None'
[0.354s] Level 5:colcon.colcon_core.verb:set package 'orion' build argument 'catkin_skip_building_tests' from command line to 'False'
[0.354s] DEBUG:colcon.colcon_core.verb:Building package 'orion' with the following arguments: {'ament_cmake_args': None, 'build_base': '/home/huzy/My_OrionManipulator/build/orion', 'catkin_cmake_args': None, 'catkin_skip_building_tests': False, 'cmake_args': ['-DCMAKE_BUILD_TYPE=Release'], 'cmake_clean_cache': False, 'cmake_clean_first': False, 'cmake_force_configure': False, 'cmake_target': None, 'cmake_target_skip_unavailable': False, 'install_base': '/home/huzy/My_OrionManipulator/install/orion', 'merge_install': False, 'path': '/home/huzy/My_OrionManipulator', 'symlink_install': False, 'test_result_base': None}
[0.354s] INFO:colcon.colcon_core.executor:Executing jobs using 'parallel' executor
[0.355s] DEBUG:colcon.colcon_parallel_executor.executor.parallel:run_until_complete
[0.355s] INFO:colcon.colcon_ros.task.ament_cmake.build:Building ROS package in '/home/huzy/My_OrionManipulator' with build type 'ament_cmake'
[0.355s] INFO:colcon.colcon_cmake.task.cmake.build:Building CMake package in '/home/huzy/My_OrionManipulator'
[0.357s] INFO:colcon.colcon_core.plugin_system:Skipping extension 'colcon_core.shell.bat': Not used on non-Windows systems
[0.357s] INFO:colcon.colcon_core.shell:Skip shell extension 'powershell' for command environment: Not usable outside of PowerShell
[0.357s] DEBUG:colcon.colcon_core.shell:Skip shell extension 'dsv' for command environment
[0.615s] DEBUG:colcon.colcon_core.event_handler.log_command:Invoking command in '/home/huzy/My_OrionManipulator/build/orion': CMAKE_PREFIX_PATH=/opt/ros/humble /usr/bin/cmake --build /home/huzy/My_OrionManipulator/build/orion -- -j8 -l8
[9.017s] DEBUG:colcon.colcon_core.event_handler.log_command:Invoked command in '/home/huzy/My_OrionManipulator/build/orion' returned '0': CMAKE_PREFIX_PATH=/opt/ros/humble /usr/bin/cmake --build /home/huzy/My_OrionManipulator/build/orion -- -j8 -l8
[9.035s] DEBUG:colcon.colcon_core.event_handler.log_command:Invoking command in '/home/huzy/My_OrionManipulator/build/orion': CMAKE_PREFIX_PATH=/opt/ros/humble /usr/bin/cmake --install /home/huzy/My_OrionManipulator/build/orion
[9.064s] Level 1:colcon.colcon_core.environment:create_environment_scripts_only(orion)
[9.065s] DEBUG:colcon.colcon_core.event_handler.log_command:Invoked command in '/home/huzy/My_OrionManipulator/build/orion' returned '0': CMAKE_PREFIX_PATH=/opt/ros/humble /usr/bin/cmake --install /home/huzy/My_OrionManipulator/build/orion
[9.066s] Level 1:colcon.colcon_core.environment:checking '/home/huzy/My_OrionManipulator/install/orion' for CMake module files
[9.066s] Level 1:colcon.colcon_core.environment:checking '/home/huzy/My_OrionManipulator/install/orion' for CMake config files
[9.067s] Level 1:colcon.colcon_core.shell:create_environment_hook('orion', 'cmake_prefix_path')
[9.067s] INFO:colcon.colcon_core.shell:Creating environment hook '/home/huzy/My_OrionManipulator/install/orion/share/orion/hook/cmake_prefix_path.ps1'
[9.067s] INFO:colcon.colcon_core.shell:Creating environment descriptor '/home/huzy/My_OrionManipulator/install/orion/share/orion/hook/cmake_prefix_path.dsv'
[9.068s] INFO:colcon.colcon_core.shell:Creating environment hook '/home/huzy/My_OrionManipulator/install/orion/share/orion/hook/cmake_prefix_path.sh'
[9.068s] Level 1:colcon.colcon_core.environment:checking '/home/huzy/My_OrionManipulator/install/orion/lib'
[9.068s] Level 1:colcon.colcon_core.environment:checking '/home/huzy/My_OrionManipulator/install/orion/bin'
[9.068s] Level 1:colcon.colcon_core.environment:checking '/home/huzy/My_OrionManipulator/install/orion/lib/pkgconfig/orion.pc'
[9.069s] Level 1:colcon.colcon_core.environment:checking '/home/huzy/My_OrionManipulator/install/orion/lib/python3.10/site-packages'
[9.069s] Level 1:colcon.colcon_core.environment:checking '/home/huzy/My_OrionManipulator/install/orion/bin'
[9.069s] INFO:colcon.colcon_core.shell:Creating package script '/home/huzy/My_OrionManipulator/install/orion/share/orion/package.ps1'
[9.070s] INFO:colcon.colcon_core.shell:Creating package descriptor '/home/huzy/My_OrionManipulator/install/orion/share/orion/package.dsv'
[9.070s] INFO:colcon.colcon_core.shell:Creating package script '/home/huzy/My_OrionManipulator/install/orion/share/orion/package.sh'
[9.071s] INFO:colcon.colcon_core.shell:Creating package script '/home/huzy/My_OrionManipulator/install/orion/share/orion/package.bash'
[9.071s] INFO:colcon.colcon_core.shell:Creating package script '/home/huzy/My_OrionManipulator/install/orion/share/orion/package.zsh'
[9.072s] Level 1:colcon.colcon_core.environment:create_file_with_runtime_dependencies(/home/huzy/My_OrionManipulator/install/orion/share/colcon-core/packages/orion)
[9.072s] Level 1:colcon.colcon_core.environment:create_environment_scripts_only(orion)
[9.072s] Level 1:colcon.colcon_core.environment:checking '/home/huzy/My_OrionManipulator/install/orion' for CMake module files
[9.073s] Level 1:colcon.colcon_core.environment:checking '/home/huzy/My_OrionManipulator/install/orion' for CMake config files
[9.073s] Level 1:colcon.colcon_core.shell:create_environment_hook('orion', 'cmake_prefix_path')
[9.073s] INFO:colcon.colcon_core.shell:Creating environment hook '/home/huzy/My_OrionManipulator/install/orion/share/orion/hook/cmake_prefix_path.ps1'
[9.073s] INFO:colcon.colcon_core.shell:Creating environment descriptor '/home/huzy/My_OrionManipulator/install/orion/share/orion/hook/cmake_prefix_path.dsv'
[9.074s] INFO:colcon.colcon_core.shell:Creating environment hook '/home/huzy/My_OrionManipulator/install/orion/share/orion/hook/cmake_prefix_path.sh'
[9.074s] Level 1:colcon.colcon_core.environment:checking '/home/huzy/My_OrionManipulator/install/orion/lib'
[9.074s] Level 1:colcon.colcon_core.environment:checking '/home/huzy/My_OrionManipulator/install/orion/bin'
[9.074s] Level 1:colcon.colcon_core.environment:checking '/home/huzy/My_OrionManipulator/install/orion/lib/pkgconfig/orion.pc'
[9.074s] Level 1:colcon.colcon_core.environment:checking '/home/huzy/My_OrionManipulator/install/orion/lib/python3.10/site-packages'
[9.075s] Level 1:colcon.colcon_core.environment:checking '/home/huzy/My_OrionManipulator/install/orion/bin'
[9.075s] INFO:colcon.colcon_core.shell:Creating package script '/home/huzy/My_OrionManipulator/install/orion/share/orion/package.ps1'
[9.075s] INFO:colcon.colcon_core.shell:Creating package descriptor '/home/huzy/My_OrionManipulator/install/orion/share/orion/package.dsv'
[9.076s] INFO:colcon.colcon_core.shell:Creating package script '/home/huzy/My_OrionManipulator/install/orion/share/orion/package.sh'
[9.076s] INFO:colcon.colcon_core.shell:Creating package script '/home/huzy/My_OrionManipulator/install/orion/share/orion/package.bash'
[9.076s] INFO:colcon.colcon_core.shell:Creating package script '/home/huzy/My_OrionManipulator/install/orion/share/orion/package.zsh'
[9.077s] Level 1:colcon.colcon_core.environment:create_file_with_runtime_dependencies(/home/huzy/My_OrionManipulator/install/orion/share/colcon-core/packages/orion)
[9.077s] DEBUG:colcon.colcon_parallel_executor.executor.parallel:closing loop
[9.077s] DEBUG:colcon.colcon_parallel_executor.executor.parallel:loop closed
[9.078s] DEBUG:colcon.colcon_parallel_executor.executor.parallel:run_until_complete finished with '0'
[9.078s] DEBUG:colcon.colcon_core.event_reactor:joining thread
[9.082s] INFO:colcon.colcon_core.plugin_system:Skipping extension 'colcon_notification.desktop_notification.terminal_notifier': Not used on non-Darwin systems
[9.083s] INFO:colcon.colcon_core.plugin_system:Skipping extension 'colcon_notification.desktop_notification.win32': Not used on non-Windows systems
[9.083s] INFO:colcon.colcon_notification.desktop_notification:Sending desktop notification using 'notify2'
[9.093s] DEBUG:colcon.colcon_core.event_reactor:joined thread
[9.094s] INFO:colcon.colcon_core.shell:Creating prefix script '/home/huzy/My_OrionManipulator/install/local_setup.ps1'
[9.095s] INFO:colcon.colcon_core.shell:Creating prefix util module '/home/huzy/My_OrionManipulator/install/_local_setup_util_ps1.py'
[9.096s] INFO:colcon.colcon_core.shell:Creating prefix chain script '/home/huzy/My_OrionManipulator/install/setup.ps1'
[9.097s] INFO:colcon.colcon_core.shell:Creating prefix script '/home/huzy/My_OrionManipulator/install/local_setup.sh'
[9.097s] INFO:colcon.colcon_core.shell:Creating prefix util module '/home/huzy/My_OrionManipulator/install/_local_setup_util_sh.py'
[9.098s] INFO:colcon.colcon_core.shell:Creating prefix chain script '/home/huzy/My_OrionManipulator/install/setup.sh'
[9.099s] INFO:colcon.colcon_core.shell:Creating prefix script '/home/huzy/My_OrionManipulator/install/local_setup.bash'
[9.099s] INFO:colcon.colcon_core.shell:Creating prefix chain script '/home/huzy/My_OrionManipulator/install/setup.bash'
[9.100s] INFO:colcon.colcon_core.shell:Creating prefix script '/home/huzy/My_OrionManipulator/install/local_setup.zsh'
[9.100s] INFO:colcon.colcon_core.shell:Creating prefix chain script '/home/huzy/My_OrionManipulator/install/setup.zsh'
