[0.091s] DEBUG:colcon:Command line arguments: ['/usr/bin/colcon', 'build']
[0.091s] DEBUG:colcon:Parsed command line arguments: Namespace(log_base=None, log_level=None, verb_name='build', build_base='build', install_base='install', merge_install=False, symlink_install=False, test_result_base=None, continue_on_error=False, executor='parallel', parallel_workers=8, event_handlers=None, ignore_user_meta=False, metas=['./colcon.meta'], base_paths=['.'], packages_ignore=None, packages_ignore_regex=None, paths=None, packages_up_to=None, packages_up_to_regex=None, packages_above=None, packages_above_and_dependencies=None, packages_above_depth=None, packages_select_by_dep=None, packages_skip_by_dep=None, packages_skip_up_to=None, packages_select_build_failed=False, packages_skip_build_finished=False, packages_select_test_failures=False, packages_skip_test_passed=False, packages_select=None, packages_skip=None, packages_select_regex=None, packages_skip_regex=None, packages_start=None, packages_end=None, allow_overriding=[], cmake_args=None, cmake_target=None, cmake_target_skip_unavailable=False, cmake_clean_cache=False, cmake_clean_first=False, cmake_force_configure=False, ament_cmake_args=None, catkin_cmake_args=None, catkin_skip_building_tests=False, mixin_files=None, mixin=None, verb_parser=<colcon_mixin.mixin.mixin_argument.MixinArgumentDecorator object at 0x748da746a560>, verb_extension=<colcon_core.verb.build.BuildVerb object at 0x748da758b490>, main=<bound method BuildVerb.main of <colcon_core.verb.build.BuildVerb object at 0x748da758b490>>, mixin_verb=('build',))
[0.212s] Level 1:colcon.colcon_core.package_discovery:discover_packages(colcon_meta) check parameters
[0.212s] Level 1:colcon.colcon_core.package_discovery:discover_packages(recursive) check parameters
[0.212s] Level 1:colcon.colcon_core.package_discovery:discover_packages(ignore) check parameters
[0.212s] Level 1:colcon.colcon_core.package_discovery:discover_packages(path) check parameters
[0.212s] Level 1:colcon.colcon_core.package_discovery:discover_packages(colcon_meta) discover
[0.212s] Level 1:colcon.colcon_core.package_discovery:discover_packages(recursive) discover
[0.212s] INFO:colcon.colcon_core.package_discovery:Crawling recursively for packages in '/home/huzy/orion'
[0.212s] Level 1:colcon.colcon_core.package_identification:_identify(.) by extensions ['ignore', 'ignore_ament_install']
[0.213s] Level 1:colcon.colcon_core.package_identification:_identify(.) by extension 'ignore'
[0.213s] Level 1:colcon.colcon_core.package_identification:_identify(.) by extension 'ignore_ament_install'
[0.213s] Level 1:colcon.colcon_core.package_identification:_identify(.) by extensions ['colcon_pkg']
[0.213s] Level 1:colcon.colcon_core.package_identification:_identify(.) by extension 'colcon_pkg'
[0.213s] Level 1:colcon.colcon_core.package_identification:_identify(.) by extensions ['colcon_meta']
[0.213s] Level 1:colcon.colcon_core.package_identification:_identify(.) by extension 'colcon_meta'
[0.213s] Level 1:colcon.colcon_core.package_identification:_identify(.) by extensions ['ros']
[0.213s] Level 1:colcon.colcon_core.package_identification:_identify(.) by extension 'ros'
[0.232s] DEBUG:colcon.colcon_core.package_identification:Package '.' with type 'ros.ament_cmake' and name 'orion'
[0.233s] Level 1:colcon.colcon_core.package_discovery:discover_packages(recursive) using defaults
[0.233s] Level 1:colcon.colcon_core.package_discovery:discover_packages(ignore) discover
[0.233s] Level 1:colcon.colcon_core.package_discovery:discover_packages(ignore) using defaults
[0.233s] Level 1:colcon.colcon_core.package_discovery:discover_packages(path) discover
[0.233s] Level 1:colcon.colcon_core.package_discovery:discover_packages(path) using defaults
[0.246s] Level 1:colcon.colcon_core.package_discovery:discover_packages(prefix_path) check parameters
[0.247s] Level 1:colcon.colcon_core.package_discovery:discover_packages(prefix_path) discover
[0.248s] DEBUG:colcon.colcon_installed_package_information.package_discovery:Found 1 installed packages in /home/huzy/orion/install
[0.250s] DEBUG:colcon.colcon_installed_package_information.package_discovery:Found 428 installed packages in /opt/ros/humble
[0.251s] Level 1:colcon.colcon_core.package_discovery:discover_packages(prefix_path) using defaults
[0.285s] Level 5:colcon.colcon_core.verb:set package 'orion' build argument 'cmake_args' from command line to 'None'
[0.285s] Level 5:colcon.colcon_core.verb:set package 'orion' build argument 'cmake_target' from command line to 'None'
[0.285s] Level 5:colcon.colcon_core.verb:set package 'orion' build argument 'cmake_target_skip_unavailable' from command line to 'False'
[0.285s] Level 5:colcon.colcon_core.verb:set package 'orion' build argument 'cmake_clean_cache' from command line to 'False'
[0.285s] Level 5:colcon.colcon_core.verb:set package 'orion' build argument 'cmake_clean_first' from command line to 'False'
[0.285s] Level 5:colcon.colcon_core.verb:set package 'orion' build argument 'cmake_force_configure' from command line to 'False'
[0.285s] Level 5:colcon.colcon_core.verb:set package 'orion' build argument 'ament_cmake_args' from command line to 'None'
[0.285s] Level 5:colcon.colcon_core.verb:set package 'orion' build argument 'catkin_cmake_args' from command line to 'None'
[0.285s] Level 5:colcon.colcon_core.verb:set package 'orion' build argument 'catkin_skip_building_tests' from command line to 'False'
[0.285s] DEBUG:colcon.colcon_core.verb:Building package 'orion' with the following arguments: {'ament_cmake_args': None, 'build_base': '/home/huzy/orion/build/orion', 'catkin_cmake_args': None, 'catkin_skip_building_tests': False, 'cmake_args': None, 'cmake_clean_cache': False, 'cmake_clean_first': False, 'cmake_force_configure': False, 'cmake_target': None, 'cmake_target_skip_unavailable': False, 'install_base': '/home/huzy/orion/install/orion', 'merge_install': False, 'path': '/home/huzy/orion', 'symlink_install': False, 'test_result_base': None}
[0.285s] INFO:colcon.colcon_core.executor:Executing jobs using 'parallel' executor
[0.286s] DEBUG:colcon.colcon_parallel_executor.executor.parallel:run_until_complete
[0.287s] INFO:colcon.colcon_ros.task.ament_cmake.build:Building ROS package in '/home/huzy/orion' with build type 'ament_cmake'
[0.287s] INFO:colcon.colcon_cmake.task.cmake.build:Building CMake package in '/home/huzy/orion'
[0.289s] INFO:colcon.colcon_core.plugin_system:Skipping extension 'colcon_core.shell.bat': Not used on non-Windows systems
[0.289s] INFO:colcon.colcon_core.shell:Skip shell extension 'powershell' for command environment: Not usable outside of PowerShell
[0.289s] DEBUG:colcon.colcon_core.shell:Skip shell extension 'dsv' for command environment
[0.299s] DEBUG:colcon.colcon_core.event_handler.log_command:Invoking command in '/home/huzy/orion/build/orion': CMAKE_PREFIX_PATH=${CMAKE_PREFIX_PATH}:/opt/ros/humble /usr/bin/cmake --build /home/huzy/orion/build/orion -- -j8 -l8
[0.334s] DEBUG:colcon.colcon_core.event_handler.log_command:Invoked command in '/home/huzy/orion/build/orion' returned '0': CMAKE_PREFIX_PATH=${CMAKE_PREFIX_PATH}:/opt/ros/humble /usr/bin/cmake --build /home/huzy/orion/build/orion -- -j8 -l8
[0.344s] DEBUG:colcon.colcon_core.event_handler.log_command:Invoking command in '/home/huzy/orion/build/orion': CMAKE_PREFIX_PATH=${CMAKE_PREFIX_PATH}:/opt/ros/humble /usr/bin/cmake --install /home/huzy/orion/build/orion
[0.354s] Level 1:colcon.colcon_core.environment:create_environment_scripts_only(orion)
[0.354s] DEBUG:colcon.colcon_core.event_handler.log_command:Invoked command in '/home/huzy/orion/build/orion' returned '0': CMAKE_PREFIX_PATH=${CMAKE_PREFIX_PATH}:/opt/ros/humble /usr/bin/cmake --install /home/huzy/orion/build/orion
[0.356s] Level 1:colcon.colcon_core.environment:checking '/home/huzy/orion/install/orion' for CMake module files
[0.356s] Level 1:colcon.colcon_core.environment:checking '/home/huzy/orion/install/orion' for CMake config files
[0.357s] Level 1:colcon.colcon_core.shell:create_environment_hook('orion', 'cmake_prefix_path')
[0.357s] INFO:colcon.colcon_core.shell:Creating environment hook '/home/huzy/orion/install/orion/share/orion/hook/cmake_prefix_path.ps1'
[0.357s] INFO:colcon.colcon_core.shell:Creating environment descriptor '/home/huzy/orion/install/orion/share/orion/hook/cmake_prefix_path.dsv'
[0.358s] INFO:colcon.colcon_core.shell:Creating environment hook '/home/huzy/orion/install/orion/share/orion/hook/cmake_prefix_path.sh'
[0.359s] Level 1:colcon.colcon_core.environment:checking '/home/huzy/orion/install/orion/lib'
[0.359s] Level 1:colcon.colcon_core.environment:checking '/home/huzy/orion/install/orion/bin'
[0.359s] Level 1:colcon.colcon_core.environment:checking '/home/huzy/orion/install/orion/lib/pkgconfig/orion.pc'
[0.359s] Level 1:colcon.colcon_core.environment:checking '/home/huzy/orion/install/orion/lib/python3.10/site-packages'
[0.359s] Level 1:colcon.colcon_core.environment:checking '/home/huzy/orion/install/orion/bin'
[0.360s] INFO:colcon.colcon_core.shell:Creating package script '/home/huzy/orion/install/orion/share/orion/package.ps1'
[0.360s] INFO:colcon.colcon_core.shell:Creating package descriptor '/home/huzy/orion/install/orion/share/orion/package.dsv'
[0.361s] INFO:colcon.colcon_core.shell:Creating package script '/home/huzy/orion/install/orion/share/orion/package.sh'
[0.361s] INFO:colcon.colcon_core.shell:Creating package script '/home/huzy/orion/install/orion/share/orion/package.bash'
[0.362s] INFO:colcon.colcon_core.shell:Creating package script '/home/huzy/orion/install/orion/share/orion/package.zsh'
[0.363s] Level 1:colcon.colcon_core.environment:create_file_with_runtime_dependencies(/home/huzy/orion/install/orion/share/colcon-core/packages/orion)
[0.363s] Level 1:colcon.colcon_core.environment:create_environment_scripts_only(orion)
[0.363s] Level 1:colcon.colcon_core.environment:checking '/home/huzy/orion/install/orion' for CMake module files
[0.364s] Level 1:colcon.colcon_core.environment:checking '/home/huzy/orion/install/orion' for CMake config files
[0.364s] Level 1:colcon.colcon_core.shell:create_environment_hook('orion', 'cmake_prefix_path')
[0.364s] INFO:colcon.colcon_core.shell:Creating environment hook '/home/huzy/orion/install/orion/share/orion/hook/cmake_prefix_path.ps1'
[0.365s] INFO:colcon.colcon_core.shell:Creating environment descriptor '/home/huzy/orion/install/orion/share/orion/hook/cmake_prefix_path.dsv'
[0.365s] INFO:colcon.colcon_core.shell:Creating environment hook '/home/huzy/orion/install/orion/share/orion/hook/cmake_prefix_path.sh'
[0.366s] Level 1:colcon.colcon_core.environment:checking '/home/huzy/orion/install/orion/lib'
[0.366s] Level 1:colcon.colcon_core.environment:checking '/home/huzy/orion/install/orion/bin'
[0.366s] Level 1:colcon.colcon_core.environment:checking '/home/huzy/orion/install/orion/lib/pkgconfig/orion.pc'
[0.366s] Level 1:colcon.colcon_core.environment:checking '/home/huzy/orion/install/orion/lib/python3.10/site-packages'
[0.366s] Level 1:colcon.colcon_core.environment:checking '/home/huzy/orion/install/orion/bin'
[0.366s] INFO:colcon.colcon_core.shell:Creating package script '/home/huzy/orion/install/orion/share/orion/package.ps1'
[0.367s] INFO:colcon.colcon_core.shell:Creating package descriptor '/home/huzy/orion/install/orion/share/orion/package.dsv'
[0.367s] INFO:colcon.colcon_core.shell:Creating package script '/home/huzy/orion/install/orion/share/orion/package.sh'
[0.368s] INFO:colcon.colcon_core.shell:Creating package script '/home/huzy/orion/install/orion/share/orion/package.bash'
[0.368s] INFO:colcon.colcon_core.shell:Creating package script '/home/huzy/orion/install/orion/share/orion/package.zsh'
[0.368s] Level 1:colcon.colcon_core.environment:create_file_with_runtime_dependencies(/home/huzy/orion/install/orion/share/colcon-core/packages/orion)
[0.369s] DEBUG:colcon.colcon_parallel_executor.executor.parallel:closing loop
[0.369s] DEBUG:colcon.colcon_parallel_executor.executor.parallel:loop closed
[0.369s] DEBUG:colcon.colcon_parallel_executor.executor.parallel:run_until_complete finished with '0'
[0.370s] DEBUG:colcon.colcon_core.event_reactor:joining thread
[0.374s] INFO:colcon.colcon_core.plugin_system:Skipping extension 'colcon_notification.desktop_notification.terminal_notifier': Not used on non-Darwin systems
[0.374s] INFO:colcon.colcon_core.plugin_system:Skipping extension 'colcon_notification.desktop_notification.win32': Not used on non-Windows systems
[0.374s] INFO:colcon.colcon_notification.desktop_notification:Sending desktop notification using 'notify2'
[0.384s] DEBUG:colcon.colcon_core.event_reactor:joined thread
[0.385s] INFO:colcon.colcon_core.shell:Creating prefix script '/home/huzy/orion/install/local_setup.ps1'
[0.386s] INFO:colcon.colcon_core.shell:Creating prefix util module '/home/huzy/orion/install/_local_setup_util_ps1.py'
[0.387s] INFO:colcon.colcon_core.shell:Creating prefix chain script '/home/huzy/orion/install/setup.ps1'
[0.388s] INFO:colcon.colcon_core.shell:Creating prefix script '/home/huzy/orion/install/local_setup.sh'
[0.388s] INFO:colcon.colcon_core.shell:Creating prefix util module '/home/huzy/orion/install/_local_setup_util_sh.py'
[0.389s] INFO:colcon.colcon_core.shell:Creating prefix chain script '/home/huzy/orion/install/setup.sh'
[0.390s] INFO:colcon.colcon_core.shell:Creating prefix script '/home/huzy/orion/install/local_setup.bash'
[0.390s] INFO:colcon.colcon_core.shell:Creating prefix chain script '/home/huzy/orion/install/setup.bash'
[0.391s] INFO:colcon.colcon_core.shell:Creating prefix script '/home/huzy/orion/install/local_setup.zsh'
[0.392s] INFO:colcon.colcon_core.shell:Creating prefix chain script '/home/huzy/orion/install/setup.zsh'
