[0.011s] Invoking command in '/home/huzy/orion/build/orion': CMAKE_PREFIX_PATH=${CMAKE_PREFIX_PATH}:/opt/ros/humble /usr/bin/cmake /home/huzy/orion -DCMAKE_INSTALL_PREFIX=/home/huzy/orion/install/orion
[0.087s] -- The C compiler identification is GNU 11.4.0
[0.150s] -- The CXX compiler identification is GNU 11.4.0
[0.156s] -- Detecting C compiler ABI info
[0.222s] -- Detecting C compiler ABI info - done
[0.227s] -- Check for working C compiler: /usr/bin/cc - skipped
[0.227s] -- Detecting C compile features
[0.227s] -- Detecting C compile features - done
[0.229s] -- Detecting CXX compiler ABI info
[0.301s] -- Detecting CXX compiler ABI info - done
[0.306s] -- Check for working CXX compiler: /usr/bin/c++ - skipped
[0.306s] -- Detecting CXX compile features
[0.306s] -- Detecting CXX compile features - done
[0.309s] -- Found ament_cmake: 1.3.12 (/opt/ros/humble/share/ament_cmake/cmake)
[0.448s] -- Found Python3: /usr/bin/python3 (found version "3.10.12") found components: Interpreter 
[0.581s] -- Configuring done
[0.584s] -- Generating done
[0.586s] -- Build files have been written to: /home/huzy/orion/build/orion
[0.590s] Invoked command in '/home/huzy/orion/build/orion' returned '0': CMAKE_PREFIX_PATH=${CMAKE_PREFIX_PATH}:/opt/ros/humble /usr/bin/cmake /home/huzy/orion -DCMAKE_INSTALL_PREFIX=/home/huzy/orion/install/orion
[0.593s] Invoking command in '/home/huzy/orion/build/orion': CMAKE_PREFIX_PATH=${CMAKE_PREFIX_PATH}:/opt/ros/humble /usr/bin/cmake --build /home/huzy/orion/build/orion -- -j8 -l8
[0.628s] Invoked command in '/home/huzy/orion/build/orion' returned '0': CMAKE_PREFIX_PATH=${CMAKE_PREFIX_PATH}:/opt/ros/humble /usr/bin/cmake --build /home/huzy/orion/build/orion -- -j8 -l8
[0.637s] Invoking command in '/home/huzy/orion/build/orion': CMAKE_PREFIX_PATH=${CMAKE_PREFIX_PATH}:/opt/ros/humble /usr/bin/cmake --install /home/huzy/orion/build/orion
[0.644s] -- Install configuration: ""
[0.644s] -- Installing: /home/huzy/orion/install/orion/share/orion/config
[0.645s] -- Installing: /home/huzy/orion/install/orion/share/orion/config/ompl_planning.yaml
[0.645s] -- Installing: /home/huzy/orion/install/orion/share/orion/config/sensors_3d.yaml
[0.645s] -- Installing: /home/huzy/orion/install/orion/share/orion/config/urdf.rviz
[0.645s] -- Installing: /home/huzy/orion/install/orion/share/orion/config/joint_limits.yaml
[0.645s] -- Installing: /home/huzy/orion/install/orion/share/orion/config/joint_names_orion.yaml
[0.646s] -- Installing: /home/huzy/orion/install/orion/share/orion/config/kinematics.yaml
[0.646s] -- Installing: /home/huzy/orion/install/orion/share/orion/config/orion.srdf
[0.646s] -- Installing: /home/huzy/orion/install/orion/share/orion/config/moveit_controllers.yaml
[0.646s] -- Installing: /home/huzy/orion/install/orion/share/orion/launch
[0.646s] -- Installing: /home/huzy/orion/install/orion/share/orion/launch/moveit_pybullet.launch.py
[0.646s] -- Installing: /home/huzy/orion/install/orion/share/orion/launch/moveit.rviz
[0.646s] -- Installing: /home/huzy/orion/install/orion/share/orion/meshes
[0.646s] -- Installing: /home/huzy/orion/install/orion/share/orion/meshes/Link4.STL
[0.653s] -- Installing: /home/huzy/orion/install/orion/share/orion/meshes/Link6.STL
[0.653s] -- Installing: /home/huzy/orion/install/orion/share/orion/meshes/Link1.STL
[0.654s] -- Installing: /home/huzy/orion/install/orion/share/orion/meshes/base_link.STL
[0.655s] -- Installing: /home/huzy/orion/install/orion/share/orion/meshes/Link3.STL
[0.656s] -- Installing: /home/huzy/orion/install/orion/share/orion/meshes/Link2.STL
[0.658s] -- Installing: /home/huzy/orion/install/orion/share/orion/meshes/Link7.STL
[0.658s] -- Installing: /home/huzy/orion/install/orion/share/orion/meshes/Link5.STL
[0.659s] -- Installing: /home/huzy/orion/install/orion/share/orion/meshes/Link8.STL
[0.659s] -- Installing: /home/huzy/orion/install/orion/share/orion/urdf
[0.659s] -- Installing: /home/huzy/orion/install/orion/share/orion/urdf/orion.csv
[0.659s] -- Installing: /home/huzy/orion/install/orion/share/orion/urdf/orion.urdf
[0.660s] -- Installing: /home/huzy/orion/install/orion/share/orion/.setup_assistant
[0.660s] -- Installing: /home/huzy/orion/install/orion/lib/orion/pybullet_follow_joint_trajectory_server.py
[0.660s] -- Installing: /home/huzy/orion/install/orion/share/ament_index/resource_index/package_run_dependencies/orion
[0.660s] -- Installing: /home/huzy/orion/install/orion/share/ament_index/resource_index/parent_prefix_path/orion
[0.660s] -- Installing: /home/huzy/orion/install/orion/share/orion/environment/ament_prefix_path.sh
[0.660s] -- Installing: /home/huzy/orion/install/orion/share/orion/environment/ament_prefix_path.dsv
[0.660s] -- Installing: /home/huzy/orion/install/orion/share/orion/environment/path.sh
[0.660s] -- Installing: /home/huzy/orion/install/orion/share/orion/environment/path.dsv
[0.660s] -- Installing: /home/huzy/orion/install/orion/share/orion/local_setup.bash
[0.661s] -- Installing: /home/huzy/orion/install/orion/share/orion/local_setup.sh
[0.661s] -- Installing: /home/huzy/orion/install/orion/share/orion/local_setup.zsh
[0.661s] -- Installing: /home/huzy/orion/install/orion/share/orion/local_setup.dsv
[0.661s] -- Installing: /home/huzy/orion/install/orion/share/orion/package.dsv
[0.661s] -- Installing: /home/huzy/orion/install/orion/share/ament_index/resource_index/packages/orion
[0.661s] -- Installing: /home/huzy/orion/install/orion/share/orion/cmake/orionConfig.cmake
[0.661s] -- Installing: /home/huzy/orion/install/orion/share/orion/cmake/orionConfig-version.cmake
[0.661s] -- Installing: /home/huzy/orion/install/orion/share/orion/package.xml
[0.663s] Invoked command in '/home/huzy/orion/build/orion' returned '0': CMAKE_PREFIX_PATH=${CMAKE_PREFIX_PATH}:/opt/ros/humble /usr/bin/cmake --install /home/huzy/orion/build/orion
